#
# There is insufficient memory for the Java Runtime Environment to continue.
# Native memory allocation (mmap) failed to map 58720256 bytes for committing reserved memory.
# Possible reasons:
#   The system is out of physical RAM or swap space
#   In 32 bit mode, the process size limit was hit
# Possible solutions:
#   Reduce memory load on the system
#   Increase physical memory or swap space
#   Check if swap backing store is full
#   Use 64 bit Java on a 64 bit OS
#   Decrease Java heap size (-Xmx/-Xms)
#   Decrease number of Java threads
#   Decrease Java thread stack sizes (-Xss)
#   Set larger code cache with -XX:ReservedCodeCacheSize=
# This output file may be truncated or incomplete.
#
#  Out of Memory Error (os_linux.cpp:2627), pid=17989, tid=1672477504
#
# JRE version: Java(TM) SE Runtime Environment (8.0_60-b27) (build 1.8.0_60-b27)
# Java VM: Java HotSpot(TM) Server VM (25.60-b23 mixed mode linux-x86 )
# Failed to write core dump. Core dumps have been disabled. To enable core dumping, try "ulimit -c unlimited" before starting Java again
#

---------------  T H R E A D  ---------------

Current thread (0x63b80800):  VMThread [stack: 0x63a7f000,0x63b00000] [id=18001]

Stack: [0x63a7f000,0x63b00000],  sp=0x63afe9b0,  free space=510k
Native frames: (J=compiled Java code, j=interpreted, Vv=VM code, C=native code)
V  [libjvm.so+0x8cd06f]  VMError::report_and_die()+0x16f
V  [libjvm.so+0x38bea5]  report_vm_out_of_memory(char const*, int, unsigned int, VMErrorType, char const*)+0x55
V  [libjvm.so+0x750e26]  os::Linux::commit_memory_impl(char*, unsigned int, bool)+0xe6
V  [libjvm.so+0x7512f8]  os::pd_commit_memory(char*, unsigned int, unsigned int, bool)+0x28
V  [libjvm.so+0x74b21c]  os::commit_memory(char*, unsigned int, unsigned int, bool)+0x2c
V  [libjvm.so+0x7b5818]  PSVirtualSpace::expand_by(unsigned int)+0x48
V  [libjvm.so+0x7b691a]  PSYoungGen::resize_generation(unsigned int, unsigned int)+0xda
V  [libjvm.so+0x7b5c49]  PSYoungGen::resize(unsigned int, unsigned int)+0x19
V  [libjvm.so+0x7b3575]  PSScavenge::invoke_no_policy()+0xd15
V  [libjvm.so+0x7b3d38]  PSScavenge::invoke()+0x28
V  [libjvm.so+0x77280a]  ParallelScavengeHeap::failed_mem_allocate(unsigned int)+0x5a
V  [libjvm.so+0x8ceb3a]  VM_ParallelGCFailedAllocation::doit()+0x7a
V  [libjvm.so+0x8d8147]  VM_Operation::evaluate()+0x47
V  [libjvm.so+0x8d6223]  VMThread::evaluate_operation(VM_Operation*)+0xb3
V  [libjvm.so+0x8d65c0]  VMThread::loop()+0x1b0
V  [libjvm.so+0x8d6a25]  VMThread::run()+0x85
V  [libjvm.so+0x753469]  java_start(Thread*)+0x119
C  [libpthread.so.0+0x617f]  start_thread+0xcf

VM_Operation (0xb66c0ab4): ParallelGCFailedAllocation, mode: safepoint, requested by thread 0xb6507c00


---------------  P R O C E S S  ---------------

Java Threads: ( => current thread )
  0x63babc00 JavaThread "Service Thread" daemon [_thread_blocked, id=18008, stack(0x6381f000,0x63870000)]
  0x63ba8800 JavaThread "C1 CompilerThread2" daemon [_thread_blocked, id=18007, stack(0x6344d000,0x634ce000)]
  0x63ba7000 JavaThread "C2 CompilerThread1" daemon [_thread_blocked, id=18006, stack(0x634ce000,0x6354f000)]
  0x63ba5400 JavaThread "C2 CompilerThread0" daemon [_thread_blocked, id=18005, stack(0x6354f000,0x635d0000)]
  0x63ba3c00 JavaThread "Signal Dispatcher" daemon [_thread_blocked, id=18004, stack(0x63870000,0x638c1000)]
  0x63b85400 JavaThread "Finalizer" daemon [_thread_blocked, id=18003, stack(0x6682e000,0x6687f000)]
  0x63b83c00 JavaThread "Reference Handler" daemon [_thread_blocked, id=18002, stack(0x63a2e000,0x63a7f000)]
  0xb6507c00 JavaThread "main" [_thread_blocked, id=17994, stack(0xb6671000,0xb66c2000)]

Other Threads:
=>0x63b80800 VMThread [stack: 0x63a7f000,0x63b00000] [id=18001]
  0x63baec00 WatcherThread [stack: 0x633cc000,0x6344d000] [id=18009]

VM state:at safepoint (normal execution)

VM Mutex/Monitor currently owned by a thread:  ([mutex/lock_event])
[0xb6505460] Threads_lock - owner thread: 0x63b80800
[0xb6505870] Heap_lock - owner thread: 0xb6507c00

Heap:
 PSYoungGen      total 35840K, used 2404K [0x91ac0000, 0x94040000, 0xa7000000)
  eden space 33280K, 0% used [0x91ac0000,0x91ac0000,0x93b40000)
  from space 2560K, 93% used [0x93b40000,0x93d99330,0x93dc0000)
  to   space 2560K, 0% used [0x93dc0000,0x93dc0000,0x94040000)
 ParOldGen       total 48640K, used 15326K [0x67000000, 0x69f80000, 0x91ac0000)
  object space 48640K, 31% used [0x67000000,0x67ef7b20,0x69f80000)
 Metaspace       used 4953K, capacity 4972K, committed 5016K, reserved 5424K

Card table byte_map: [0x66dff000,0x67000000] byte_map_base: 0x66ac7000

Marking Bits: (ParMarkBitMap*) 0xb710d380
 Begin Bits: [0x64700000, 0x65700000)
 End Bits:   [0x65700000, 0x66700000)

Polling page: 0xb7723000

CodeCache: size=245760Kb used=3837Kb max_used=3837Kb free=241922Kb
 bounds [0xa74cb000, 0xa7893000, 0xb64cb000]
 total_blobs=1848 nmethods=1670 adapters=90
 compilation: enabled

Compilation events (10 events):
Event: 2,824 Thread 0x63ba7000 nmethod 1690 0xa78798c8 code [0xa78799e0, 0xa7879bf0]
Event: 2,824 Thread 0x63ba7000 1704       4       com.android.dx.io.instructions.InstructionCodec$10::decode (50 bytes)
Event: 2,825 Thread 0x63ba5400 nmethod 1691 0xa78792c8 code [0xa78793e0, 0xa78795b0]
Event: 2,825 Thread 0x63ba5400 1705       4       com.android.dx.io.instructions.InstructionCodec$10::encode (30 bytes)
Event: 2,827 Thread 0x63ba7000 nmethod 1704 0xa787afc8 code [0xa787b0e0, 0xa787b2d0]
Event: 2,827 Thread 0x63ba7000 1706       4       com.android.dx.io.instructions.InstructionCodec$4::decode (41 bytes)
Event: 2,828 Thread 0x63ba5400 nmethod 1705 0xa7886848 code [0xa7886960, 0xa7886b10]
Event: 2,828 Thread 0x63ba5400 1707       4       com.android.dx.io.instructions.InstructionCodec$4::encode (25 bytes)
Event: 2,830 Thread 0x63ba7000 nmethod 1706 0xa7886508 code [0xa7886600, 0xa7886730]
Event: 2,830 Thread 0x63ba7000 1711       4       com.android.dx.merge.DexMerger::transformMethods (126 bytes)

GC Heap History (10 events):
Event: 1,362 GC heap after
Heap after GC invocations=1 (full 0):
 PSYoungGen      total 19200K, used 2558K [0x91ac0000, 0x93000000, 0xa7000000)
  eden space 16640K, 0% used [0x91ac0000,0x91ac0000,0x92b00000)
  from space 2560K, 99% used [0x92b00000,0x92d7f8d0,0x92d80000)
  to   space 2560K, 0% used [0x92d80000,0x92d80000,0x93000000)
 ParOldGen       total 43776K, used 2000K [0x67000000, 0x69ac0000, 0x91ac0000)
  object space 43776K, 4% used [0x67000000,0x671f41a0,0x69ac0000)
 Metaspace       used 3625K, capacity 3648K, committed 3736K, reserved 4400K
}
Event: 2,180 GC heap before
{Heap before GC invocations=2 (full 0):
 PSYoungGen      total 19200K, used 19198K [0x91ac0000, 0x93000000, 0xa7000000)
  eden space 16640K, 100% used [0x91ac0000,0x92b00000,0x92b00000)
  from space 2560K, 99% used [0x92b00000,0x92d7f8d0,0x92d80000)
  to   space 2560K, 0% used [0x92d80000,0x92d80000,0x93000000)
 ParOldGen       total 43776K, used 2000K [0x67000000, 0x69ac0000, 0x91ac0000)
  object space 43776K, 4% used [0x67000000,0x671f41a0,0x69ac0000)
 Metaspace       used 4883K, capacity 4940K, committed 5016K, reserved 5424K
Event: 2,189 GC heap after
Heap after GC invocations=2 (full 0):
 PSYoungGen      total 19200K, used 2559K [0x91ac0000, 0x93000000, 0xa7000000)
  eden space 16640K, 0% used [0x91ac0000,0x91ac0000,0x92b00000)
  from space 2560K, 99% used [0x92d80000,0x92ffff70,0x93000000)
  to   space 2560K, 0% used [0x92b00000,0x92b00000,0x92d80000)
 ParOldGen       total 43776K, used 5639K [0x67000000, 0x69ac0000, 0x91ac0000)
  object space 43776K, 12% used [0x67000000,0x67581d90,0x69ac0000)
 Metaspace       used 4883K, capacity 4940K, committed 5016K, reserved 5424K
}
Event: 2,426 GC heap before
{Heap before GC invocations=3 (full 0):
 PSYoungGen      total 19200K, used 19199K [0x91ac0000, 0x93000000, 0xa7000000)
  eden space 16640K, 100% used [0x91ac0000,0x92b00000,0x92b00000)
  from space 2560K, 99% used [0x92d80000,0x92ffff70,0x93000000)
  to   space 2560K, 0% used [0x92b00000,0x92b00000,0x92d80000)
 ParOldGen       total 43776K, used 5639K [0x67000000, 0x69ac0000, 0x91ac0000)
  object space 43776K, 12% used [0x67000000,0x67581d90,0x69ac0000)
 Metaspace       used 4931K, capacity 4972K, committed 5016K, reserved 5424K
Event: 2,441 GC heap after
Heap after GC invocations=3 (full 0):
 PSYoungGen      total 19200K, used 2559K [0x91ac0000, 0x94040000, 0xa7000000)
  eden space 16640K, 0% used [0x91ac0000,0x91ac0000,0x92b00000)
  from space 2560K, 99% used [0x92b00000,0x92d7ff70,0x92d80000)
  to   space 2560K, 0% used [0x93dc0000,0x93dc0000,0x94040000)
 ParOldGen       total 43776K, used 12369K [0x67000000, 0x69ac0000, 0x91ac0000)
  object space 43776K, 28% used [0x67000000,0x67c146c0,0x69ac0000)
 Metaspace       used 4931K, capacity 4972K, committed 5016K, reserved 5424K
}
Event: 2,555 GC heap before
{Heap before GC invocations=4 (full 0):
 PSYoungGen      total 19200K, used 19199K [0x91ac0000, 0x94040000, 0xa7000000)
  eden space 16640K, 100% used [0x91ac0000,0x92b00000,0x92b00000)
  from space 2560K, 99% used [0x92b00000,0x92d7ff70,0x92d80000)
  to   space 2560K, 0% used [0x93dc0000,0x93dc0000,0x94040000)
 ParOldGen       total 43776K, used 12369K [0x67000000, 0x69ac0000, 0x91ac0000)
  object space 43776K, 28% used [0x67000000,0x67c146c0,0x69ac0000)
 Metaspace       used 4939K, capacity 4972K, committed 5016K, reserved 5424K
Event: 2,583 GC heap after
Heap after GC invocations=4 (full 0):
 PSYoungGen      total 35840K, used 2554K [0x91ac0000, 0x94040000, 0xa7000000)
  eden space 33280K, 0% used [0x91ac0000,0x91ac0000,0x93b40000)
  from space 2560K, 99% used [0x93dc0000,0x9403e848,0x94040000)
  to   space 2560K, 0% used [0x93b40000,0x93b40000,0x93dc0000)
 ParOldGen       total 43776K, used 28050K [0x67000000, 0x69ac0000, 0x91ac0000)
  object space 43776K, 64% used [0x67000000,0x68b64a18,0x69ac0000)
 Metaspace       used 4939K, capacity 4972K, committed 5016K, reserved 5424K
}
Event: 2,583 GC heap before
{Heap before GC invocations=5 (full 1):
 PSYoungGen      total 35840K, used 2554K [0x91ac0000, 0x94040000, 0xa7000000)
  eden space 33280K, 0% used [0x91ac0000,0x91ac0000,0x93b40000)
  from space 2560K, 99% used [0x93dc0000,0x9403e848,0x94040000)
  to   space 2560K, 0% used [0x93b40000,0x93b40000,0x93dc0000)
 ParOldGen       total 43776K, used 28050K [0x67000000, 0x69ac0000, 0x91ac0000)
  object space 43776K, 64% used [0x67000000,0x68b64a18,0x69ac0000)
 Metaspace       used 4939K, capacity 4972K, committed 5016K, reserved 5424K
Event: 2,629 GC heap after
Heap after GC invocations=5 (full 1):
 PSYoungGen      total 35840K, used 0K [0x91ac0000, 0x94040000, 0xa7000000)
  eden space 33280K, 0% used [0x91ac0000,0x91ac0000,0x93b40000)
  from space 2560K, 0% used [0x93dc0000,0x93dc0000,0x94040000)
  to   space 2560K, 0% used [0x93b40000,0x93b40000,0x93dc0000)
 ParOldGen       total 48640K, used 11932K [0x67000000, 0x69f80000, 0x91ac0000)
  object space 48640K, 24% used [0x67000000,0x67ba71e0,0x69f80000)
 Metaspace       used 4939K, capacity 4972K, committed 5016K, reserved 5424K
}
Event: 2,830 GC heap before
{Heap before GC invocations=6 (full 1):
 PSYoungGen      total 35840K, used 33280K [0x91ac0000, 0x94040000, 0xa7000000)
  eden space 33280K, 100% used [0x91ac0000,0x93b40000,0x93b40000)
  from space 2560K, 0% used [0x93dc0000,0x93dc0000,0x94040000)
  to   space 2560K, 0% used [0x93b40000,0x93b40000,0x93dc0000)
 ParOldGen       total 48640K, used 11932K [0x67000000, 0x69f80000, 0x91ac0000)
  object space 48640K, 24% used [0x67000000,0x67ba71e0,0x69f80000)
 Metaspace       used 4953K, capacity 4972K, committed 5016K, reserved 5424K

Deoptimization events (10 events):
Event: 1,868 Thread 0xb6507c00 Uncommon trap: reason=unstable_if action=reinterpret pc=0xa771718c method=java.util.HashMap.putVal(ILjava/lang/Object;Ljava/lang/Object;ZZ)Ljava/lang/Object; @ 162
Event: 1,868 Thread 0xb6507c00 Uncommon trap: reason=unstable_if action=reinterpret pc=0xa7716614 method=java.util.HashMap.putVal(ILjava/lang/Object;Ljava/lang/Object;ZZ)Ljava/lang/Object; @ 162
Event: 2,015 Thread 0xb6507c00 Uncommon trap: reason=unstable_if action=reinterpret pc=0xa775fce8 method=sun.misc.URLClassPath.getLoader(I)Lsun/misc/URLClassPath$Loader; @ 36
Event: 2,015 Thread 0xb6507c00 Uncommon trap: reason=unstable_if action=reinterpret pc=0xa775c63c method=sun.misc.URLClassPath.getLoader(I)Lsun/misc/URLClassPath$Loader; @ 36
Event: 2,015 Thread 0xb6507c00 Uncommon trap: reason=unstable_if action=reinterpret pc=0xa75f04ec method=sun.misc.MetaIndex.mayContain(Ljava/lang/String;)Z @ 13
Event: 2,100 Thread 0xb6507c00 Uncommon trap: reason=unstable_if action=reinterpret pc=0xa773270c method=com.android.dex.Mutf8.decode(Lcom/android/dex/util/ByteInput;[C)Ljava/lang/String; @ 37
Event: 2,101 Thread 0xb6507c00 Uncommon trap: reason=unstable_if action=reinterpret pc=0xa77346ec method=com.android.dex.Mutf8.countBytes(Ljava/lang/String;Z)J @ 35
Event: 2,165 Thread 0xb6507c00 Uncommon trap: reason=predicate action=maybe_recompile pc=0xa77811e0 method=com.android.dex.Leb128.readUnsignedLeb128(Lcom/android/dex/util/ByteInput;)I @ 41
Event: 2,276 Thread 0xb6507c00 Uncommon trap: reason=unstable_if action=reinterpret pc=0xa7753d90 method=java.util.HashMap.getNode(ILjava/lang/Object;)Ljava/util/HashMap$Node; @ 84
Event: 2,277 Thread 0xb6507c00 Uncommon trap: reason=unstable_if action=reinterpret pc=0xa77207fc method=java.util.HashMap.getNode(ILjava/lang/Object;)Ljava/util/HashMap$Node; @ 84

Internal exceptions (6 events):
Event: 0,360 Thread 0xb6507c00 Exception <a 'java/lang/NoSuchMethodError': Method sun.misc.Unsafe.defineClass(Ljava/lang/String;[BII)Ljava/lang/Class; name or signature does not match> (0x91ad04a0) thrown at [/HUDSON3/workspace/8-2-build-linux-i586/jdk8u60/4407/hotspot/src/share/vm/pri
Event: 0,360 Thread 0xb6507c00 Exception <a 'java/lang/NoSuchMethodError': Method sun.misc.Unsafe.prefetchRead(Ljava/lang/Object;J)V name or signature does not match> (0x91ad0770) thrown at [/HUDSON3/workspace/8-2-build-linux-i586/jdk8u60/4407/hotspot/src/share/vm/prims/jni.cpp, line 3
Event: 2,016 Thread 0xb6507c00 Exception <a 'java/security/PrivilegedActionException'> (0x9272ce88) thrown at [/HUDSON3/workspace/8-2-build-linux-i586/jdk8u60/4407/hotspot/src/share/vm/prims/jvm.cpp, line 1386]
Event: 2,016 Thread 0xb6507c00 Exception <a 'java/security/PrivilegedActionException'> (0x9272d268) thrown at [/HUDSON3/workspace/8-2-build-linux-i586/jdk8u60/4407/hotspot/src/share/vm/prims/jvm.cpp, line 1386]
Event: 2,016 Thread 0xb6507c00 Exception <a 'java/security/PrivilegedActionException'> (0x9272f808) thrown at [/HUDSON3/workspace/8-2-build-linux-i586/jdk8u60/4407/hotspot/src/share/vm/prims/jvm.cpp, line 1386]
Event: 2,016 Thread 0xb6507c00 Exception <a 'java/security/PrivilegedActionException'> (0x9272fbe8) thrown at [/HUDSON3/workspace/8-2-build-linux-i586/jdk8u60/4407/hotspot/src/share/vm/prims/jvm.cpp, line 1386]

Events (10 events):
Event: 2,646 Thread 0xb6507c00 DEOPT UNPACKING pc=0xa7507590 sp=0xb66c09e8 mode 0
Event: 2,649 Thread 0xb6507c00 DEOPT PACKING pc=0xa77b61eb sp=0xb66c0b50
Event: 2,649 Thread 0xb6507c00 DEOPT UNPACKING pc=0xa7507590 sp=0xb66c09e8 mode 0
Event: 2,652 Thread 0xb6507c00 DEOPT PACKING pc=0xa77b61eb sp=0xb66c0b50
Event: 2,652 Thread 0xb6507c00 DEOPT UNPACKING pc=0xa7507590 sp=0xb66c09e8 mode 0
Event: 2,663 loading class com/android/dex/Dex$1
Event: 2,663 loading class com/android/dex/Dex$1 done
Event: 2,707 Thread 0xb6507c00 DEOPT PACKING pc=0xa784a365 sp=0xb66c0c20
Event: 2,707 Thread 0xb6507c00 DEOPT UNPACKING pc=0xa7507590 sp=0xb66c0ab4 mode 0
Event: 2,830 Executing VM operation: ParallelGCFailedAllocation


Dynamic libraries:
08048000-08049000 r-xp 00000000 08:01 458999     /usr/lib/jvm/java-8-oracle/bin/java
08049000-0804a000 rw-p 00000000 08:01 458999     /usr/lib/jvm/java-8-oracle/bin/java
09dac000-09e24000 rw-p 00000000 00:00 0          [heap]
62800000-628d2000 rw-p 00000000 00:00 0 
628d2000-62900000 ---p 00000000 00:00 0 
62a00000-62a47000 rw-p 00000000 00:00 0 
62a47000-62b00000 ---p 00000000 00:00 0 
62c00000-62cfd000 rw-p 00000000 00:00 0 
62cfd000-62d00000 ---p 00000000 00:00 0 
62d00000-62da0000 rw-p 00000000 00:00 0 
62da0000-62e00000 ---p 00000000 00:00 0 
62e00000-62ee4000 rw-p 00000000 00:00 0 
62ee4000-62f00000 ---p 00000000 00:00 0 
62f00000-62ffd000 rw-p 00000000 00:00 0 
62ffd000-63000000 ---p 00000000 00:00 0 
63000000-63100000 rw-p 00000000 00:00 0 
6310d000-63110000 ---p 00000000 00:00 0 
63110000-6315e000 rw-p 00000000 00:00 0 
6315e000-63161000 ---p 00000000 00:00 0 
63161000-631af000 rw-p 00000000 00:00 0 
631af000-631b2000 ---p 00000000 00:00 0 
631b2000-63200000 rw-p 00000000 00:00 0 
63200000-6327b000 rw-p 00000000 00:00 0 
6327b000-63300000 ---p 00000000 00:00 0 
6332a000-6332d000 ---p 00000000 00:00 0 
6332d000-6337b000 rw-p 00000000 00:00 0 
6337b000-6337e000 ---p 00000000 00:00 0 
6337e000-633cc000 rw-p 00000000 00:00 0 
633cc000-633cd000 ---p 00000000 00:00 0 
633cd000-6344d000 rw-p 00000000 00:00 0 
6344d000-63450000 ---p 00000000 00:00 0 
63450000-634ce000 rw-p 00000000 00:00 0 
634ce000-634d1000 ---p 00000000 00:00 0 
634d1000-6354f000 rw-p 00000000 00:00 0 
6354f000-63552000 ---p 00000000 00:00 0 
63552000-635d0000 rw-p 00000000 00:00 0 
635d0000-63700000 r--p 00000000 08:01 785816     /usr/lib/locale/ru_UA.utf8/LC_COLLATE
63700000-6373c000 rw-p 00000000 00:00 0 
6373c000-63800000 ---p 00000000 00:00 0 
6381f000-63822000 ---p 00000000 00:00 0 
63822000-63870000 rw-p 00000000 00:00 0 
63870000-63873000 ---p 00000000 00:00 0 
63873000-638c1000 rw-p 00000000 00:00 0 
638c1000-63900000 r--p 00000000 08:01 406351     /usr/lib/locale/zu_ZA.utf8/LC_CTYPE
63900000-639ff000 rw-p 00000000 00:00 0 
639ff000-63a00000 ---p 00000000 00:00 0 
63a2e000-63a31000 ---p 00000000 00:00 0 
63a31000-63a7f000 rw-p 00000000 00:00 0 
63a7f000-63a80000 ---p 00000000 00:00 0 
63a80000-63b00000 rw-p 00000000 00:00 0 
63b00000-63bff000 rw-p 00000000 00:00 0 
63bff000-63c00000 ---p 00000000 00:00 0 
63c32000-63c81000 rw-p 00000000 00:00 0 
63c81000-63e59000 r--s 03d17000 08:01 459145     /usr/lib/jvm/java-8-oracle/jre/lib/rt.jar
63e59000-642fa000 rw-p 00000000 00:00 0 
642fa000-64300000 ---p 00000000 00:00 0 
64300000-66700000 rw-p 00000000 00:00 0 
66700000-66800000 rw-p 00000000 00:00 0 
66812000-6682e000 r--s 00393000 08:01 459123     /usr/lib/jvm/java-8-oracle/jre/lib/ext/cldrdata.jar
6682e000-66831000 ---p 00000000 00:00 0 
66831000-6687f000 rw-p 00000000 00:00 0 
6687f000-66880000 ---p 00000000 00:00 0 
66880000-66900000 rw-p 00000000 00:00 0 
66900000-66921000 rw-p 00000000 00:00 0 
66921000-66a00000 ---p 00000000 00:00 0 
66a00000-66b00000 rw-p 00000000 00:00 0 
66b00000-66b21000 rw-p 00000000 00:00 0 
66b21000-66c00000 ---p 00000000 00:00 0 
66c01000-66c10000 r--s 000df000 08:01 1248971    /home/penpen/Android/Sdk/build-tools/23.0.0-preview/lib/dx.jar
66c10000-66c28000 rw-p 00000000 00:00 0 
66c28000-66c29000 ---p 00000000 00:00 0 
66c29000-66cc1000 rw-p 00000000 00:00 0 
66cc1000-66dff000 ---p 00000000 00:00 0 
66dff000-66e17000 rw-p 00000000 00:00 0 
66e17000-66f54000 ---p 00000000 00:00 0 
66f54000-66f68000 rw-p 00000000 00:00 0 
66f68000-66fff000 ---p 00000000 00:00 0 
66fff000-69f80000 rw-p 00000000 00:00 0 
69f80000-91ac0000 ---p 00000000 00:00 0 
91ac0000-94040000 rw-p 00000000 00:00 0 
975be000-97811000 rw-p 00000000 00:00 0 
97811000-97840000 r--p 00000000 08:01 401695     /usr/share/locale/ru/LC_MESSAGES/libc.mo
97840000-a7000000 ---p 00000000 00:00 0 
a7009000-a700a000 ---p 00000000 00:00 0 
a700a000-a708a000 rw-p 00000000 00:00 0 
a708a000-a708b000 ---p 00000000 00:00 0 
a708b000-a711b000 rw-p 00000000 00:00 0 
a711b000-a74cb000 ---p 00000000 00:00 0 
a74cb000-a7893000 rwxp 00000000 00:00 0 
a7893000-b64cb000 ---p 00000000 00:00 0 
b64cb000-b64e4000 r-xp 00000000 08:01 459405     /usr/lib/jvm/java-8-oracle/jre/lib/i386/libzip.so
b64e4000-b64e5000 rw-p 00019000 08:01 459405     /usr/lib/jvm/java-8-oracle/jre/lib/i386/libzip.so
b64e5000-b64f1000 r-xp 00000000 08:01 1047256    /lib/i386-linux-gnu/i686/cmov/libnss_files-2.21.so
b64f1000-b64f2000 r--p 0000b000 08:01 1047256    /lib/i386-linux-gnu/i686/cmov/libnss_files-2.21.so
b64f2000-b64f3000 rw-p 0000c000 08:01 1047256    /lib/i386-linux-gnu/i686/cmov/libnss_files-2.21.so
b64f3000-b64fe000 r-xp 00000000 08:01 1047260    /lib/i386-linux-gnu/i686/cmov/libnss_nis-2.21.so
b64fe000-b64ff000 r--p 0000a000 08:01 1047260    /lib/i386-linux-gnu/i686/cmov/libnss_nis-2.21.so
b64ff000-b6500000 rw-p 0000b000 08:01 1047260    /lib/i386-linux-gnu/i686/cmov/libnss_nis-2.21.so
b6500000-b65fc000 rw-p 00000000 00:00 0 
b65fc000-b6600000 ---p 00000000 00:00 0 
b6600000-b660a000 r--s 00116000 08:01 459125     /usr/lib/jvm/java-8-oracle/jre/lib/ext/localedata.jar
b660a000-b6621000 r-xp 00000000 08:01 1047247    /lib/i386-linux-gnu/i686/cmov/libnsl-2.21.so
b6621000-b6622000 r--p 00016000 08:01 1047247    /lib/i386-linux-gnu/i686/cmov/libnsl-2.21.so
b6622000-b6623000 rw-p 00017000 08:01 1047247    /lib/i386-linux-gnu/i686/cmov/libnsl-2.21.so
b6623000-b6625000 rw-p 00000000 00:00 0 
b6629000-b662d000 r--s 00095000 08:01 459259     /usr/lib/jvm/java-8-oracle/jre/lib/jsse.jar
b662d000-b662e000 r--p 00000000 08:01 785834     /usr/lib/locale/ru_RU.utf8/LC_MONETARY
b662e000-b662f000 r--p 00000000 08:01 785812     /usr/lib/locale/ru_UA.utf8/LC_MESSAGES/SYS_LC_MESSAGES
b662f000-b6630000 r--p 00000000 08:01 406350     /usr/lib/locale/zu_ZA.utf8/LC_PAPER
b6630000-b6631000 r--p 00000000 08:01 407190     /usr/lib/locale/yo_NG/LC_NAME
b6631000-b6632000 r--p 00000000 08:01 785831     /usr/lib/locale/ru_RU.utf8/LC_ADDRESS
b6632000-b6633000 r--p 00000000 08:01 408012     /usr/lib/locale/tt_RU@iqtelif/LC_TELEPHONE
b6633000-b6634000 r--p 00000000 08:01 406349     /usr/lib/locale/zu_ZA.utf8/LC_MEASUREMENT
b6634000-b663b000 r--s 00000000 08:01 404720     /usr/lib/i386-linux-gnu/gconv/gconv-modules.cache
b663b000-b6643000 rw-s 00000000 08:01 2507770    /tmp/hsperfdata_penpen/17989
b6643000-b6667000 r-xp 00000000 08:01 459377     /usr/lib/jvm/java-8-oracle/jre/lib/i386/libjava.so
b6667000-b6668000 rw-p 00023000 08:01 459377     /usr/lib/jvm/java-8-oracle/jre/lib/i386/libjava.so
b6668000-b666f000 r-xp 00000000 08:01 1047268    /lib/i386-linux-gnu/i686/cmov/librt-2.21.so
b666f000-b6670000 r--p 00006000 08:01 1047268    /lib/i386-linux-gnu/i686/cmov/librt-2.21.so
b6670000-b6671000 rw-p 00007000 08:01 1047268    /lib/i386-linux-gnu/i686/cmov/librt-2.21.so
b6671000-b6674000 ---p 00000000 00:00 0 
b6674000-b66c2000 rw-p 00000000 00:00 0 
b66c2000-b670d000 r-xp 00000000 08:01 1047240    /lib/i386-linux-gnu/i686/cmov/libm-2.21.so
b670d000-b670e000 r--p 0004a000 08:01 1047240    /lib/i386-linux-gnu/i686/cmov/libm-2.21.so
b670e000-b670f000 rw-p 0004b000 08:01 1047240    /lib/i386-linux-gnu/i686/cmov/libm-2.21.so
b670f000-b708f000 r-xp 00000000 08:01 459347     /usr/lib/jvm/java-8-oracle/jre/lib/i386/server/libjvm.so
b708f000-b70fc000 rw-p 00980000 08:01 459347     /usr/lib/jvm/java-8-oracle/jre/lib/i386/server/libjvm.so
b70fc000-b7522000 rw-p 00000000 00:00 0 
b7522000-b76d3000 r-xp 00000000 08:01 1047228    /lib/i386-linux-gnu/i686/cmov/libc-2.21.so
b76d3000-b76d6000 r--p 001b0000 08:01 1047228    /lib/i386-linux-gnu/i686/cmov/libc-2.21.so
b76d6000-b76d8000 rw-p 001b3000 08:01 1047228    /lib/i386-linux-gnu/i686/cmov/libc-2.21.so
b76d8000-b76da000 rw-p 00000000 00:00 0 
b76da000-b76dd000 r-xp 00000000 08:01 1047237    /lib/i386-linux-gnu/i686/cmov/libdl-2.21.so
b76dd000-b76de000 r--p 00002000 08:01 1047237    /lib/i386-linux-gnu/i686/cmov/libdl-2.21.so
b76de000-b76df000 rw-p 00003000 08:01 1047237    /lib/i386-linux-gnu/i686/cmov/libdl-2.21.so
b76df000-b76f3000 r-xp 00000000 08:01 460622     /usr/lib/jvm/java-8-oracle/lib/i386/jli/libjli.so
b76f3000-b76f4000 rw-p 00014000 08:01 460622     /usr/lib/jvm/java-8-oracle/lib/i386/jli/libjli.so
b76f4000-b76f5000 rw-p 00000000 00:00 0 
b76f5000-b770e000 r-xp 00000000 08:01 1047219    /lib/i386-linux-gnu/i686/cmov/libpthread-2.21.so
b770e000-b770f000 r--p 00018000 08:01 1047219    /lib/i386-linux-gnu/i686/cmov/libpthread-2.21.so
b770f000-b7710000 rw-p 00019000 08:01 1047219    /lib/i386-linux-gnu/i686/cmov/libpthread-2.21.so
b7710000-b7712000 rw-p 00000000 00:00 0 
b7715000-b7716000 r--p 00000000 08:01 407972     /usr/lib/locale/uk_UA.utf8/LC_NUMERIC
b7716000-b7717000 r--p 00000000 08:01 785833     /usr/lib/locale/ru_RU.utf8/LC_TIME
b7717000-b7718000 r--p 00000000 08:01 785830     /usr/lib/locale/ru_RU.utf8/LC_IDENTIFICATION
b7718000-b7720000 r-xp 00000000 08:01 1047250    /lib/i386-linux-gnu/i686/cmov/libnss_compat-2.21.so
b7720000-b7721000 r--p 00007000 08:01 1047250    /lib/i386-linux-gnu/i686/cmov/libnss_compat-2.21.so
b7721000-b7722000 rw-p 00008000 08:01 1047250    /lib/i386-linux-gnu/i686/cmov/libnss_compat-2.21.so
b7722000-b7723000 rw-p 00000000 00:00 0 
b7723000-b7724000 ---p 00000000 00:00 0 
b7724000-b772f000 r-xp 00000000 08:01 459397     /usr/lib/jvm/java-8-oracle/jre/lib/i386/libverify.so
b772f000-b7730000 rw-p 0000b000 08:01 459397     /usr/lib/jvm/java-8-oracle/jre/lib/i386/libverify.so
b7730000-b7732000 rw-p 00000000 00:00 0 
b7732000-b7733000 r-xp 00000000 00:00 0          [vdso]
b7733000-b7754000 r-xp 00000000 08:01 1047048    /lib/i386-linux-gnu/ld-2.21.so
b7754000-b7755000 r--p 00020000 08:01 1047048    /lib/i386-linux-gnu/ld-2.21.so
b7755000-b7756000 rw-p 00021000 08:01 1047048    /lib/i386-linux-gnu/ld-2.21.so
bffa2000-bffa3000 rwxp 00000000 00:00 0 
bffd5000-bfff6000 rw-p 00000000 00:00 0          [stack]

VM Arguments:
jvm_args: -Xmx1024M -Dfile.encoding=UTF-8 -Duser.country=RU -Duser.language=ru -Duser.variant 
java_command: com.android.dx.command.Main --dex --num-threads=4 --output /home/penpen/AndroidStudioProjects/ProfView/app/build/intermediates/dex/debug /home/penpen/AndroidStudioProjects/ProfView/app/build/intermediates/classes/debug /home/penpen/AndroidStudioProjects/ProfView/app/build/intermediates/pre-dexed/debug/support-annotations-23.0.1-7490bc9f7930b8690f99280eb8ca3b19c80ff154.jar /home/penpen/AndroidStudioProjects/ProfView/app/build/intermediates/pre-dexed/debug/classes-cbb93783849042ff154a54f2a2bb747543645933.jar /home/penpen/AndroidStudioProjects/ProfView/app/build/intermediates/pre-dexed/debug/volley-0c9a622bbccdeb0a4b94543e8a27c3b37a781d1a.jar /home/penpen/AndroidStudioProjects/ProfView/app/build/intermediates/pre-dexed/debug/internal_impl-23.0.1-9f6a68b645c79a068a6d601ce88a17e385e0c51c.jar /home/penpen/AndroidStudioProjects/ProfView/app/build/intermediates/pre-dexed/debug/classes-b159a6d71b7c5d61ad8b29b9b30dc206f976f772.jar /home/penpen/AndroidStudioProjects/ProfView/app/build/intermediates/pre-dexed/debug/classes-269f409a2a0203e7053ab084f0ce46e79fe73020.jar
java_class_path (initial): /home/penpen/Android/Sdk/build-tools/23.0.0-preview/lib/dx.jar
Launcher Type: SUN_STANDARD

Environment Variables:
PATH=/usr/local/bin:/usr/bin:/bin:/usr/local/games:/usr/games
LD_LIBRARY_PATH=/home/penpen/Programs/android-studio/bin:
SHELL=/bin/bash
DISPLAY=:0

Signal Handlers:
SIGSEGV: [libjvm.so+0x8cdb80], sa_mask[0]=11111111011111111101111111111110, sa_flags=SA_RESTART|SA_SIGINFO
SIGBUS: [libjvm.so+0x8cdb80], sa_mask[0]=11111111011111111101111111111110, sa_flags=SA_RESTART|SA_SIGINFO
SIGFPE: [libjvm.so+0x74db00], sa_mask[0]=11111111011111111101111111111110, sa_flags=SA_RESTART|SA_SIGINFO
SIGPIPE: [libjvm.so+0x74db00], sa_mask[0]=11111111011111111101111111111110, sa_flags=SA_RESTART|SA_SIGINFO
SIGXFSZ: [libjvm.so+0x74db00], sa_mask[0]=11111111011111111101111111111110, sa_flags=SA_RESTART|SA_SIGINFO
SIGILL: [libjvm.so+0x74db00], sa_mask[0]=11111111011111111101111111111110, sa_flags=SA_RESTART|SA_SIGINFO
SIGUSR1: SIG_DFL, sa_mask[0]=00000000000000000000000000000000, sa_flags=none
SIGUSR2: [libjvm.so+0x74f180], sa_mask[0]=00100000000000000000000000000000, sa_flags=SA_RESTART|SA_SIGINFO
SIGHUP: [libjvm.so+0x750630], sa_mask[0]=11111111011111111101111111111110, sa_flags=SA_RESTART|SA_SIGINFO
SIGINT: [libjvm.so+0x750630], sa_mask[0]=11111111011111111101111111111110, sa_flags=SA_RESTART|SA_SIGINFO
SIGTERM: [libjvm.so+0x750630], sa_mask[0]=11111111011111111101111111111110, sa_flags=SA_RESTART|SA_SIGINFO
SIGQUIT: [libjvm.so+0x750630], sa_mask[0]=11111111011111111101111111111110, sa_flags=SA_RESTART|SA_SIGINFO


---------------  S Y S T E M  ---------------

OS:PRETTY_NAME="Debian GNU/Linux 7 (wheezy)"
NAME="Debian GNU/Linux"
VERSION_ID="7"
VERSION="7 (wheezy)"
ID=debian
ANSI_COLOR="1;31"
HOME_URL="http://www.debian.org/"
SUPPORT_URL="http://www.debian.org/support/"
BUG_REPORT_URL="http://bugs.debian.org/"

uname:Linux 3.2.0-4-686-pae #1 SMP Debian 3.2.68-1+deb7u4 i686
libc:glibc 2.21 NPTL 2.21 
rlimit: STACK 8192k, CORE 0k, NPROC 45958, NOFILE 4096, AS infinity
load average:4,96 4,61 4,93

/proc/meminfo:
MemTotal:        5893112 kB
MemFree:          216432 kB
Buffers:            7840 kB
Cached:           527996 kB
SwapCached:            0 kB
Active:          5133968 kB
Inactive:         383132 kB
Active(anon):    5068268 kB
Inactive(anon):   326296 kB
Active(file):      65700 kB
Inactive(file):    56836 kB
Unevictable:          48 kB
Mlocked:              48 kB
HighTotal:       5043656 kB
HighFree:            592 kB
LowTotal:         849456 kB
LowFree:          215840 kB
SwapTotal:             0 kB
SwapFree:              0 kB
Dirty:                 8 kB
Writeback:            92 kB
AnonPages:       4982008 kB
Mapped:           244176 kB
Shmem:            413008 kB
Slab:             107640 kB
SReclaimable:      67884 kB
SUnreclaim:        39756 kB
KernelStack:        6752 kB
PageTables:        34296 kB
NFS_Unstable:          0 kB
Bounce:                0 kB
WritebackTmp:          0 kB
CommitLimit:     2946556 kB
Committed_AS:   12825524 kB
VmallocTotal:     122880 kB
VmallocUsed:       16564 kB
VmallocChunk:      98852 kB
HardwareCorrupted:     0 kB
AnonHugePages:         0 kB
HugePages_Total:       0
HugePages_Free:        0
HugePages_Rsvd:        0
HugePages_Surp:        0
Hugepagesize:       2048 kB
DirectMap4k:       10232 kB
DirectMap2M:      901120 kB


CPU:total 4 (2 cores per cpu, 2 threads per core) family 6 model 37 stepping 2, cmov, cx8, fxsr, mmx, sse, sse2, sse3, ssse3, sse4.1, sse4.2, popcnt, ht, tsc, tscinvbit

/proc/cpuinfo:
processor	: 0
vendor_id	: GenuineIntel
cpu family	: 6
model		: 37
model name	: Intel(R) Core(TM) i3 CPU         540  @ 3.07GHz
stepping	: 2
microcode	: 0x9
cpu MHz		: 3067.000
cache size	: 4096 KB
physical id	: 0
siblings	: 4
core id		: 0
cpu cores	: 2
apicid		: 0
initial apicid	: 0
fdiv_bug	: no
hlt_bug		: no
f00f_bug	: no
coma_bug	: no
fpu		: yes
fpu_exception	: yes
cpuid level	: 11
wp		: yes
flags		: fpu vme de pse tsc msr pae mce cx8 apic sep mtrr pge mca cmov pat pse36 clflush dts acpi mmx fxsr sse sse2 ss ht tm pbe nx rdtscp lm constant_tsc arch_perfmon pebs bts xtopology nonstop_tsc aperfmperf pni dtes64 monitor ds_cpl vmx est tm2 ssse3 cx16 xtpr pdcm sse4_1 sse4_2 popcnt lahf_lm arat dtherm tpr_shadow vnmi flexpriority ept vpid
bogomips	: 6157.53
clflush size	: 64
cache_alignment	: 64
address sizes	: 36 bits physical, 48 bits virtual
power management:

processor	: 1
vendor_id	: GenuineIntel
cpu family	: 6
model		: 37
model name	: Intel(R) Core(TM) i3 CPU         540  @ 3.07GHz
stepping	: 2
microcode	: 0x9
cpu MHz		: 3067.000
cache size	: 4096 KB
physical id	: 0
siblings	: 4
core id		: 2
cpu cores	: 2
apicid		: 4
initial apicid	: 4
fdiv_bug	: no
hlt_bug		: no
f00f_bug	: no
coma_bug	: no
fpu		: yes
fpu_exception	: yes
cpuid level	: 11
wp		: yes
flags		: fpu vme de pse tsc msr pae mce cx8 apic sep mtrr pge mca cmov pat pse36 clflush dts acpi mmx fxsr sse sse2 ss ht tm pbe nx rdtscp lm constant_tsc arch_perfmon pebs bts xtopology nonstop_tsc aperfmperf pni dtes64 monitor ds_cpl vmx est tm2 ssse3 cx16 xtpr pdcm sse4_1 sse4_2 popcnt lahf_lm arat dtherm tpr_shadow vnmi flexpriority ept vpid
bogomips	: 6157.44
clflush size	: 64
cache_alignment	: 64
address sizes	: 36 bits physical, 48 bits virtual
power management:

processor	: 2
vendor_id	: GenuineIntel
cpu family	: 6
model		: 37
model name	: Intel(R) Core(TM) i3 CPU         540  @ 3.07GHz
stepping	: 2
microcode	: 0x9
cpu MHz		: 3067.000
cache size	: 4096 KB
physical id	: 0
siblings	: 4
core id		: 0
cpu cores	: 2
apicid		: 1
initial apicid	: 1
fdiv_bug	: no
hlt_bug		: no
f00f_bug	: no
coma_bug	: no
fpu		: yes
fpu_exception	: yes
cpuid level	: 11
wp		: yes
flags		: fpu vme de pse tsc msr pae mce cx8 apic sep mtrr pge mca cmov pat pse36 clflush dts acpi mmx fxsr sse sse2 ss ht tm pbe nx rdtscp lm constant_tsc arch_perfmon pebs bts xtopology nonstop_tsc aperfmperf pni dtes64 monitor ds_cpl vmx est tm2 ssse3 cx16 xtpr pdcm sse4_1 sse4_2 popcnt lahf_lm arat dtherm tpr_shadow vnmi flexpriority ept vpid
bogomips	: 6157.41
clflush size	: 64
cache_alignment	: 64
address sizes	: 36 bits physical, 48 bits virtual
power management:

processor	: 3
vendor_id	: GenuineIntel
cpu family	: 6
model		: 37
model name	: Intel(R) Core(TM) i3 CPU         540  @ 3.07GHz
stepping	: 2
microcode	: 0x9
cpu MHz		: 3067.000
cache size	: 4096 KB
physical id	: 0
siblings	: 4
core id		: 2
cpu cores	: 2
apicid		: 5
initial apicid	: 5
fdiv_bug	: no
hlt_bug		: no
f00f_bug	: no
coma_bug	: no
fpu		: yes
fpu_exception	: yes
cpuid level	: 11
wp		: yes
flags		: fpu vme de pse tsc msr pae mce cx8 apic sep mtrr pge mca cmov pat pse36 clflush dts acpi mmx fxsr sse sse2 ss ht tm pbe nx rdtscp lm constant_tsc arch_perfmon pebs bts xtopology nonstop_tsc aperfmperf pni dtes64 monitor ds_cpl vmx est tm2 ssse3 cx16 xtpr pdcm sse4_1 sse4_2 popcnt lahf_lm arat dtherm tpr_shadow vnmi flexpriority ept vpid
bogomips	: 6157.42
clflush size	: 64
cache_alignment	: 64
address sizes	: 36 bits physical, 48 bits virtual
power management:



Memory: 4k page, physical 5893112k(216432k free), swap 0k(0k free)

vm_info: Java HotSpot(TM) Server VM (25.60-b23) for linux-x86 JRE (1.8.0_60-b27), built on Aug  4 2015 10:44:54 by "java_re" with gcc 4.3.0 20080428 (Red Hat 4.3.0-8)

time: Tue Oct 13 02:18:37 2015
elapsed time: 2 seconds (0d 0h 0m 2s)

