#
# There is insufficient memory for the Java Runtime Environment to continue.
# Native memory allocation (mmap) failed to map 47448064 bytes for committing reserved memory.
# Possible reasons:
#   The system is out of physical RAM or swap space
#   In 32 bit mode, the process size limit was hit
# Possible solutions:
#   Reduce memory load on the system
#   Increase physical memory or swap space
#   Check if swap backing store is full
#   Use 64 bit Java on a 64 bit OS
#   Decrease Java heap size (-Xmx/-Xms)
#   Decrease number of Java threads
#   Decrease Java thread stack sizes (-Xss)
#   Set larger code cache with -XX:ReservedCodeCacheSize=
# This output file may be truncated or incomplete.
#
#  Out of Memory Error (os_linux.cpp:2627), pid=955, tid=1674099520
#
# JRE version: Java(TM) SE Runtime Environment (8.0_66-b17) (build 1.8.0_66-b17)
# Java VM: Java HotSpot(TM) Server VM (25.66-b17 mixed mode linux-x86 )
# Failed to write core dump. Core dumps have been disabled. To enable core dumping, try "ulimit -c unlimited" before starting Java again
#

---------------  T H R E A D  ---------------

Current thread (0x63b81800):  VMThread [stack: 0x63c0b000,0x63c8c000] [id=974]

Stack: [0x63c0b000,0x63c8c000],  sp=0x63c8a6b0,  free space=509k
Native frames: (J=compiled Java code, j=interpreted, Vv=VM code, C=native code)
V  [libjvm.so+0x8cd0ff]  VMError::report_and_die()+0x16f
V  [libjvm.so+0x38bee5]  report_vm_out_of_memory(char const*, int, unsigned int, VMErrorType, char const*)+0x55
V  [libjvm.so+0x750ed6]  os::Linux::commit_memory_impl(char*, unsigned int, bool)+0xe6
V  [libjvm.so+0x7513a8]  os::pd_commit_memory(char*, unsigned int, unsigned int, bool)+0x28
V  [libjvm.so+0x74b2cc]  os::commit_memory(char*, unsigned int, unsigned int, bool)+0x2c
V  [libjvm.so+0x7b58a8]  PSVirtualSpace::expand_by(unsigned int)+0x48
V  [libjvm.so+0x7b69aa]  PSYoungGen::resize_generation(unsigned int, unsigned int)+0xda
V  [libjvm.so+0x7b5cd9]  PSYoungGen::resize(unsigned int, unsigned int)+0x19
V  [libjvm.so+0x7b3605]  PSScavenge::invoke_no_policy()+0xd15
V  [libjvm.so+0x7b3dc8]  PSScavenge::invoke()+0x28
V  [libjvm.so+0x7728ba]  ParallelScavengeHeap::failed_mem_allocate(unsigned int)+0x5a
V  [libjvm.so+0x8cebca]  VM_ParallelGCFailedAllocation::doit()+0x7a
V  [libjvm.so+0x8d81d7]  VM_Operation::evaluate()+0x47
V  [libjvm.so+0x8d62b3]  VMThread::evaluate_operation(VM_Operation*)+0xb3
V  [libjvm.so+0x8d6650]  VMThread::loop()+0x1b0
V  [libjvm.so+0x8d6ab5]  VMThread::run()+0x85
V  [libjvm.so+0x753519]  java_start(Thread*)+0x119
C  [libpthread.so.0+0x617f]  start_thread+0xcf

VM_Operation (0xb6704b14): ParallelGCFailedAllocation, mode: safepoint, requested by thread 0xb6509800


---------------  P R O C E S S  ---------------

Java Threads: ( => current thread )
  0x63bad800 JavaThread "Service Thread" daemon [_thread_blocked, id=981, stack(0x634ab000,0x634fc000)]
  0x63baa400 JavaThread "C1 CompilerThread2" daemon [_thread_blocked, id=980, stack(0x634fc000,0x6357d000)]
  0x63ba9000 JavaThread "C2 CompilerThread1" daemon [_thread_blocked, id=979, stack(0x6357d000,0x635fe000)]
  0x63ba7000 JavaThread "C2 CompilerThread0" daemon [_thread_blocked, id=978, stack(0x635fe000,0x6367f000)]
  0x63ba5800 JavaThread "Signal Dispatcher" daemon [_thread_blocked, id=977, stack(0x6367f000,0x636d0000)]
  0x63b86000 JavaThread "Finalizer" daemon [_thread_blocked, id=976, stack(0x63a5e000,0x63aaf000)]
  0x63b84800 JavaThread "Reference Handler" daemon [_thread_blocked, id=975, stack(0x63aaf000,0x63b00000)]
  0xb6509800 JavaThread "main" [_thread_blocked, id=969, stack(0xb66b5000,0xb6706000)]

Other Threads:
=>0x63b81800 VMThread [stack: 0x63c0b000,0x63c8c000] [id=974]
  0x63bc0800 WatcherThread [stack: 0x6342a000,0x634ab000] [id=982]

VM state:at safepoint (normal execution)

VM Mutex/Monitor currently owned by a thread:  ([mutex/lock_event])
[0xb6507210] Threads_lock - owner thread: 0x63b81800
[0xb6507620] Heap_lock - owner thread: 0xb6509800

Heap:
 PSYoungGen      total 267776K, used 22777K [0x91ac0000, 0xa42c0000, 0xa7000000)
  eden space 244992K, 0% used [0x91ac0000,0x91ac0000,0xa0a00000)
  from space 22784K, 99% used [0xa0a00000,0xa203e488,0xa2040000)
  to   space 18432K, 0% used [0xa2040000,0xa2040000,0xa3240000)
 ParOldGen       total 59392K, used 58739K [0x67000000, 0x6aa00000, 0x91ac0000)
  object space 59392K, 98% used [0x67000000,0x6a95cc18,0x6aa00000)
 Metaspace       used 3473K, capacity 3502K, committed 3608K, reserved 4400K

Card table byte_map: [0x66dff000,0x67000000] byte_map_base: 0x66ac7000

Marking Bits: (ParMarkBitMap*) 0xb7151380
 Begin Bits: [0x64700000, 0x65700000)
 End Bits:   [0x65700000, 0x66700000)

Polling page: 0xb7771000

CodeCache: size=245760Kb used=3833Kb max_used=3849Kb free=241926Kb
 bounds [0xa7500000, 0xa78c8000, 0xb6500000]
 total_blobs=1450 nmethods=1275 adapters=90
 compilation: enabled

Compilation events (10 events):
Event: 4,737 Thread 0x63ba9000 nmethod 1317 0xa78b0fc8 code [0xa78b10c0, 0xa78b13b0]
Event: 4,740 Thread 0x63ba7000 1318       4       com.android.dx.merge.DexMerger$1::write (51 bytes)
Event: 4,741 Thread 0x63ba9000 1319   !   4       com.android.dex.Dex$Section::writeStringData (36 bytes)
Event: 4,773 Thread 0x63ba9000 nmethod 1319 0xa78c34c8 code [0xa78c3660, 0xa78c42bc]
Event: 4,773 Thread 0x63ba9000 1320 %     4       com.android.dx.merge.DexMerger::transformAnnotationSets @ 28 (51 bytes)
Event: 4,776 Thread 0x63ba9000 nmethod 1320% 0xa78a2d88 code [0xa78a2ea0, 0xa78a305c]
Event: 4,776 Thread 0x63ba7000 nmethod 1318 0xa78c5ac8 code [0xa78c5ca0, 0xa78c6adc]
Event: 4,779 Thread 0x63ba9000 1321       4       java.util.TimSort::countRunAndMakeAscending (128 bytes)
Event: 4,779 Thread 0x63baa400 1322       3       java.util.TimSort::reverseRange (32 bytes)
Event: 4,779 Thread 0x63baa400 nmethod 1322 0xa78b0948 code [0xa78b0a80, 0xa78b0e00]

GC Heap History (10 events):
Event: 1,925 GC heap after
Heap after GC invocations=7 (full 1):
 PSYoungGen      total 118528K, used 7568K [0x91ac0000, 0x9b580000, 0xa7000000)
  eden space 110848K, 0% used [0x91ac0000,0x91ac0000,0x98700000)
  from space 7680K, 98% used [0x9ae00000,0x9b564140,0x9b580000)
  to   space 16384K, 0% used [0x99580000,0x99580000,0x9a580000)
 ParOldGen       total 51200K, used 15044K [0x67000000, 0x6a200000, 0x91ac0000)
  object space 51200K, 29% used [0x67000000,0x67eb11b0,0x6a200000)
 Metaspace       used 3446K, capacity 3470K, committed 3480K, reserved 4400K
}
Event: 2,451 GC heap before
{Heap before GC invocations=8 (full 1):
 PSYoungGen      total 118528K, used 117472K [0x91ac0000, 0x9b580000, 0xa7000000)
  eden space 110848K, 99% used [0x91ac0000,0x98614160,0x98700000)
  from space 7680K, 98% used [0x9ae00000,0x9b564140,0x9b580000)
  to   space 16384K, 0% used [0x99580000,0x99580000,0x9a580000)
 ParOldGen       total 51200K, used 15044K [0x67000000, 0x6a200000, 0x91ac0000)
  object space 51200K, 29% used [0x67000000,0x67eb11b0,0x6a200000)
 Metaspace       used 3454K, capacity 3470K, committed 3480K, reserved 4400K
Event: 2,454 GC heap after
Heap after GC invocations=8 (full 1):
 PSYoungGen      total 142080K, used 7029K [0x91ac0000, 0x9e900000, 0xa7000000)
  eden space 125696K, 0% used [0x91ac0000,0x91ac0000,0x99580000)
  from space 16384K, 42% used [0x99580000,0x99c5d488,0x9a580000)
  to   space 15360K, 0% used [0x9da00000,0x9da00000,0x9e900000)
 ParOldGen       total 51200K, used 15048K [0x67000000, 0x6a200000, 0x91ac0000)
  object space 51200K, 29% used [0x67000000,0x67eb21b0,0x6a200000)
 Metaspace       used 3454K, capacity 3470K, committed 3480K, reserved 4400K
}
Event: 2,837 GC heap before
{Heap before GC invocations=9 (full 1):
 PSYoungGen      total 142080K, used 132725K [0x91ac0000, 0x9e900000, 0xa7000000)
  eden space 125696K, 100% used [0x91ac0000,0x99580000,0x99580000)
  from space 16384K, 42% used [0x99580000,0x99c5d488,0x9a580000)
  to   space 15360K, 0% used [0x9da00000,0x9da00000,0x9e900000)
 ParOldGen       total 51200K, used 15048K [0x67000000, 0x6a200000, 0x91ac0000)
  object space 51200K, 29% used [0x67000000,0x67eb21b0,0x6a200000)
 Metaspace       used 3458K, capacity 3470K, committed 3480K, reserved 4400K
Event: 2,846 GC heap after
Heap after GC invocations=9 (full 1):
 PSYoungGen      total 194816K, used 12205K [0x91ac0000, 0xa06c0000, 0xa7000000)
  eden space 179456K, 0% used [0x91ac0000,0x91ac0000,0x9ca00000)
  from space 15360K, 79% used [0x9da00000,0x9e5eb600,0x9e900000)
  to   space 16384K, 0% used [0x9ca00000,0x9ca00000,0x9da00000)
 ParOldGen       total 51200K, used 15048K [0x67000000, 0x6a200000, 0x91ac0000)
  object space 51200K, 29% used [0x67000000,0x67eb21b0,0x6a200000)
 Metaspace       used 3458K, capacity 3470K, committed 3480K, reserved 4400K
}
Event: 3,490 GC heap before
{Heap before GC invocations=10 (full 1):
 PSYoungGen      total 194816K, used 191661K [0x91ac0000, 0xa06c0000, 0xa7000000)
  eden space 179456K, 100% used [0x91ac0000,0x9ca00000,0x9ca00000)
  from space 15360K, 79% used [0x9da00000,0x9e5eb600,0x9e900000)
  to   space 16384K, 0% used [0x9ca00000,0x9ca00000,0x9da00000)
 ParOldGen       total 51200K, used 15048K [0x67000000, 0x6a200000, 0x91ac0000)
  object space 51200K, 29% used [0x67000000,0x67eb21b0,0x6a200000)
 Metaspace       used 3463K, capacity 3502K, committed 3608K, reserved 4400K
Event: 3,499 GC heap after
Heap after GC invocations=10 (full 1):
 PSYoungGen      total 195840K, used 15392K [0x91ac0000, 0xa3240000, 0xa7000000)
  eden space 179456K, 0% used [0x91ac0000,0x91ac0000,0x9ca00000)
  from space 16384K, 93% used [0x9ca00000,0x9d908140,0x9da00000)
  to   space 18432K, 0% used [0xa2040000,0xa2040000,0xa3240000)
 ParOldGen       total 51200K, used 20154K [0x67000000, 0x6a200000, 0x91ac0000)
  object space 51200K, 39% used [0x67000000,0x683aea60,0x6a200000)
 Metaspace       used 3463K, capacity 3502K, committed 3608K, reserved 4400K
}
Event: 4,061 GC heap before
{Heap before GC invocations=11 (full 1):
 PSYoungGen      total 195840K, used 190870K [0x91ac0000, 0xa3240000, 0xa7000000)
  eden space 179456K, 97% used [0x91ac0000,0x9c61d9e8,0x9ca00000)
  from space 16384K, 93% used [0x9ca00000,0x9d908140,0x9da00000)
  to   space 18432K, 0% used [0xa2040000,0xa2040000,0xa3240000)
 ParOldGen       total 51200K, used 20154K [0x67000000, 0x6a200000, 0x91ac0000)
  object space 51200K, 39% used [0x67000000,0x683aea60,0x6a200000)
 Metaspace       used 3470K, capacity 3502K, committed 3608K, reserved 4400K
Event: 4,087 GC heap after
Heap after GC invocations=11 (full 1):
 PSYoungGen      total 263424K, used 18418K [0x91ac0000, 0xa42c0000, 0xa7000000)
  eden space 244992K, 0% used [0x91ac0000,0x91ac0000,0xa0a00000)
  from space 18432K, 99% used [0xa2040000,0xa323cad8,0xa3240000)
  to   space 22784K, 0% used [0xa0a00000,0xa0a00000,0xa2040000)
 ParOldGen       total 51200K, used 25657K [0x67000000, 0x6a200000, 0x91ac0000)
  object space 51200K, 50% used [0x67000000,0x6890e5a8,0x6a200000)
 Metaspace       used 3470K, capacity 3502K, committed 3608K, reserved 4400K
}
Event: 4,789 GC heap before
{Heap before GC invocations=12 (full 1):
 PSYoungGen      total 263424K, used 263410K [0x91ac0000, 0xa42c0000, 0xa7000000)
  eden space 244992K, 100% used [0x91ac0000,0xa0a00000,0xa0a00000)
  from space 18432K, 99% used [0xa2040000,0xa323cad8,0xa3240000)
  to   space 22784K, 0% used [0xa0a00000,0xa0a00000,0xa2040000)
 ParOldGen       total 51200K, used 25657K [0x67000000, 0x6a200000, 0x91ac0000)
  object space 51200K, 50% used [0x67000000,0x6890e5a8,0x6a200000)
 Metaspace       used 3473K, capacity 3502K, committed 3608K, reserved 4400K

Deoptimization events (10 events):
Event: 4,447 Thread 0xb6509800 Uncommon trap: reason=array_check action=maybe_recompile pc=0xa784bd90 method=java.util.ComparableTimSort.binarySort([Ljava/lang/Object;III)V @ 193
Event: 4,449 Thread 0xb6509800 Uncommon trap: reason=unstable_if action=reinterpret pc=0xa77a9e94 method=com.android.dex.Mutf8.decode(Lcom/android/dex/util/ByteInput;[C)Ljava/lang/String; @ 54
Event: 4,449 Thread 0xb6509800 Uncommon trap: reason=unstable_if action=reinterpret pc=0xa7813360 method=com.android.dex.Mutf8.encode([BILjava/lang/String;)V @ 51
Event: 4,449 Thread 0xb6509800 Uncommon trap: reason=unstable_if action=reinterpret pc=0xa7818924 method=com.android.dex.Mutf8.encode([BILjava/lang/String;)V @ 51
Event: 4,450 Thread 0xb6509800 Uncommon trap: reason=unstable_if action=reinterpret pc=0xa779ef58 method=com.android.dex.Mutf8.countBytes(Ljava/lang/String;Z)J @ 28
Event: 4,450 Thread 0xb6509800 Uncommon trap: reason=unstable_if action=reinterpret pc=0xa779c98c method=com.android.dex.Mutf8.encode([BILjava/lang/String;)V @ 24
Event: 4,517 Thread 0xb6509800 Uncommon trap: reason=unstable_if action=reinterpret pc=0xa78a34dc method=com.android.dex.Mutf8.countBytes(Ljava/lang/String;Z)J @ 50
Event: 4,731 Thread 0xb6509800 Uncommon trap: reason=unstable_if action=reinterpret pc=0xa78a7910 method=com.android.dex.Mutf8.countBytes(Ljava/lang/String;Z)J @ 50
Event: 4,731 Thread 0xb6509800 Uncommon trap: reason=unstable_if action=reinterpret pc=0xa78abe0c method=com.android.dex.Mutf8.countBytes(Ljava/lang/String;Z)J @ 50
Event: 4,778 Thread 0xb6509800 Uncommon trap: reason=predicate action=maybe_recompile pc=0xa78b26cc method=java.util.TimSort.reverseRange([Ljava/lang/Object;II)V @ 8

Internal exceptions (6 events):
Event: 0,059 Thread 0xb6509800 Exception <a 'java/lang/NoSuchMethodError': Method sun.misc.Unsafe.defineClass(Ljava/lang/String;[BII)Ljava/lang/Class; name or signature does not match> (0x91ad03f0) thrown at [/HUDSON/workspace/8-2-build-linux-i586/jdk8u66/4988/hotspot/src/share/vm/prim
Event: 0,059 Thread 0xb6509800 Exception <a 'java/lang/NoSuchMethodError': Method sun.misc.Unsafe.prefetchRead(Ljava/lang/Object;J)V name or signature does not match> (0x91ad06c0) thrown at [/HUDSON/workspace/8-2-build-linux-i586/jdk8u66/4988/hotspot/src/share/vm/prims/jni.cpp, line 39
Event: 0,671 Thread 0xb6509800 Exception <a 'java/security/PrivilegedActionException'> (0x91c26b28) thrown at [/HUDSON/workspace/8-2-build-linux-i586/jdk8u66/4988/hotspot/src/share/vm/prims/jvm.cpp, line 1386]
Event: 0,671 Thread 0xb6509800 Exception <a 'java/security/PrivilegedActionException'> (0x91c26f08) thrown at [/HUDSON/workspace/8-2-build-linux-i586/jdk8u66/4988/hotspot/src/share/vm/prims/jvm.cpp, line 1386]
Event: 0,672 Thread 0xb6509800 Exception <a 'java/security/PrivilegedActionException'> (0x91c294a8) thrown at [/HUDSON/workspace/8-2-build-linux-i586/jdk8u66/4988/hotspot/src/share/vm/prims/jvm.cpp, line 1386]
Event: 0,672 Thread 0xb6509800 Exception <a 'java/security/PrivilegedActionException'> (0x91c29888) thrown at [/HUDSON/workspace/8-2-build-linux-i586/jdk8u66/4988/hotspot/src/share/vm/prims/jvm.cpp, line 1386]

Events (10 events):
Event: 4,736 Thread 0xb6509800 DEOPT PACKING pc=0xa78b1b7f sp=0xb6704be0
Event: 4,736 Thread 0xb6509800 DEOPT UNPACKING pc=0xa753c590 sp=0xb6704a94 mode 0
Event: 4,736 Thread 0xb6509800 DEOPT PACKING pc=0xa78b1b7f sp=0xb6704be0
Event: 4,736 Thread 0xb6509800 DEOPT UNPACKING pc=0xa753c590 sp=0xb6704a94 mode 0
Event: 4,737 Thread 0xb6509800 DEOPT PACKING pc=0xa78b1b7f sp=0xb6704be0
Event: 4,737 Thread 0xb6509800 DEOPT UNPACKING pc=0xa753c590 sp=0xb6704a94 mode 0
Event: 4,778 Thread 0xb6509800 Uncommon trap: trap_request=0xffffff86 fr.pc=0xa78b26cc
Event: 4,778 Thread 0xb6509800 DEOPT PACKING pc=0xa78b26cc sp=0xb6704c10
Event: 4,778 Thread 0xb6509800 DEOPT UNPACKING pc=0xa753ae55 sp=0xb6704bcc mode 2
Event: 4,789 Executing VM operation: ParallelGCFailedAllocation


Dynamic libraries:
08048000-08049000 r-xp 00000000 08:41 445694     /usr/lib/jvm/java-8-oracle/bin/java
08049000-0804a000 rw-p 00000000 08:41 445694     /usr/lib/jvm/java-8-oracle/bin/java
088a9000-08942000 rw-p 00000000 00:00 0          [heap]
61a00000-61aed000 rw-p 00000000 00:00 0 
61aed000-61b00000 ---p 00000000 00:00 0 
61b00000-61b73000 rw-p 00000000 00:00 0 
61b73000-61c00000 ---p 00000000 00:00 0 
61f00000-61ffc000 rw-p 00000000 00:00 0 
61ffc000-62000000 ---p 00000000 00:00 0 
62100000-621fd000 rw-p 00000000 00:00 0 
621fd000-62200000 ---p 00000000 00:00 0 
62300000-623e5000 rw-p 00000000 00:00 0 
623e5000-62400000 ---p 00000000 00:00 0 
62400000-624ef000 rw-p 00000000 00:00 0 
624ef000-62500000 ---p 00000000 00:00 0 
62500000-625f5000 rw-p 00000000 00:00 0 
625f5000-62600000 ---p 00000000 00:00 0 
62600000-626fc000 rw-p 00000000 00:00 0 
626fc000-62700000 ---p 00000000 00:00 0 
62700000-627ff000 rw-p 00000000 00:00 0 
627ff000-62800000 ---p 00000000 00:00 0 
62900000-629f4000 rw-p 00000000 00:00 0 
629f4000-62a00000 ---p 00000000 00:00 0 
62a00000-62aba000 rw-p 00000000 00:00 0 
62aba000-62b00000 ---p 00000000 00:00 0 
62b00000-62bfb000 rw-p 00000000 00:00 0 
62bfb000-62c00000 ---p 00000000 00:00 0 
62d00000-62e00000 rw-p 00000000 00:00 0 
62e00000-62efd000 rw-p 00000000 00:00 0 
62efd000-62f00000 ---p 00000000 00:00 0 
62f00000-62fdd000 rw-p 00000000 00:00 0 
62fdd000-63000000 ---p 00000000 00:00 0 
63000000-630fd000 rw-p 00000000 00:00 0 
630fd000-63100000 ---p 00000000 00:00 0 
63100000-631fe000 rw-p 00000000 00:00 0 
631fe000-63200000 ---p 00000000 00:00 0 
63200000-632f4000 rw-p 00000000 00:00 0 
632f4000-63300000 ---p 00000000 00:00 0 
63300000-63399000 rw-p 00000000 00:00 0 
63399000-63400000 ---p 00000000 00:00 0 
6342a000-6342b000 ---p 00000000 00:00 0 
6342b000-634ab000 rw-p 00000000 00:00 0          [stack:982]
634ab000-634ae000 ---p 00000000 00:00 0 
634ae000-634fc000 rw-p 00000000 00:00 0          [stack:981]
634fc000-634ff000 ---p 00000000 00:00 0 
634ff000-6357d000 rw-p 00000000 00:00 0          [stack:980]
6357d000-63580000 ---p 00000000 00:00 0 
63580000-635fe000 rw-p 00000000 00:00 0          [stack:979]
635fe000-63601000 ---p 00000000 00:00 0 
63601000-6367f000 rw-p 00000000 00:00 0          [stack:978]
6367f000-63682000 ---p 00000000 00:00 0 
63682000-636d0000 rw-p 00000000 00:00 0          [stack:977]
636d0000-63800000 r--p 00000000 08:41 785816     /usr/lib/locale/ru_UA.utf8/LC_COLLATE
63800000-63821000 rw-p 00000000 00:00 0 
63821000-63900000 ---p 00000000 00:00 0 
63900000-639fe000 rw-p 00000000 00:00 0 
639fe000-63a00000 ---p 00000000 00:00 0 
63a1f000-63a5e000 r--p 00000000 08:41 406351     /usr/lib/locale/zu_ZA.utf8/LC_CTYPE
63a5e000-63a61000 ---p 00000000 00:00 0 
63a61000-63aaf000 rw-p 00000000 00:00 0          [stack:976]
63aaf000-63ab2000 ---p 00000000 00:00 0 
63ab2000-63b00000 rw-p 00000000 00:00 0          [stack:975]
63b00000-63c00000 rw-p 00000000 00:00 0 
63c0b000-63c0c000 ---p 00000000 00:00 0 
63c0c000-63cdb000 rw-p 00000000 00:00 0          [stack:974]
63cdb000-63eb4000 r--s 03d20000 08:41 445829     /usr/lib/jvm/java-8-oracle/jre/lib/rt.jar
63eb4000-6423a000 rw-p 00000000 00:00 0 
6423a000-64300000 ---p 00000000 00:00 0 
64300000-66700000 rw-p 00000000 00:00 0 
66700000-667fb000 rw-p 00000000 00:00 0 
667fb000-66800000 ---p 00000000 00:00 0 
66824000-6687f000 rw-p 00000000 00:00 0 
6687f000-66880000 ---p 00000000 00:00 0 
66880000-66900000 rw-p 00000000 00:00 0          [stack:973]
66900000-66921000 rw-p 00000000 00:00 0 
66921000-66a00000 ---p 00000000 00:00 0 
66a00000-66afe000 rw-p 00000000 00:00 0 
66afe000-66b00000 ---p 00000000 00:00 0 
66b00000-66b21000 rw-p 00000000 00:00 0 
66b21000-66c00000 ---p 00000000 00:00 0 
66c28000-66c29000 ---p 00000000 00:00 0 
66c29000-66cc6000 rw-p 00000000 00:00 0          [stack:972]
66cc6000-66dff000 ---p 00000000 00:00 0 
66dff000-66e1c000 rw-p 00000000 00:00 0 
66e1c000-66f54000 ---p 00000000 00:00 0 
66f54000-66fe9000 rw-p 00000000 00:00 0 
66fe9000-66fff000 ---p 00000000 00:00 0 
66fff000-6aa00000 rw-p 00000000 00:00 0 
6aa00000-91ac0000 ---p 00000000 00:00 0 
91ac0000-a42c0000 rw-p 00000000 00:00 0 
a6d98000-a6fe9000 rw-p 00000000 00:00 0 
a6fe9000-a7018000 r--p 00000000 08:41 401695     /usr/share/locale/ru/LC_MESSAGES/libc.mo
a7018000-a7022000 r--s 00116000 08:41 445810     /usr/lib/jvm/java-8-oracle/jre/lib/ext/localedata.jar
a7022000-a703e000 r--s 00393000 08:41 445808     /usr/lib/jvm/java-8-oracle/jre/lib/ext/cldrdata.jar
a703e000-a703f000 ---p 00000000 00:00 0 
a703f000-a70bf000 rw-p 00000000 00:00 0          [stack:971]
a70bf000-a70c0000 ---p 00000000 00:00 0 
a70c0000-a7150000 rw-p 00000000 00:00 0          [stack:970]
a7150000-a7500000 ---p 00000000 00:00 0 
a7500000-a78c8000 rwxp 00000000 00:00 0 
a78c8000-b6500000 ---p 00000000 00:00 0 
b6500000-b65fd000 rw-p 00000000 00:00 0 
b65fd000-b6600000 ---p 00000000 00:00 0 
b6600000-b6602000 rw-p 00000000 00:00 0 
b6602000-b6607000 r--s 00096000 08:41 445908     /usr/lib/jvm/java-8-oracle/jre/lib/jsse.jar
b6607000-b6616000 r--s 000df000 08:41 1248971    /home/penpen/Android/Sdk/build-tools/23.0.0-preview/lib/dx.jar
b6616000-b6617000 r--p 00000000 08:41 407972     /usr/lib/locale/uk_UA.utf8/LC_NUMERIC
b6617000-b661e000 r--s 00000000 08:41 404720     /usr/lib/i386-linux-gnu/gconv/gconv-modules.cache
b661e000-b6636000 rw-p 00000000 00:00 0 
b6636000-b6642000 r-xp 00000000 08:41 1047256    /lib/i386-linux-gnu/i686/cmov/libnss_files-2.21.so
b6642000-b6643000 r--p 0000b000 08:41 1047256    /lib/i386-linux-gnu/i686/cmov/libnss_files-2.21.so
b6643000-b6644000 rw-p 0000c000 08:41 1047256    /lib/i386-linux-gnu/i686/cmov/libnss_files-2.21.so
b6644000-b665b000 r-xp 00000000 08:41 1047247    /lib/i386-linux-gnu/i686/cmov/libnsl-2.21.so
b665b000-b665c000 r--p 00016000 08:41 1047247    /lib/i386-linux-gnu/i686/cmov/libnsl-2.21.so
b665c000-b665d000 rw-p 00017000 08:41 1047247    /lib/i386-linux-gnu/i686/cmov/libnsl-2.21.so
b665d000-b665f000 rw-p 00000000 00:00 0 
b665f000-b6660000 r--p 00000000 08:41 785833     /usr/lib/locale/ru_RU.utf8/LC_TIME
b6660000-b6661000 r--p 00000000 08:41 785834     /usr/lib/locale/ru_RU.utf8/LC_MONETARY
b6661000-b6662000 r--p 00000000 08:41 785812     /usr/lib/locale/ru_UA.utf8/LC_MESSAGES/SYS_LC_MESSAGES
b6662000-b6663000 r--p 00000000 08:41 406350     /usr/lib/locale/zu_ZA.utf8/LC_PAPER
b6663000-b6664000 r--p 00000000 08:41 407190     /usr/lib/locale/yo_NG/LC_NAME
b6664000-b6665000 r--p 00000000 08:41 785831     /usr/lib/locale/ru_RU.utf8/LC_ADDRESS
b6665000-b667e000 r-xp 00000000 08:41 446016     /usr/lib/jvm/java-8-oracle/jre/lib/i386/libzip.so
b667e000-b667f000 rw-p 00019000 08:41 446016     /usr/lib/jvm/java-8-oracle/jre/lib/i386/libzip.so
b667f000-b6687000 rw-s 00000000 08:41 657005     /tmp/hsperfdata_penpen/955
b6687000-b66ab000 r-xp 00000000 08:41 445990     /usr/lib/jvm/java-8-oracle/jre/lib/i386/libjava.so
b66ab000-b66ac000 rw-p 00023000 08:41 445990     /usr/lib/jvm/java-8-oracle/jre/lib/i386/libjava.so
b66ac000-b66b3000 r-xp 00000000 08:41 1047268    /lib/i386-linux-gnu/i686/cmov/librt-2.21.so
b66b3000-b66b4000 r--p 00006000 08:41 1047268    /lib/i386-linux-gnu/i686/cmov/librt-2.21.so
b66b4000-b66b5000 rw-p 00007000 08:41 1047268    /lib/i386-linux-gnu/i686/cmov/librt-2.21.so
b66b5000-b66b8000 ---p 00000000 00:00 0 
b66b8000-b6706000 rw-p 00000000 00:00 0          [stack:969]
b6706000-b6751000 r-xp 00000000 08:41 1047240    /lib/i386-linux-gnu/i686/cmov/libm-2.21.so
b6751000-b6752000 r--p 0004a000 08:41 1047240    /lib/i386-linux-gnu/i686/cmov/libm-2.21.so
b6752000-b6753000 rw-p 0004b000 08:41 1047240    /lib/i386-linux-gnu/i686/cmov/libm-2.21.so
b6753000-b70d3000 r-xp 00000000 08:41 445960     /usr/lib/jvm/java-8-oracle/jre/lib/i386/server/libjvm.so
b70d3000-b7140000 rw-p 00980000 08:41 445960     /usr/lib/jvm/java-8-oracle/jre/lib/i386/server/libjvm.so
b7140000-b7566000 rw-p 00000000 00:00 0 
b7566000-b7717000 r-xp 00000000 08:41 1047228    /lib/i386-linux-gnu/i686/cmov/libc-2.21.so
b7717000-b771a000 r--p 001b0000 08:41 1047228    /lib/i386-linux-gnu/i686/cmov/libc-2.21.so
b771a000-b771c000 rw-p 001b3000 08:41 1047228    /lib/i386-linux-gnu/i686/cmov/libc-2.21.so
b771c000-b771e000 rw-p 00000000 00:00 0 
b771e000-b7721000 r-xp 00000000 08:41 1047237    /lib/i386-linux-gnu/i686/cmov/libdl-2.21.so
b7721000-b7722000 r--p 00002000 08:41 1047237    /lib/i386-linux-gnu/i686/cmov/libdl-2.21.so
b7722000-b7723000 rw-p 00003000 08:41 1047237    /lib/i386-linux-gnu/i686/cmov/libdl-2.21.so
b7723000-b7737000 r-xp 00000000 08:41 459032     /usr/lib/jvm/java-8-oracle/lib/i386/jli/libjli.so
b7737000-b7738000 rw-p 00014000 08:41 459032     /usr/lib/jvm/java-8-oracle/lib/i386/jli/libjli.so
b7738000-b7739000 rw-p 00000000 00:00 0 
b7739000-b7752000 r-xp 00000000 08:41 1047219    /lib/i386-linux-gnu/i686/cmov/libpthread-2.21.so
b7752000-b7753000 r--p 00018000 08:41 1047219    /lib/i386-linux-gnu/i686/cmov/libpthread-2.21.so
b7753000-b7754000 rw-p 00019000 08:41 1047219    /lib/i386-linux-gnu/i686/cmov/libpthread-2.21.so
b7754000-b7756000 rw-p 00000000 00:00 0 
b7756000-b7757000 r--p 00000000 08:41 408012     /usr/lib/locale/tt_RU@iqtelif/LC_TELEPHONE
b7757000-b7758000 r--p 00000000 08:41 406349     /usr/lib/locale/zu_ZA.utf8/LC_MEASUREMENT
b7758000-b7759000 r--p 00000000 08:41 785830     /usr/lib/locale/ru_RU.utf8/LC_IDENTIFICATION
b7759000-b7764000 r-xp 00000000 08:41 1047260    /lib/i386-linux-gnu/i686/cmov/libnss_nis-2.21.so
b7764000-b7765000 r--p 0000a000 08:41 1047260    /lib/i386-linux-gnu/i686/cmov/libnss_nis-2.21.so
b7765000-b7766000 rw-p 0000b000 08:41 1047260    /lib/i386-linux-gnu/i686/cmov/libnss_nis-2.21.so
b7766000-b776e000 r-xp 00000000 08:41 1047250    /lib/i386-linux-gnu/i686/cmov/libnss_compat-2.21.so
b776e000-b776f000 r--p 00007000 08:41 1047250    /lib/i386-linux-gnu/i686/cmov/libnss_compat-2.21.so
b776f000-b7770000 rw-p 00008000 08:41 1047250    /lib/i386-linux-gnu/i686/cmov/libnss_compat-2.21.so
b7770000-b7771000 rw-p 00000000 00:00 0 
b7771000-b7772000 ---p 00000000 00:00 0 
b7772000-b777d000 r-xp 00000000 08:41 446009     /usr/lib/jvm/java-8-oracle/jre/lib/i386/libverify.so
b777d000-b777e000 rw-p 0000b000 08:41 446009     /usr/lib/jvm/java-8-oracle/jre/lib/i386/libverify.so
b777e000-b7780000 rw-p 00000000 00:00 0 
b7780000-b7781000 r-xp 00000000 00:00 0          [vdso]
b7781000-b7783000 r--p 00000000 00:00 0          [vvar]
b7783000-b77a4000 r-xp 00000000 08:41 1047048    /lib/i386-linux-gnu/ld-2.21.so
b77a4000-b77a5000 r--p 00020000 08:41 1047048    /lib/i386-linux-gnu/ld-2.21.so
b77a5000-b77a6000 rw-p 00021000 08:41 1047048    /lib/i386-linux-gnu/ld-2.21.so
bfdf2000-bfdf3000 rwxp 00000000 00:00 0 
bfe24000-bfe46000 rw-p 00000000 00:00 0          [stack]

VM Arguments:
jvm_args: -Xmx1024M -Dfile.encoding=UTF-8 -Duser.country=RU -Duser.language=ru -Duser.variant 
java_command: com.android.dx.command.Main --dex --num-threads=4 --output /home/penpen/AndroidStudioProjects/ProfView/app/build/intermediates/transforms/DEX/FULL_PROJECT/dex/debug /home/penpen/AndroidStudioProjects/ProfView/app/build/intermediates/pre-dexed/debug/support-annotations-23.1.0_76cbd644fb47912135d5e4d099e9a72e58519c29.jar /home/penpen/AndroidStudioProjects/ProfView/app/build/intermediates/pre-dexed/debug/classes_0db9c4deaccc23c8363da821f6032dcc3ea1f72c.jar /home/penpen/AndroidStudioProjects/ProfView/app/build/intermediates/pre-dexed/debug/internal_impl-22.2.0_fdd450cb304cae8b88ed0a205dd32ed60cd640ca.jar /home/penpen/AndroidStudioProjects/ProfView/app/build/intermediates/pre-dexed/debug/classes_8e33fa140905738a46845c1525b50500c4b347fb.jar /home/penpen/AndroidStudioProjects/ProfView/app/build/intermediates/pre-dexed/debug/classes_dd9f383864216e8d30e5b63db68f438405cd8d9b.jar /home/penpen/AndroidStudioProjects/ProfView/app/build/intermediates/pre-dexed/debug/classes_3033d4945cb51a2ad49faf60a8d7716d61d7d8c6.jar /home/penpen/AndroidStudioProjects/ProfView/app/build/intermediates/pre-dexed/debug/classes_ee01f61256bca8890deb65e579cea9f1f0aa4fee.jar /home/penpen/AndroidStudioProjects/ProfView/app/build/intermediates/pre-dexed/debug/classes_dbe7cfa2a04de612b955c0eb93fbcf68ebd0c92d.jar /home/penpen/AndroidStudioProjects/ProfView/app/build/intermediates/pre-dexed/debug/classes_6fbc037773595f4ba9c994bf427edf495c5ec1e5.jar /home/penpen/AndroidStudioProjects/ProfView/app/build/intermediates/pre-dexed/debug/classes_ba8b9e3e24d3c94c44229a8b528aa3b2c533bbd6.jar /home/penpen/AndroidStudioProjects/ProfView/app/build/intermediates/pre-dexed/debug/classes_ebe5071401114b9eb6fdca5d9608f10af4cca496.jar /home/penpen/AndroidStudioProjects/ProfView/app/build/intermediates/pre-dexed/debug/classes_d718b51365f76f8f21fa1bdad3326cefeb977f9c.jar /home/penpen/AndroidStudioProjects/ProfView/app/build/intermediates/pre-dexed/debug/volley_2316f929b0b2f64f074f415cfaf7ca57c01d1cb3.jar /home/p
java_class_path (initial): /home/penpen/Android/Sdk/build-tools/23.0.0-preview/lib/dx.jar
Launcher Type: SUN_STANDARD

Environment Variables:
PATH=/usr/local/bin:/usr/bin:/bin:/usr/local/games:/usr/games
LD_LIBRARY_PATH=/home/penpen/Programs/android-studio/bin:
SHELL=/bin/bash
DISPLAY=:0

Signal Handlers:
SIGSEGV: [libjvm.so+0x8cdc10], sa_mask[0]=11111111011111111101111111111110, sa_flags=SA_RESTART|SA_SIGINFO
SIGBUS: [libjvm.so+0x8cdc10], sa_mask[0]=11111111011111111101111111111110, sa_flags=SA_RESTART|SA_SIGINFO
SIGFPE: [libjvm.so+0x74dbb0], sa_mask[0]=11111111011111111101111111111110, sa_flags=SA_RESTART|SA_SIGINFO
SIGPIPE: [libjvm.so+0x74dbb0], sa_mask[0]=11111111011111111101111111111110, sa_flags=SA_RESTART|SA_SIGINFO
SIGXFSZ: [libjvm.so+0x74dbb0], sa_mask[0]=11111111011111111101111111111110, sa_flags=SA_RESTART|SA_SIGINFO
SIGILL: [libjvm.so+0x74dbb0], sa_mask[0]=11111111011111111101111111111110, sa_flags=SA_RESTART|SA_SIGINFO
SIGUSR1: SIG_DFL, sa_mask[0]=00000000000000000000000000000000, sa_flags=none
SIGUSR2: [libjvm.so+0x74f230], sa_mask[0]=00100000000000000000000000000000, sa_flags=SA_RESTART|SA_SIGINFO
SIGHUP: [libjvm.so+0x7506e0], sa_mask[0]=11111111011111111101111111111110, sa_flags=SA_RESTART|SA_SIGINFO
SIGINT: [libjvm.so+0x7506e0], sa_mask[0]=11111111011111111101111111111110, sa_flags=SA_RESTART|SA_SIGINFO
SIGTERM: [libjvm.so+0x7506e0], sa_mask[0]=11111111011111111101111111111110, sa_flags=SA_RESTART|SA_SIGINFO
SIGQUIT: [libjvm.so+0x7506e0], sa_mask[0]=11111111011111111101111111111110, sa_flags=SA_RESTART|SA_SIGINFO


---------------  S Y S T E M  ---------------

OS:PRETTY_NAME="Debian GNU/Linux 8 (jessie)"
NAME="Debian GNU/Linux"
VERSION_ID="8"
VERSION="8 (jessie)"
ID=debian
HOME_URL="http://www.debian.org/"
SUPPORT_URL="http://www.debian.org/support/"
BUG_REPORT_URL="https://bugs.debian.org/"

uname:Linux 3.16.0-4-686-pae #1 SMP Debian 3.16.7-ckt11-1+deb8u6 (2015-11-09) i686
libc:glibc 2.21 NPTL 2.21 
rlimit: STACK 8192k, CORE 0k, NPROC 45905, NOFILE 65536, AS infinity
load average:5,75 1,68 1,18

/proc/meminfo:
MemTotal:        5890812 kB
MemFree:          291536 kB
MemAvailable:     231484 kB
Buffers:            1844 kB
Cached:           678200 kB
SwapCached:            0 kB
Active:          4823496 kB
Inactive:         641380 kB
Active(anon):    4789756 kB
Inactive(anon):   592552 kB
Active(file):      33740 kB
Inactive(file):    48828 kB
Unevictable:           0 kB
Mlocked:               0 kB
HighTotal:       5047752 kB
HighFree:          62952 kB
LowTotal:         843060 kB
LowFree:          228584 kB
SwapTotal:             0 kB
SwapFree:              0 kB
Dirty:              2148 kB
Writeback:          8324 kB
AnonPages:       4784992 kB
Mapped:           369008 kB
Shmem:            597328 kB
Slab:              64360 kB
SReclaimable:      28604 kB
SUnreclaim:        35756 kB
KernelStack:        7928 kB
PageTables:        45484 kB
NFS_Unstable:          0 kB
Bounce:             1224 kB
WritebackTmp:          0 kB
CommitLimit:     2945404 kB
Committed_AS:   17446712 kB
VmallocTotal:     122880 kB
VmallocUsed:       16852 kB
VmallocChunk:     102460 kB
HardwareCorrupted:     0 kB
AnonHugePages:         0 kB
HugePages_Total:       0
HugePages_Free:        0
HugePages_Rsvd:        0
HugePages_Surp:        0
Hugepagesize:       2048 kB
DirectMap4k:       10232 kB
DirectMap2M:      897024 kB


CPU:total 4 (2 cores per cpu, 2 threads per core) family 6 model 37 stepping 2, cmov, cx8, fxsr, mmx, sse, sse2, sse3, ssse3, sse4.1, sse4.2, popcnt, ht, tsc, tscinvbit

/proc/cpuinfo:
processor	: 0
vendor_id	: GenuineIntel
cpu family	: 6
model		: 37
model name	: Intel(R) Core(TM) i3 CPU         540  @ 3.07GHz
stepping	: 2
microcode	: 0x9
cpu MHz		: 3067.000
cache size	: 4096 KB
physical id	: 0
siblings	: 4
core id		: 0
cpu cores	: 2
apicid		: 0
initial apicid	: 0
fdiv_bug	: no
f00f_bug	: no
coma_bug	: no
fpu		: yes
fpu_exception	: yes
cpuid level	: 11
wp		: yes
flags		: fpu vme de pse tsc msr pae mce cx8 apic sep mtrr pge mca cmov pat pse36 clflush dts acpi mmx fxsr sse sse2 ss ht tm pbe nx rdtscp lm constant_tsc arch_perfmon pebs bts xtopology nonstop_tsc aperfmperf pni dtes64 monitor ds_cpl vmx est tm2 ssse3 cx16 xtpr pdcm sse4_1 sse4_2 popcnt lahf_lm arat dtherm tpr_shadow vnmi flexpriority ept vpid
bogomips	: 6157.98
clflush size	: 64
cache_alignment	: 64
address sizes	: 36 bits physical, 48 bits virtual
power management:

processor	: 1
vendor_id	: GenuineIntel
cpu family	: 6
model		: 37
model name	: Intel(R) Core(TM) i3 CPU         540  @ 3.07GHz
stepping	: 2
microcode	: 0x9
cpu MHz		: 3067.000
cache size	: 4096 KB
physical id	: 0
siblings	: 4
core id		: 2
cpu cores	: 2
apicid		: 4
initial apicid	: 4
fdiv_bug	: no
f00f_bug	: no
coma_bug	: no
fpu		: yes
fpu_exception	: yes
cpuid level	: 11
wp		: yes
flags		: fpu vme de pse tsc msr pae mce cx8 apic sep mtrr pge mca cmov pat pse36 clflush dts acpi mmx fxsr sse sse2 ss ht tm pbe nx rdtscp lm constant_tsc arch_perfmon pebs bts xtopology nonstop_tsc aperfmperf pni dtes64 monitor ds_cpl vmx est tm2 ssse3 cx16 xtpr pdcm sse4_1 sse4_2 popcnt lahf_lm arat dtherm tpr_shadow vnmi flexpriority ept vpid
bogomips	: 6157.98
clflush size	: 64
cache_alignment	: 64
address sizes	: 36 bits physical, 48 bits virtual
power management:

processor	: 2
vendor_id	: GenuineIntel
cpu family	: 6
model		: 37
model name	: Intel(R) Core(TM) i3 CPU         540  @ 3.07GHz
stepping	: 2
microcode	: 0x9
cpu MHz		: 1200.000
cache size	: 4096 KB
physical id	: 0
siblings	: 4
core id		: 0
cpu cores	: 2
apicid		: 1
initial apicid	: 1
fdiv_bug	: no
f00f_bug	: no
coma_bug	: no
fpu		: yes
fpu_exception	: yes
cpuid level	: 11
wp		: yes
flags		: fpu vme de pse tsc msr pae mce cx8 apic sep mtrr pge mca cmov pat pse36 clflush dts acpi mmx fxsr sse sse2 ss ht tm pbe nx rdtscp lm constant_tsc arch_perfmon pebs bts xtopology nonstop_tsc aperfmperf pni dtes64 monitor ds_cpl vmx est tm2 ssse3 cx16 xtpr pdcm sse4_1 sse4_2 popcnt lahf_lm arat dtherm tpr_shadow vnmi flexpriority ept vpid
bogomips	: 6157.98
clflush size	: 64
cache_alignment	: 64
address sizes	: 36 bits physical, 48 bits virtual
power management:

processor	: 3
vendor_id	: GenuineIntel
cpu family	: 6
model		: 37
model name	: Intel(R) Core(TM) i3 CPU         540  @ 3.07GHz
stepping	: 2
microcode	: 0x9
cpu MHz		: 3067.000
cache size	: 4096 KB
physical id	: 0
siblings	: 4
core id		: 2
cpu cores	: 2
apicid		: 5
initial apicid	: 5
fdiv_bug	: no
f00f_bug	: no
coma_bug	: no
fpu		: yes
fpu_exception	: yes
cpuid level	: 11
wp		: yes
flags		: fpu vme de pse tsc msr pae mce cx8 apic sep mtrr pge mca cmov pat pse36 clflush dts acpi mmx fxsr sse sse2 ss ht tm pbe nx rdtscp lm constant_tsc arch_perfmon pebs bts xtopology nonstop_tsc aperfmperf pni dtes64 monitor ds_cpl vmx est tm2 ssse3 cx16 xtpr pdcm sse4_1 sse4_2 popcnt lahf_lm arat dtherm tpr_shadow vnmi flexpriority ept vpid
bogomips	: 6157.98
clflush size	: 64
cache_alignment	: 64
address sizes	: 36 bits physical, 48 bits virtual
power management:



Memory: 4k page, physical 5890812k(291536k free), swap 0k(0k free)

vm_info: Java HotSpot(TM) Server VM (25.66-b17) for linux-x86 JRE (1.8.0_66-b17), built on Oct  6 2015 18:06:03 by "java_re" with gcc 4.3.0 20080428 (Red Hat 4.3.0-8)

time: Wed Nov 25 03:11:41 2015
elapsed time: 15 seconds (0d 0h 0m 15s)

