#
# There is insufficient memory for the Java Runtime Environment to continue.
# Native memory allocation (mmap) failed to map 32768 bytes for committing reserved memory.
# Possible reasons:
#   The system is out of physical RAM or swap space
#   In 32 bit mode, the process size limit was hit
# Possible solutions:
#   Reduce memory load on the system
#   Increase physical memory or swap space
#   Check if swap backing store is full
#   Use 64 bit Java on a 64 bit OS
#   Decrease Java heap size (-Xmx/-Xms)
#   Decrease number of Java threads
#   Decrease Java thread stack sizes (-Xss)
#   Set larger code cache with -XX:ReservedCodeCacheSize=
# This output file may be truncated or incomplete.
#
#  Out of Memory Error (os_linux.cpp:2627), pid=26140, tid=1665981248
#
# JRE version: Java(TM) SE Runtime Environment (8.0_60-b27) (build 1.8.0_60-b27)
# Java VM: Java HotSpot(TM) Server VM (25.60-b23 mixed mode linux-x86 )
# Failed to write core dump. Core dumps have been disabled. To enable core dumping, try "ulimit -c unlimited" before starting Java again
#

---------------  T H R E A D  ---------------

Current thread (0x63ba9400):  JavaThread "C1 CompilerThread2" daemon [_thread_in_vm, id=26167, stack(0x6344d000,0x634ce000)]

Stack: [0x6344d000,0x634ce000],  sp=0x634cc330,  free space=508k
Native frames: (J=compiled Java code, j=interpreted, Vv=VM code, C=native code)
V  [libjvm.so+0x8cd06f]  VMError::report_and_die()+0x16f
V  [libjvm.so+0x38bea5]  report_vm_out_of_memory(char const*, int, unsigned int, VMErrorType, char const*)+0x55
V  [libjvm.so+0x750e26]  os::Linux::commit_memory_impl(char*, unsigned int, bool)+0xe6
V  [libjvm.so+0x7512f8]  os::pd_commit_memory(char*, unsigned int, unsigned int, bool)+0x28
V  [libjvm.so+0x74b21c]  os::commit_memory(char*, unsigned int, unsigned int, bool)+0x2c
V  [libjvm.so+0x8c910c]  VirtualSpace::expand_by(unsigned int, bool)+0x1ec
V  [libjvm.so+0x4a18b5]  CodeHeap::expand_by(unsigned int)+0x65
V  [libjvm.so+0x31db52]  CodeCache::allocate(int, bool)+0x72
V  [libjvm.so+0x72420e]  nmethod::new_nmethod(methodHandle, int, int, CodeOffsets*, int, DebugInformationRecorder*, Dependencies*, CodeBuffer*, int, OopMapSet*, ExceptionHandlerTable*, ImplicitExceptionTable*, AbstractCompiler*, int)+0x1ae
V  [libjvm.so+0x2b4a5b]  ciEnv::register_method(ciMethod*, int, CodeOffsets*, int, CodeBuffer*, int, OopMapSet*, ExceptionHandlerTable*, ImplicitExceptionTable*, AbstractCompiler*, int, bool, bool, RTMState)+0x37b
V  [libjvm.so+0x20b840]  Compilation::install_code(int)+0xa0
V  [libjvm.so+0x20cc01]  Compilation::compile_method()+0xc1
V  [libjvm.so+0x20ce77]  Compilation::Compilation(AbstractCompiler*, ciEnv*, ciMethod*, int, BufferBlob*)+0x207
V  [libjvm.so+0x20dc3b]  Compiler::compile_method(ciEnv*, ciMethod*, int)+0x7b
V  [libjvm.so+0x347b51]  CompileBroker::invoke_compiler_on_method(CompileTask*)+0xda1
V  [libjvm.so+0x348967]  CompileBroker::compiler_thread_loop()+0x567
V  [libjvm.so+0x876578]  compiler_thread_entry(JavaThread*, Thread*)+0x18
V  [libjvm.so+0x880ae9]  JavaThread::thread_main_inner()+0x109
V  [libjvm.so+0x880c6b]  JavaThread::run()+0x14b
V  [libjvm.so+0x753469]  java_start(Thread*)+0x119
C  [libpthread.so.0+0x617f]  start_thread+0xcf
C  [libc.so.6+0xe7e9e]  clone+0x5e


Current CompileTask:
C1:  16312 1724 %     3       com.android.dx.dex.code.RopTranslator::pickOrder @ 80 (400 bytes)


---------------  P R O C E S S  ---------------

Java Threads: ( => current thread )
  0x63213c00 JavaThread "pool-1-thread-4" [_thread_blocked, id=26181, stack(0x6310d000,0x6315e000)]
  0x63212400 JavaThread "pool-1-thread-3" [_thread_blocked, id=26180, stack(0x6315e000,0x631af000)]
  0x6320d000 JavaThread "pool-1-thread-2" [_thread_blocked, id=26179, stack(0x631af000,0x63200000)]
  0x63205000 JavaThread "pool-2-thread-1" [_thread_blocked, id=26176, stack(0x6332a000,0x6337b000)]
  0x63204000 JavaThread "pool-1-thread-1" [_thread_blocked, id=26174, stack(0x6337b000,0x633cc000)]
  0x63bac400 JavaThread "Service Thread" daemon [_thread_blocked, id=26169, stack(0x6381f000,0x63870000)]
=>0x63ba9400 JavaThread "C1 CompilerThread2" daemon [_thread_in_vm, id=26167, stack(0x6344d000,0x634ce000)]
  0x63ba7c00 JavaThread "C2 CompilerThread1" daemon [_thread_blocked, id=26166, stack(0x634ce000,0x6354f000)]
  0x63ba5c00 JavaThread "C2 CompilerThread0" daemon [_thread_blocked, id=26164, stack(0x6354f000,0x635d0000)]
  0x63ba4400 JavaThread "Signal Dispatcher" daemon [_thread_blocked, id=26162, stack(0x63870000,0x638c1000)]
  0x63b85c00 JavaThread "Finalizer" daemon [_thread_blocked, id=26157, stack(0x6682e000,0x6687f000)]
  0x63b84400 JavaThread "Reference Handler" daemon [_thread_blocked, id=26155, stack(0x63a2e000,0x63a7f000)]
  0xb6507800 JavaThread "main" [_thread_blocked, id=26142, stack(0xb66e9000,0xb673a000)]

Other Threads:
  0x63b81400 VMThread [stack: 0x63a7f000,0x63b00000] [id=26154]
  0x63baf400 WatcherThread [stack: 0x633cc000,0x6344d000] [id=26171]

VM state:synchronizing (normal execution)

VM Mutex/Monitor currently owned by a thread:  ([mutex/lock_event])
[0xb6504418] CodeCache_lock - owner thread: 0x63ba9400
[0xb6504e40] Threads_lock - owner thread: 0x63b81400
[0xb6505660] Compile_lock - owner thread: 0x63ba9400
[0xb6505730] MethodCompileQueue_lock - owner thread: 0x63ba9400

Heap:
 PSYoungGen      total 73984K, used 46453K [0x91ac0000, 0x96c40000, 0xa7000000)
  eden space 66048K, 59% used [0x91ac0000,0x9411dac8,0x95b40000)
  from space 7936K, 90% used [0x96380000,0x96a7fa40,0x96b40000)
  to   space 8448K, 0% used [0x95b40000,0x95b40000,0x96380000)
 ParOldGen       total 43776K, used 15358K [0x67000000, 0x69ac0000, 0x91ac0000)
  object space 43776K, 35% used [0x67000000,0x67effa38,0x69ac0000)
 Metaspace       used 3920K, capacity 3942K, committed 3992K, reserved 4400K

Card table byte_map: [0x66dff000,0x67000000] byte_map_base: 0x66ac7000

Marking Bits: (ParMarkBitMap*) 0xb7185380
 Begin Bits: [0x64700000, 0x65700000)
 End Bits:   [0x65700000, 0x66700000)

Polling page: 0xb779b000

CodeCache: size=245760Kb used=4335Kb max_used=4335Kb free=241424Kb
 bounds [0xa7500000, 0xa7940000, 0xb6500000]
 total_blobs=1413 nmethods=1251 adapters=75
 compilation: enabled

Compilation events (10 events):
Event: 15,278 Thread 0x63ba9400 nmethod 1721% 0xa7933548 code [0xa7933920, 0xa7935588]
Event: 15,278 Thread 0x63ba9400 1715       3       com.android.dx.ssa.back.SsaToRop::removePhiFunctions (83 bytes)
Event: 15,280 Thread 0x63ba9400 nmethod 1715 0xa79368c8 code [0xa7936b60, 0xa7937a2c]
Event: 15,280 Thread 0x63ba9400 1698 %     3       com.android.dx.cf.code.BasicBlocker::getBlockList @ 66 (208 bytes)
Event: 15,290 Thread 0x63ba9400 nmethod 1698% 0xa7938488 code [0xa79386e0, 0xa79396b4]
Event: 15,314 Thread 0x63ba9400 1744       3       com.android.dx.ssa.SsaConverter::edgeSplitSuccessors (98 bytes)
Event: 15,315 Thread 0x63ba9400 nmethod 1744 0xa793a288 code [0xa793a4c0, 0xa793af2c]
Event: 15,315 Thread 0x63ba9400 1714 %     3       com.android.dx.ssa.SsaMethod::makeExitBlock @ 69 (134 bytes)
Event: 15,317 Thread 0x63ba9400 nmethod 1714% 0xa793b808 code [0xa793ba60, 0xa793c760]
Event: 15,317 Thread 0x63ba9400 1724 %     3       com.android.dx.dex.code.RopTranslator::pickOrder @ 80 (400 bytes)

GC Heap History (10 events):
Event: 2,799 GC heap before
{Heap before GC invocations=2 (full 0):
 PSYoungGen      total 19200K, used 19190K [0x91ac0000, 0x93000000, 0xa7000000)
  eden space 16640K, 100% used [0x91ac0000,0x92b00000,0x92b00000)
  from space 2560K, 99% used [0x92b00000,0x92d7da20,0x92d80000)
  to   space 2560K, 0% used [0x92d80000,0x92d80000,0x93000000)
 ParOldGen       total 43776K, used 1845K [0x67000000, 0x69ac0000, 0x91ac0000)
  object space 43776K, 4% used [0x67000000,0x671cd408,0x69ac0000)
 Metaspace       used 3716K, capacity 3750K, committed 3864K, reserved 4400K
Event: 2,844 GC heap after
Heap after GC invocations=2 (full 0):
 PSYoungGen      total 19200K, used 2555K [0x91ac0000, 0x94040000, 0xa7000000)
  eden space 16640K, 0% used [0x91ac0000,0x91ac0000,0x92b00000)
  from space 2560K, 99% used [0x92d80000,0x92ffefa8,0x93000000)
  to   space 2560K, 0% used [0x92b00000,0x92b00000,0x92d80000)
 ParOldGen       total 43776K, used 4661K [0x67000000, 0x69ac0000, 0x91ac0000)
  object space 43776K, 10% used [0x67000000,0x6748d628,0x69ac0000)
 Metaspace       used 3716K, capacity 3750K, committed 3864K, reserved 4400K
}
Event: 3,449 GC heap before
{Heap before GC invocations=3 (full 0):
 PSYoungGen      total 19200K, used 19195K [0x91ac0000, 0x94040000, 0xa7000000)
  eden space 16640K, 100% used [0x91ac0000,0x92b00000,0x92b00000)
  from space 2560K, 99% used [0x92d80000,0x92ffefa8,0x93000000)
  to   space 2560K, 0% used [0x92b00000,0x92b00000,0x92d80000)
 ParOldGen       total 43776K, used 4661K [0x67000000, 0x69ac0000, 0x91ac0000)
  object space 43776K, 10% used [0x67000000,0x6748d628,0x69ac0000)
 Metaspace       used 3746K, capacity 3782K, committed 3864K, reserved 4400K
Event: 3,483 GC heap after
Heap after GC invocations=3 (full 0):
 PSYoungGen      total 19200K, used 2547K [0x91ac0000, 0x94040000, 0xa7000000)
  eden space 16640K, 0% used [0x91ac0000,0x91ac0000,0x92b00000)
  from space 2560K, 99% used [0x92b00000,0x92d7cf58,0x92d80000)
  to   space 2560K, 0% used [0x93dc0000,0x93dc0000,0x94040000)
 ParOldGen       total 43776K, used 6862K [0x67000000, 0x69ac0000, 0x91ac0000)
  object space 43776K, 15% used [0x67000000,0x676b3918,0x69ac0000)
 Metaspace       used 3746K, capacity 3782K, committed 3864K, reserved 4400K
}
Event: 4,137 GC heap before
{Heap before GC invocations=4 (full 0):
 PSYoungGen      total 19200K, used 19187K [0x91ac0000, 0x94040000, 0xa7000000)
  eden space 16640K, 100% used [0x91ac0000,0x92b00000,0x92b00000)
  from space 2560K, 99% used [0x92b00000,0x92d7cf58,0x92d80000)
  to   space 2560K, 0% used [0x93dc0000,0x93dc0000,0x94040000)
 ParOldGen       total 43776K, used 6862K [0x67000000, 0x69ac0000, 0x91ac0000)
  object space 43776K, 15% used [0x67000000,0x676b3918,0x69ac0000)
 Metaspace       used 3783K, capacity 3814K, committed 3864K, reserved 4400K
Event: 4,183 GC heap after
Heap after GC invocations=4 (full 0):
 PSYoungGen      total 35840K, used 2551K [0x91ac0000, 0x94040000, 0xa7000000)
  eden space 33280K, 0% used [0x91ac0000,0x91ac0000,0x93b40000)
  from space 2560K, 99% used [0x93dc0000,0x9403de90,0x94040000)
  to   space 2560K, 0% used [0x93b40000,0x93b40000,0x93dc0000)
 ParOldGen       total 43776K, used 10260K [0x67000000, 0x69ac0000, 0x91ac0000)
  object space 43776K, 23% used [0x67000000,0x67a05380,0x69ac0000)
 Metaspace       used 3783K, capacity 3814K, committed 3864K, reserved 4400K
}
Event: 5,862 GC heap before
{Heap before GC invocations=5 (full 0):
 PSYoungGen      total 35840K, used 35831K [0x91ac0000, 0x94040000, 0xa7000000)
  eden space 33280K, 100% used [0x91ac0000,0x93b40000,0x93b40000)
  from space 2560K, 99% used [0x93dc0000,0x9403de90,0x94040000)
  to   space 2560K, 0% used [0x93b40000,0x93b40000,0x93dc0000)
 ParOldGen       total 43776K, used 10260K [0x67000000, 0x69ac0000, 0x91ac0000)
  object space 43776K, 23% used [0x67000000,0x67a05380,0x69ac0000)
 Metaspace       used 3865K, capacity 3910K, committed 3992K, reserved 4400K
Event: 6,400 GC heap after
Heap after GC invocations=5 (full 0):
 PSYoungGen      total 35840K, used 2551K [0x91ac0000, 0x96b40000, 0xa7000000)
  eden space 33280K, 0% used [0x91ac0000,0x91ac0000,0x93b40000)
  from space 2560K, 99% used [0x93b40000,0x93dbdd00,0x93dc0000)
  to   space 7936K, 0% used [0x96380000,0x96380000,0x96b40000)
 ParOldGen       total 43776K, used 15358K [0x67000000, 0x69ac0000, 0x91ac0000)
  object space 43776K, 35% used [0x67000000,0x67effa38,0x69ac0000)
 Metaspace       used 3865K, capacity 3910K, committed 3992K, reserved 4400K
}
Event: 14,619 GC heap before
{Heap before GC invocations=6 (full 0):
 PSYoungGen      total 35840K, used 35831K [0x91ac0000, 0x96b40000, 0xa7000000)
  eden space 33280K, 100% used [0x91ac0000,0x93b40000,0x93b40000)
  from space 2560K, 99% used [0x93b40000,0x93dbdd00,0x93dc0000)
  to   space 7936K, 0% used [0x96380000,0x96380000,0x96b40000)
 ParOldGen       total 43776K, used 15358K [0x67000000, 0x69ac0000, 0x91ac0000)
  object space 43776K, 35% used [0x67000000,0x67effa38,0x69ac0000)
 Metaspace       used 3896K, capacity 3942K, committed 3992K, reserved 4400K
Event: 14,782 GC heap after
Heap after GC invocations=6 (full 0):
 PSYoungGen      total 73984K, used 7166K [0x91ac0000, 0x96c40000, 0xa7000000)
  eden space 66048K, 0% used [0x91ac0000,0x91ac0000,0x95b40000)
  from space 7936K, 90% used [0x96380000,0x96a7fa40,0x96b40000)
  to   space 8448K, 0% used [0x95b40000,0x95b40000,0x96380000)
 ParOldGen       total 43776K, used 15358K [0x67000000, 0x69ac0000, 0x91ac0000)
  object space 43776K, 35% used [0x67000000,0x67effa38,0x69ac0000)
 Metaspace       used 3896K, capacity 3942K, committed 3992K, reserved 4400K
}

Deoptimization events (10 events):
Event: 1,733 Thread 0x63213c00 Uncommon trap: reason=unstable_if action=reinterpret pc=0xa7653a48 method=java.util.BitSet.nextSetBit(I)I @ 87
Event: 2,868 Thread 0x63204000 Uncommon trap: reason=null_check action=make_not_entrant pc=0xa7712080 method=com.android.dx.ssa.SsaRenamer.getLocalForNewReg(I)Lcom/android/dx/rop/code/LocalItem; @ 19
Event: 3,018 Thread 0x63204000 Uncommon trap: reason=null_check action=make_not_entrant pc=0xa7720ffc method=com.android.dx.ssa.SsaRenamer.getLocalForNewReg(I)Lcom/android/dx/rop/code/LocalItem; @ 19
Event: 3,098 Thread 0xb6507800 Uncommon trap: reason=bimorphic action=maybe_recompile pc=0xa7651518 method=java.util.HashMap.getNode(ILjava/lang/Object;)Ljava/util/HashMap$Node; @ 126
Event: 3,098 Thread 0xb6507800 Uncommon trap: reason=bimorphic action=maybe_recompile pc=0xa7651518 method=java.util.HashMap.getNode(ILjava/lang/Object;)Ljava/util/HashMap$Node; @ 126
Event: 3,128 Thread 0xb6507800 Uncommon trap: reason=bimorphic action=maybe_recompile pc=0xa7651518 method=java.util.HashMap.getNode(ILjava/lang/Object;)Ljava/util/HashMap$Node; @ 126
Event: 4,668 Thread 0x6320d000 Uncommon trap: reason=unstable_if action=reinterpret pc=0xa771a2dc method=java.util.HashMap.getNode(ILjava/lang/Object;)Ljava/util/HashMap$Node; @ 84
Event: 4,682 Thread 0x6320d000 Uncommon trap: reason=bimorphic action=maybe_recompile pc=0xa7651518 method=java.util.HashMap.getNode(ILjava/lang/Object;)Ljava/util/HashMap$Node; @ 126
Event: 7,044 Thread 0xb6507800 Uncommon trap: reason=unstable_if action=reinterpret pc=0xa78749e8 method=com.android.dx.ssa.SsaRenamer$BlockRenamer.addMapping(ILcom/android/dx/rop/code/RegisterSpec;)V @ 120
Event: 14,581 Thread 0x63204000 Uncommon trap: reason=unstable_if action=reinterpret pc=0xa78cbc74 method=com.android.dx.ssa.SsaRenamer$BlockRenamer.addMapping(ILcom/android/dx/rop/code/RegisterSpec;)V @ 120

Internal exceptions (7 events):
Event: 0,173 Thread 0xb6507800 Exception <a 'java/lang/NoSuchMethodError': Method sun.misc.Unsafe.defineClass(Ljava/lang/String;[BII)Ljava/lang/Class; name or signature does not match> (0x91ad0540) thrown at [/HUDSON3/workspace/8-2-build-linux-i586/jdk8u60/4407/hotspot/src/share/vm/pri
Event: 0,173 Thread 0xb6507800 Exception <a 'java/lang/NoSuchMethodError': Method sun.misc.Unsafe.prefetchRead(Ljava/lang/Object;J)V name or signature does not match> (0x91ad0810) thrown at [/HUDSON3/workspace/8-2-build-linux-i586/jdk8u60/4407/hotspot/src/share/vm/prims/jni.cpp, line 3
Event: 2,868 Thread 0x63204000 Implicit null exception at 0xa770fcf0 to 0xa7712061
Event: 3,018 Thread 0x63204000 Implicit null exception at 0xa771ed41 to 0xa7720fcd
Event: 4,497 Thread 0x6320d000 Exception <a 'java/lang/ArrayIndexOutOfBoundsException': 18> (0x92995508) thrown at [/HUDSON3/workspace/8-2-build-linux-i586/jdk8u60/4407/hotspot/src/share/vm/interpreter/interpreterRuntime.cpp, line 366]
Event: 4,498 Thread 0x6320d000 Exception <a 'java/lang/ArrayIndexOutOfBoundsException': 145> (0x92996da8) thrown at [/HUDSON3/workspace/8-2-build-linux-i586/jdk8u60/4407/hotspot/src/share/vm/interpreter/interpreterRuntime.cpp, line 366]
Event: 4,668 Thread 0x6320d000 Exception <a 'java/lang/ArrayIndexOutOfBoundsException': 40> (0x92997e88) thrown at [/HUDSON3/workspace/8-2-build-linux-i586/jdk8u60/4407/hotspot/src/share/vm/interpreter/interpreterRuntime.cpp, line 366]

Events (10 events):
Event: 14,786 Thread 0x63213c00 DEOPT PACKING pc=0xa7793f7e sp=0x6315c860
Event: 14,786 Thread 0x63213c00 DEOPT UNPACKING pc=0xa753c590 sp=0x6315c724 mode 0
Event: 14,904 Thread 0x6320d000 DEOPT PACKING pc=0xa78126f3 sp=0x631fe930
Event: 14,904 Thread 0x6320d000 DEOPT UNPACKING pc=0xa753c590 sp=0x631fe814 mode 0
Event: 14,965 Thread 0x6320d000 DEOPT PACKING pc=0xa77a8fdf sp=0x631fe770
Event: 14,965 Thread 0x6320d000 DEOPT UNPACKING pc=0xa753c590 sp=0x631fe668 mode 0
Event: 15,238 Thread 0x63204000 DEOPT PACKING pc=0xa7798a3e sp=0x633caa50
Event: 15,238 Thread 0x63204000 DEOPT UNPACKING pc=0xa753c590 sp=0x633ca91c mode 0
Event: 15,242 Thread 0x63212400 DEOPT PACKING pc=0xa7853ed8 sp=0x631ad8d0
Event: 15,242 Thread 0x63212400 DEOPT UNPACKING pc=0xa753c590 sp=0x631ad788 mode 0


Dynamic libraries:
08048000-08049000 r-xp 00000000 08:01 458999     /usr/lib/jvm/java-8-oracle/bin/java
08049000-0804a000 rw-p 00000000 08:01 458999     /usr/lib/jvm/java-8-oracle/bin/java
08a91000-08ab2000 rw-p 00000000 00:00 0          [heap]
61100000-6113d000 rw-p 00000000 00:00 0 
6113d000-61200000 ---p 00000000 00:00 0 
61300000-61400000 rw-p 00000000 00:00 0 
61400000-614f3000 rw-p 00000000 00:00 0 
614f3000-61500000 ---p 00000000 00:00 0 
61500000-61600000 rw-p 00000000 00:00 0 
61665000-61800000 rw-p 00000000 00:00 0 
61800000-618fd000 rw-p 00000000 00:00 0 
618fd000-61900000 ---p 00000000 00:00 0 
61a00000-61aee000 rw-p 00000000 00:00 0 
61aee000-61b00000 ---p 00000000 00:00 0 
61b00000-61bfb000 rw-p 00000000 00:00 0 
61bfb000-61c00000 ---p 00000000 00:00 0 
61c00000-61cf7000 rw-p 00000000 00:00 0 
61cf7000-61d00000 ---p 00000000 00:00 0 
61e00000-61ead000 rw-p 00000000 00:00 0 
61ead000-61f00000 ---p 00000000 00:00 0 
62000000-620fe000 rw-p 00000000 00:00 0 
620fe000-62100000 ---p 00000000 00:00 0 
62100000-622fd000 rw-p 00000000 00:00 0 
622fd000-62300000 ---p 00000000 00:00 0 
62400000-624fd000 rw-p 00000000 00:00 0 
624fd000-62500000 ---p 00000000 00:00 0 
62555000-62600000 rw-p 00000000 00:00 0 
62600000-626db000 rw-p 00000000 00:00 0 
626db000-62700000 ---p 00000000 00:00 0 
62745000-62800000 rw-p 00000000 00:00 0 
62800000-628fe000 rw-p 00000000 00:00 0 
628fe000-62900000 ---p 00000000 00:00 0 
62900000-629f9000 rw-p 00000000 00:00 0 
629f9000-62a00000 ---p 00000000 00:00 0 
62a00000-62b00000 rw-p 00000000 00:00 0 
62b00000-62bf3000 rw-p 00000000 00:00 0 
62bf3000-62c00000 ---p 00000000 00:00 0 
62c00000-62cff000 rw-p 00000000 00:00 0 
62cff000-62d00000 ---p 00000000 00:00 0 
62d00000-62e00000 rw-p 00000000 00:00 0 
62e00000-62f00000 rw-p 00000000 00:00 0 
62f00000-62ff1000 rw-p 00000000 00:00 0 
62ff1000-63000000 ---p 00000000 00:00 0 
63000000-630fa000 rw-p 00000000 00:00 0 
630fa000-63100000 ---p 00000000 00:00 0 
6310d000-63110000 ---p 00000000 00:00 0 
63110000-6315e000 rw-p 00000000 00:00 0 
6315e000-63161000 ---p 00000000 00:00 0 
63161000-631af000 rw-p 00000000 00:00 0 
631af000-631b2000 ---p 00000000 00:00 0 
631b2000-63200000 rw-p 00000000 00:00 0 
63200000-63231000 rw-p 00000000 00:00 0 
63231000-63300000 ---p 00000000 00:00 0 
6332a000-6332d000 ---p 00000000 00:00 0 
6332d000-6337b000 rw-p 00000000 00:00 0 
6337b000-6337e000 ---p 00000000 00:00 0 
6337e000-633cc000 rw-p 00000000 00:00 0 
633cc000-633cd000 ---p 00000000 00:00 0 
633cd000-6344d000 rw-p 00000000 00:00 0 
6344d000-63450000 ---p 00000000 00:00 0 
63450000-634ce000 rw-p 00000000 00:00 0 
634ce000-634d1000 ---p 00000000 00:00 0 
634d1000-6354f000 rw-p 00000000 00:00 0 
6354f000-63552000 ---p 00000000 00:00 0 
63552000-635d0000 rw-p 00000000 00:00 0 
635d0000-63700000 r--p 00000000 08:01 785816     /usr/lib/locale/ru_UA.utf8/LC_COLLATE
63700000-63723000 rw-p 00000000 00:00 0 
63723000-63800000 ---p 00000000 00:00 0 
6381f000-63822000 ---p 00000000 00:00 0 
63822000-63870000 rw-p 00000000 00:00 0 
63870000-63873000 ---p 00000000 00:00 0 
63873000-638c1000 rw-p 00000000 00:00 0 
638c1000-63900000 r--p 00000000 08:01 406351     /usr/lib/locale/zu_ZA.utf8/LC_CTYPE
63900000-639ff000 rw-p 00000000 00:00 0 
639ff000-63a00000 ---p 00000000 00:00 0 
63a2e000-63a31000 ---p 00000000 00:00 0 
63a31000-63a7f000 rw-p 00000000 00:00 0 
63a7f000-63a80000 ---p 00000000 00:00 0 
63a80000-63b00000 rw-p 00000000 00:00 0 
63b00000-63c00000 rw-p 00000000 00:00 0 
63c32000-63c81000 rw-p 00000000 00:00 0 
63c81000-63e59000 r--s 03d17000 08:01 459145     /usr/lib/jvm/java-8-oracle/jre/lib/rt.jar
63e59000-6429a000 rw-p 00000000 00:00 0 
6429a000-64300000 ---p 00000000 00:00 0 
64300000-66700000 rw-p 00000000 00:00 0 
66700000-667f9000 rw-p 00000000 00:00 0 
667f9000-66800000 ---p 00000000 00:00 0 
6682e000-66831000 ---p 00000000 00:00 0 
66831000-6687f000 rw-p 00000000 00:00 0 
6687f000-66880000 ---p 00000000 00:00 0 
66880000-66900000 rw-p 00000000 00:00 0 
66900000-66921000 rw-p 00000000 00:00 0 
66921000-66a00000 ---p 00000000 00:00 0 
66a00000-66afa000 rw-p 00000000 00:00 0 
66afa000-66b00000 ---p 00000000 00:00 0 
66b00000-66b21000 rw-p 00000000 00:00 0 
66b21000-66c00000 ---p 00000000 00:00 0 
66c28000-66c29000 ---p 00000000 00:00 0 
66c29000-66cbf000 rw-p 00000000 00:00 0 
66cbf000-66dff000 ---p 00000000 00:00 0 
66dff000-66e15000 rw-p 00000000 00:00 0 
66e15000-66f54000 ---p 00000000 00:00 0 
66f54000-66f7e000 rw-p 00000000 00:00 0 
66f7e000-66fff000 ---p 00000000 00:00 0 
66fff000-69ac0000 rw-p 00000000 00:00 0 
69ac0000-91ac0000 ---p 00000000 00:00 0 
91ac0000-96c40000 rw-p 00000000 00:00 0 
96c40000-a7000000 ---p 00000000 00:00 0 
a700f000-a703e000 r--p 00000000 08:01 401695     /usr/share/locale/ru/LC_MESSAGES/libc.mo
a703e000-a703f000 ---p 00000000 00:00 0 
a703f000-a70bf000 rw-p 00000000 00:00 0 
a70bf000-a70c0000 ---p 00000000 00:00 0 
a70c0000-a7151000 rw-p 00000000 00:00 0 
a7151000-a7500000 ---p 00000000 00:00 0 
a7500000-a7940000 rwxp 00000000 00:00 0 
a7948000-b6500000 ---p 00000000 00:00 0 
b6500000-b65fb000 rw-p 00000000 00:00 0 
b65fb000-b6600000 ---p 00000000 00:00 0 
b661c000-b6626000 r--s 00087000 08:01 2757912    /home/penpen/AndroidStudioProjects/ProfView/app/build/intermediates/exploded-aar/com.android.support/appcompat-v7/23.1.0/jars/classes.jar
b6626000-b6635000 r--s 000df000 08:01 1248971    /home/penpen/Android/Sdk/build-tools/23.0.0-preview/lib/dx.jar
b6635000-b664d000 rw-p 00000000 00:00 0 
b664d000-b6666000 r-xp 00000000 08:01 459405     /usr/lib/jvm/java-8-oracle/jre/lib/i386/libzip.so
b6666000-b6667000 rw-p 00019000 08:01 459405     /usr/lib/jvm/java-8-oracle/jre/lib/i386/libzip.so
b6667000-b6673000 r-xp 00000000 08:01 1047256    /lib/i386-linux-gnu/i686/cmov/libnss_files-2.21.so
b6673000-b6674000 r--p 0000b000 08:01 1047256    /lib/i386-linux-gnu/i686/cmov/libnss_files-2.21.so
b6674000-b6675000 rw-p 0000c000 08:01 1047256    /lib/i386-linux-gnu/i686/cmov/libnss_files-2.21.so
b6675000-b6680000 r-xp 00000000 08:01 1047260    /lib/i386-linux-gnu/i686/cmov/libnss_nis-2.21.so
b6680000-b6681000 r--p 0000a000 08:01 1047260    /lib/i386-linux-gnu/i686/cmov/libnss_nis-2.21.so
b6681000-b6682000 rw-p 0000b000 08:01 1047260    /lib/i386-linux-gnu/i686/cmov/libnss_nis-2.21.so
b6682000-b6699000 r-xp 00000000 08:01 1047247    /lib/i386-linux-gnu/i686/cmov/libnsl-2.21.so
b6699000-b669a000 r--p 00016000 08:01 1047247    /lib/i386-linux-gnu/i686/cmov/libnsl-2.21.so
b669a000-b669b000 rw-p 00017000 08:01 1047247    /lib/i386-linux-gnu/i686/cmov/libnsl-2.21.so
b669b000-b669d000 rw-p 00000000 00:00 0 
b66a5000-b66a6000 r--p 00000000 08:01 785834     /usr/lib/locale/ru_RU.utf8/LC_MONETARY
b66a6000-b66a7000 r--p 00000000 08:01 785812     /usr/lib/locale/ru_UA.utf8/LC_MESSAGES/SYS_LC_MESSAGES
b66a7000-b66a8000 r--p 00000000 08:01 406350     /usr/lib/locale/zu_ZA.utf8/LC_PAPER
b66a8000-b66a9000 r--p 00000000 08:01 407190     /usr/lib/locale/yo_NG/LC_NAME
b66a9000-b66aa000 r--p 00000000 08:01 785831     /usr/lib/locale/ru_RU.utf8/LC_ADDRESS
b66aa000-b66ab000 r--p 00000000 08:01 408012     /usr/lib/locale/tt_RU@iqtelif/LC_TELEPHONE
b66ab000-b66ac000 r--p 00000000 08:01 406349     /usr/lib/locale/zu_ZA.utf8/LC_MEASUREMENT
b66ac000-b66b3000 r--s 00000000 08:01 404720     /usr/lib/i386-linux-gnu/gconv/gconv-modules.cache
b66b3000-b66bb000 rw-s 00000000 08:01 3008782    /tmp/hsperfdata_penpen/26140
b66bb000-b66df000 r-xp 00000000 08:01 459377     /usr/lib/jvm/java-8-oracle/jre/lib/i386/libjava.so
b66df000-b66e0000 rw-p 00023000 08:01 459377     /usr/lib/jvm/java-8-oracle/jre/lib/i386/libjava.so
b66e0000-b66e7000 r-xp 00000000 08:01 1047268    /lib/i386-linux-gnu/i686/cmov/librt-2.21.so
b66e7000-b66e8000 r--p 00006000 08:01 1047268    /lib/i386-linux-gnu/i686/cmov/librt-2.21.so
b66e8000-b66e9000 rw-p 00007000 08:01 1047268    /lib/i386-linux-gnu/i686/cmov/librt-2.21.so
b66e9000-b66ec000 ---p 00000000 00:00 0 
b66ec000-b673a000 rw-p 00000000 00:00 0 
b673a000-b6785000 r-xp 00000000 08:01 1047240    /lib/i386-linux-gnu/i686/cmov/libm-2.21.so
b6785000-b6786000 r--p 0004a000 08:01 1047240    /lib/i386-linux-gnu/i686/cmov/libm-2.21.so
b6786000-b6787000 rw-p 0004b000 08:01 1047240    /lib/i386-linux-gnu/i686/cmov/libm-2.21.so
b6787000-b7107000 r-xp 00000000 08:01 459347     /usr/lib/jvm/java-8-oracle/jre/lib/i386/server/libjvm.so
b7107000-b7174000 rw-p 00980000 08:01 459347     /usr/lib/jvm/java-8-oracle/jre/lib/i386/server/libjvm.so
b7174000-b759a000 rw-p 00000000 00:00 0 
b759a000-b774b000 r-xp 00000000 08:01 1047228    /lib/i386-linux-gnu/i686/cmov/libc-2.21.so
b774b000-b774e000 r--p 001b0000 08:01 1047228    /lib/i386-linux-gnu/i686/cmov/libc-2.21.so
b774e000-b7750000 rw-p 001b3000 08:01 1047228    /lib/i386-linux-gnu/i686/cmov/libc-2.21.so
b7750000-b7752000 rw-p 00000000 00:00 0 
b7752000-b7755000 r-xp 00000000 08:01 1047237    /lib/i386-linux-gnu/i686/cmov/libdl-2.21.so
b7755000-b7756000 r--p 00002000 08:01 1047237    /lib/i386-linux-gnu/i686/cmov/libdl-2.21.so
b7756000-b7757000 rw-p 00003000 08:01 1047237    /lib/i386-linux-gnu/i686/cmov/libdl-2.21.so
b7757000-b776b000 r-xp 00000000 08:01 460622     /usr/lib/jvm/java-8-oracle/lib/i386/jli/libjli.so
b776b000-b776c000 rw-p 00014000 08:01 460622     /usr/lib/jvm/java-8-oracle/lib/i386/jli/libjli.so
b776c000-b776d000 rw-p 00000000 00:00 0 
b776d000-b7786000 r-xp 00000000 08:01 1047219    /lib/i386-linux-gnu/i686/cmov/libpthread-2.21.so
b7786000-b7787000 r--p 00018000 08:01 1047219    /lib/i386-linux-gnu/i686/cmov/libpthread-2.21.so
b7787000-b7788000 rw-p 00019000 08:01 1047219    /lib/i386-linux-gnu/i686/cmov/libpthread-2.21.so
b7788000-b778a000 rw-p 00000000 00:00 0 
b778b000-b778d000 rw-p 00000000 00:00 0 
b778d000-b778e000 r--p 00000000 08:01 407972     /usr/lib/locale/uk_UA.utf8/LC_NUMERIC
b778e000-b778f000 r--p 00000000 08:01 785833     /usr/lib/locale/ru_RU.utf8/LC_TIME
b778f000-b7790000 r--p 00000000 08:01 785830     /usr/lib/locale/ru_RU.utf8/LC_IDENTIFICATION
b7790000-b7798000 r-xp 00000000 08:01 1047250    /lib/i386-linux-gnu/i686/cmov/libnss_compat-2.21.so
b7798000-b7799000 r--p 00007000 08:01 1047250    /lib/i386-linux-gnu/i686/cmov/libnss_compat-2.21.so
b7799000-b779a000 rw-p 00008000 08:01 1047250    /lib/i386-linux-gnu/i686/cmov/libnss_compat-2.21.so
b779a000-b779b000 rw-p 00000000 00:00 0 
b779b000-b779c000 ---p 00000000 00:00 0 
b779c000-b77a7000 r-xp 00000000 08:01 459397     /usr/lib/jvm/java-8-oracle/jre/lib/i386/libverify.so
b77a7000-b77a8000 rw-p 0000b000 08:01 459397     /usr/lib/jvm/java-8-oracle/jre/lib/i386/libverify.so
b77a8000-b77aa000 rw-p 00000000 00:00 0 
b77aa000-b77ab000 r-xp 00000000 00:00 0          [vdso]
b77ab000-b77cc000 r-xp 00000000 08:01 1047048    /lib/i386-linux-gnu/ld-2.21.so
b77cc000-b77cd000 r--p 00020000 08:01 1047048    /lib/i386-linux-gnu/ld-2.21.so
b77cd000-b77ce000 rw-p 00021000 08:01 1047048    /lib/i386-linux-gnu/ld-2.21.so
bfe37000-bfe38000 rwxp 00000000 00:00 0 
bfe6a000-bfe8b000 rw-p 00000000 00:00 0          [stack]

VM Arguments:
jvm_args: -Xmx1024M -Dfile.encoding=UTF-8 -Duser.country=RU -Duser.language=ru -Duser.variant 
java_command: com.android.dx.command.Main --dex --num-threads=4 --output /home/penpen/AndroidStudioProjects/ProfView/app/build/intermediates/pre-dexed/debug/classes-509bd56eb0414c66b9158ea1633b398fddf666b2.jar /home/penpen/AndroidStudioProjects/ProfView/app/build/intermediates/exploded-aar/com.android.support/appcompat-v7/23.1.0/jars/classes.jar
java_class_path (initial): /home/penpen/Android/Sdk/build-tools/23.0.0-preview/lib/dx.jar
Launcher Type: SUN_STANDARD

Environment Variables:
PATH=/usr/local/bin:/usr/bin:/bin:/usr/local/games:/usr/games
LD_LIBRARY_PATH=/home/penpen/Programs/android-studio/bin:
SHELL=/bin/bash
DISPLAY=:0

Signal Handlers:
SIGSEGV: [libjvm.so+0x8cdb80], sa_mask[0]=11111111011111111101111111111110, sa_flags=SA_RESTART|SA_SIGINFO
SIGBUS: [libjvm.so+0x8cdb80], sa_mask[0]=11111111011111111101111111111110, sa_flags=SA_RESTART|SA_SIGINFO
SIGFPE: [libjvm.so+0x74db00], sa_mask[0]=11111111011111111101111111111110, sa_flags=SA_RESTART|SA_SIGINFO
SIGPIPE: [libjvm.so+0x74db00], sa_mask[0]=11111111011111111101111111111110, sa_flags=SA_RESTART|SA_SIGINFO
SIGXFSZ: [libjvm.so+0x74db00], sa_mask[0]=11111111011111111101111111111110, sa_flags=SA_RESTART|SA_SIGINFO
SIGILL: [libjvm.so+0x74db00], sa_mask[0]=11111111011111111101111111111110, sa_flags=SA_RESTART|SA_SIGINFO
SIGUSR1: SIG_DFL, sa_mask[0]=00000000000000000000000000000000, sa_flags=none
SIGUSR2: [libjvm.so+0x74f180], sa_mask[0]=00100000000000000000000000000000, sa_flags=SA_RESTART|SA_SIGINFO
SIGHUP: [libjvm.so+0x750630], sa_mask[0]=11111111011111111101111111111110, sa_flags=SA_RESTART|SA_SIGINFO
SIGINT: [libjvm.so+0x750630], sa_mask[0]=11111111011111111101111111111110, sa_flags=SA_RESTART|SA_SIGINFO
SIGTERM: [libjvm.so+0x750630], sa_mask[0]=11111111011111111101111111111110, sa_flags=SA_RESTART|SA_SIGINFO
SIGQUIT: [libjvm.so+0x750630], sa_mask[0]=11111111011111111101111111111110, sa_flags=SA_RESTART|SA_SIGINFO


---------------  S Y S T E M  ---------------

OS:PRETTY_NAME="Debian GNU/Linux 7 (wheezy)"
NAME="Debian GNU/Linux"
VERSION_ID="7"
VERSION="7 (wheezy)"
ID=debian
ANSI_COLOR="1;31"
HOME_URL="http://www.debian.org/"
SUPPORT_URL="http://www.debian.org/support/"
BUG_REPORT_URL="http://bugs.debian.org/"

uname:Linux 3.2.0-4-686-pae #1 SMP Debian 3.2.68-1+deb7u4 i686
libc:glibc 2.21 NPTL 2.21 
rlimit: STACK 8192k, CORE 0k, NPROC 45958, NOFILE 4096, AS infinity
load average:12,86 5,63 4,19

/proc/meminfo:
MemTotal:        5893112 kB
MemFree:          442188 kB
Buffers:            3504 kB
Cached:           501984 kB
SwapCached:            0 kB
Active:          4928432 kB
Inactive:         354768 kB
Active(anon):    4899052 kB
Inactive(anon):   286912 kB
Active(file):      29380 kB
Inactive(file):    67856 kB
Unevictable:          48 kB
Mlocked:              48 kB
HighTotal:       5043656 kB
HighFree:         191828 kB
LowTotal:         849456 kB
LowFree:          250360 kB
SwapTotal:             0 kB
SwapFree:              0 kB
Dirty:              9800 kB
Writeback:          4216 kB
AnonPages:       4778648 kB
Mapped:           262152 kB
Shmem:            407352 kB
Slab:             106572 kB
SReclaimable:      65732 kB
SUnreclaim:        40840 kB
KernelStack:        7760 kB
PageTables:        39236 kB
NFS_Unstable:          0 kB
Bounce:                0 kB
WritebackTmp:          0 kB
CommitLimit:     2946556 kB
Committed_AS:   15212816 kB
VmallocTotal:     122880 kB
VmallocUsed:       16520 kB
VmallocChunk:      55444 kB
HardwareCorrupted:     0 kB
AnonHugePages:         0 kB
HugePages_Total:       0
HugePages_Free:        0
HugePages_Rsvd:        0
HugePages_Surp:        0
Hugepagesize:       2048 kB
DirectMap4k:       10232 kB
DirectMap2M:      901120 kB


CPU:total 4 (2 cores per cpu, 2 threads per core) family 6 model 37 stepping 2, cmov, cx8, fxsr, mmx, sse, sse2, sse3, ssse3, sse4.1, sse4.2, popcnt, ht, tsc, tscinvbit

/proc/cpuinfo:
processor	: 0
vendor_id	: GenuineIntel
cpu family	: 6
model		: 37
model name	: Intel(R) Core(TM) i3 CPU         540  @ 3.07GHz
stepping	: 2
microcode	: 0x9
cpu MHz		: 3067.000
cache size	: 4096 KB
physical id	: 0
siblings	: 4
core id		: 0
cpu cores	: 2
apicid		: 0
initial apicid	: 0
fdiv_bug	: no
hlt_bug		: no
f00f_bug	: no
coma_bug	: no
fpu		: yes
fpu_exception	: yes
cpuid level	: 11
wp		: yes
flags		: fpu vme de pse tsc msr pae mce cx8 apic sep mtrr pge mca cmov pat pse36 clflush dts acpi mmx fxsr sse sse2 ss ht tm pbe nx rdtscp lm constant_tsc arch_perfmon pebs bts xtopology nonstop_tsc aperfmperf pni dtes64 monitor ds_cpl vmx est tm2 ssse3 cx16 xtpr pdcm sse4_1 sse4_2 popcnt lahf_lm arat dtherm tpr_shadow vnmi flexpriority ept vpid
bogomips	: 6157.94
clflush size	: 64
cache_alignment	: 64
address sizes	: 36 bits physical, 48 bits virtual
power management:

processor	: 1
vendor_id	: GenuineIntel
cpu family	: 6
model		: 37
model name	: Intel(R) Core(TM) i3 CPU         540  @ 3.07GHz
stepping	: 2
microcode	: 0x9
cpu MHz		: 3067.000
cache size	: 4096 KB
physical id	: 0
siblings	: 4
core id		: 2
cpu cores	: 2
apicid		: 4
initial apicid	: 4
fdiv_bug	: no
hlt_bug		: no
f00f_bug	: no
coma_bug	: no
fpu		: yes
fpu_exception	: yes
cpuid level	: 11
wp		: yes
flags		: fpu vme de pse tsc msr pae mce cx8 apic sep mtrr pge mca cmov pat pse36 clflush dts acpi mmx fxsr sse sse2 ss ht tm pbe nx rdtscp lm constant_tsc arch_perfmon pebs bts xtopology nonstop_tsc aperfmperf pni dtes64 monitor ds_cpl vmx est tm2 ssse3 cx16 xtpr pdcm sse4_1 sse4_2 popcnt lahf_lm arat dtherm tpr_shadow vnmi flexpriority ept vpid
bogomips	: 6157.43
clflush size	: 64
cache_alignment	: 64
address sizes	: 36 bits physical, 48 bits virtual
power management:

processor	: 2
vendor_id	: GenuineIntel
cpu family	: 6
model		: 37
model name	: Intel(R) Core(TM) i3 CPU         540  @ 3.07GHz
stepping	: 2
microcode	: 0x9
cpu MHz		: 3067.000
cache size	: 4096 KB
physical id	: 0
siblings	: 4
core id		: 0
cpu cores	: 2
apicid		: 1
initial apicid	: 1
fdiv_bug	: no
hlt_bug		: no
f00f_bug	: no
coma_bug	: no
fpu		: yes
fpu_exception	: yes
cpuid level	: 11
wp		: yes
flags		: fpu vme de pse tsc msr pae mce cx8 apic sep mtrr pge mca cmov pat pse36 clflush dts acpi mmx fxsr sse sse2 ss ht tm pbe nx rdtscp lm constant_tsc arch_perfmon pebs bts xtopology nonstop_tsc aperfmperf pni dtes64 monitor ds_cpl vmx est tm2 ssse3 cx16 xtpr pdcm sse4_1 sse4_2 popcnt lahf_lm arat dtherm tpr_shadow vnmi flexpriority ept vpid
bogomips	: 6157.41
clflush size	: 64
cache_alignment	: 64
address sizes	: 36 bits physical, 48 bits virtual
power management:

processor	: 3
vendor_id	: GenuineIntel
cpu family	: 6
model		: 37
model name	: Intel(R) Core(TM) i3 CPU         540  @ 3.07GHz
stepping	: 2
microcode	: 0x9
cpu MHz		: 3067.000
cache size	: 4096 KB
physical id	: 0
siblings	: 4
core id		: 2
cpu cores	: 2
apicid		: 5
initial apicid	: 5
fdiv_bug	: no
hlt_bug		: no
f00f_bug	: no
coma_bug	: no
fpu		: yes
fpu_exception	: yes
cpuid level	: 11
wp		: yes
flags		: fpu vme de pse tsc msr pae mce cx8 apic sep mtrr pge mca cmov pat pse36 clflush dts acpi mmx fxsr sse sse2 ss ht tm pbe nx rdtscp lm constant_tsc arch_perfmon pebs bts xtopology nonstop_tsc aperfmperf pni dtes64 monitor ds_cpl vmx est tm2 ssse3 cx16 xtpr pdcm sse4_1 sse4_2 popcnt lahf_lm arat dtherm tpr_shadow vnmi flexpriority ept vpid
bogomips	: 6157.42
clflush size	: 64
cache_alignment	: 64
address sizes	: 36 bits physical, 48 bits virtual
power management:



Memory: 4k page, physical 5893112k(442188k free), swap 0k(0k free)

vm_info: Java HotSpot(TM) Server VM (25.60-b23) for linux-x86 JRE (1.8.0_60-b27), built on Aug  4 2015 10:44:54 by "java_re" with gcc 4.3.0 20080428 (Red Hat 4.3.0-8)

time: Sat Oct 17 00:01:44 2015
elapsed time: 16 seconds (0d 0h 0m 16s)

