#
# There is insufficient memory for the Java Runtime Environment to continue.
# Native memory allocation (mmap) failed to map 131072 bytes for committing reserved memory.
# Possible reasons:
#   The system is out of physical RAM or swap space
#   In 32 bit mode, the process size limit was hit
# Possible solutions:
#   Reduce memory load on the system
#   Increase physical memory or swap space
#   Check if swap backing store is full
#   Use 64 bit Java on a 64 bit OS
#   Decrease Java heap size (-Xmx/-Xms)
#   Decrease number of Java threads
#   Decrease Java thread stack sizes (-Xss)
#   Set larger code cache with -XX:ReservedCodeCacheSize=
# This output file may be truncated or incomplete.
#
#  Out of Memory Error (os_linux.cpp:2627), pid=18317, tid=3060636480
#
# JRE version: Java(TM) SE Runtime Environment (8.0_60-b27) (build 1.8.0_60-b27)
# Java VM: Java HotSpot(TM) Server VM (25.60-b23 mixed mode linux-x86 )
# Failed to write core dump. Core dumps have been disabled. To enable core dumping, try "ulimit -c unlimited" before starting Java again
#

---------------  T H R E A D  ---------------

Current thread (0xb6507800):  JavaThread "main" [_thread_in_vm, id=18330, stack(0xb6689000,0xb66da000)]

Stack: [0xb6689000,0xb66da000],  sp=0xb66d6a8c,  free space=310k
Native frames: (J=compiled Java code, j=interpreted, Vv=VM code, C=native code)
V  [libjvm.so+0x8cd06f]  VMError::report_and_die()+0x16f
V  [libjvm.so+0x38bea5]  report_vm_out_of_memory(char const*, int, unsigned int, VMErrorType, char const*)+0x55
V  [libjvm.so+0x750e26]  os::Linux::commit_memory_impl(char*, unsigned int, bool)+0xe6
V  [libjvm.so+0x7512f8]  os::pd_commit_memory(char*, unsigned int, unsigned int, bool)+0x28
V  [libjvm.so+0x74b21c]  os::commit_memory(char*, unsigned int, unsigned int, bool)+0x2c
V  [libjvm.so+0x8c910c]  VirtualSpace::expand_by(unsigned int, bool)+0x1ec
V  [libjvm.so+0x6e07d2]  VirtualSpaceList::expand_node_by(VirtualSpaceNode*, unsigned int, unsigned int)+0x52
V  [libjvm.so+0x6e27e4]  VirtualSpaceList::expand_by(unsigned int, unsigned int)+0xa4
V  [libjvm.so+0x6e2915]  VirtualSpaceList::get_new_chunk(unsigned int, unsigned int, unsigned int)+0x85
V  [libjvm.so+0x6e3ca4]  SpaceManager::grow_and_allocate(unsigned int)+0x264
V  [libjvm.so+0x6e3e81]  SpaceManager::allocate_work(unsigned int)+0x131
V  [libjvm.so+0x6e3ef1]  SpaceManager::allocate(unsigned int)+0x61
V  [libjvm.so+0x6e402f]  Metaspace::allocate(ClassLoaderData*, unsigned int, bool, MetaspaceObj::Type, Thread*)+0x9f
V  [libjvm.so+0x3817a8]  ConstMethod::allocate(ClassLoaderData*, int, InlineTableSizes*, ConstMethod::MethodType, Thread*)+0xa8
V  [libjvm.so+0x6eb652]  Method::allocate(ClassLoaderData*, int, AccessFlags, InlineTableSizes*, ConstMethod::MethodType, Thread*)+0x22
V  [libjvm.so+0x2fbd69]  ClassFileParser::parse_method(bool, AccessFlags*, Thread*)+0x17e9
V  [libjvm.so+0x2fc46a]  ClassFileParser::parse_methods(bool, AccessFlags*, bool*, bool*, Thread*)+0x22a
V  [libjvm.so+0x2fe8a1]  ClassFileParser::parseClassFile(Symbol*, ClassLoaderData*, Handle, KlassHandle, GrowableArray<Handle>*, TempNewSymbol&, bool, Thread*)+0xc81
V  [libjvm.so+0x3037ae]  ClassLoader::load_classfile(Symbol*, Thread*)+0x3de
V  [libjvm.so+0x84bc0c]  SystemDictionary::load_instance_class(Symbol*, Handle, Thread*)+0x38c
V  [libjvm.so+0x84ac24]  SystemDictionary::resolve_instance_class_or_null(Symbol*, Handle, Handle, Thread*)+0x714
V  [libjvm.so+0x84c05e]  SystemDictionary::resolve_or_fail(Symbol*, Handle, Handle, bool, Thread*)+0x1e
V  [libjvm.so+0x38573d]  ConstantPool::klass_at_impl(constantPoolHandle, int, Thread*)+0x10d
V  [libjvm.so+0x388c31]  ConstantPool::klass_ref_at(int, Thread*)+0x91
V  [libjvm.so+0x64c3a2]  LinkResolver::resolve_pool(KlassHandle&, Symbol*&, Symbol*&, KlassHandle&, constantPoolHandle, int, Thread*)+0x52
V  [libjvm.so+0x6552ff]  LinkResolver::resolve_invokestatic(CallInfo&, constantPoolHandle, int, Thread*)+0x8f
V  [libjvm.so+0x65585e]  LinkResolver::resolve_invoke(CallInfo&, Handle, constantPoolHandle, int, Bytecodes::Code, Thread*)+0x46e
V  [libjvm.so+0x7e603b]  SharedRuntime::find_callee_info_helper(JavaThread*, vframeStream&, Bytecodes::Code&, CallInfo&, Thread*)+0x5db
V  [libjvm.so+0x7e81ea]  SharedRuntime::resolve_sub_helper(JavaThread*, bool, bool, Thread*)+0x1aa
V  [libjvm.so+0x7e876b]  SharedRuntime::resolve_helper(JavaThread*, bool, bool, Thread*)+0x4b
V  [libjvm.so+0x7e91e1]  SharedRuntime::resolve_static_call_C(JavaThread*)+0x41
v  ~RuntimeStub::resolve_static_call
J 539 C1 com.android.dx.util.IntList.sort()V (29 bytes) @ 0xa766090c [0xa7660720+0x1ec]
j  com.android.dx.rop.code.RopMethod.calcPredecessors()V+176
J 588 C1 com.android.dx.rop.code.RopMethod.labelToPredecessors(I)Lcom/android/dx/util/IntList; (54 bytes) @ 0xa76675bc [0xa7667520+0x9c]
j  com.android.dx.ssa.back.IdenticalBlockCombiner.process()Lcom/android/dx/rop/code/RopMethod;+64
j  com.android.dx.ssa.back.SsaToRop.convert()Lcom/android/dx/rop/code/RopMethod;+93
j  com.android.dx.ssa.back.SsaToRop.convertToRopMethod(Lcom/android/dx/ssa/SsaMethod;Z)Lcom/android/dx/rop/code/RopMethod;+9
j  com.android.dx.ssa.Optimizer.optimize(Lcom/android/dx/rop/code/RopMethod;IZZLcom/android/dx/rop/code/TranslationAdvice;Ljava/util/EnumSet;)Lcom/android/dx/rop/code/RopMethod;+30
j  com.android.dx.ssa.Optimizer.optimize(Lcom/android/dx/rop/code/RopMethod;IZZLcom/android/dx/rop/code/TranslationAdvice;)Lcom/android/dx/rop/code/RopMethod;+12
j  com.android.dx.dex.cf.CfTranslator.processMethods(Lcom/android/dx/cf/direct/DirectClassFile;Lcom/android/dx/dex/cf/CfOptions;Lcom/android/dx/dex/DexOptions;Lcom/android/dx/dex/file/ClassDefItem;Lcom/android/dx/dex/file/DexFile;)V+265
j  com.android.dx.dex.cf.CfTranslator.translate0(Lcom/android/dx/cf/direct/DirectClassFile;[BLcom/android/dx/dex/cf/CfOptions;Lcom/android/dx/dex/DexOptions;Lcom/android/dx/dex/file/DexFile;)Lcom/android/dx/dex/file/ClassDefItem;+120
j  com.android.dx.dex.cf.CfTranslator.translate(Lcom/android/dx/cf/direct/DirectClassFile;[BLcom/android/dx/dex/cf/CfOptions;Lcom/android/dx/dex/DexOptions;Lcom/android/dx/dex/file/DexFile;)Lcom/android/dx/dex/file/ClassDefItem;+6
j  com.android.dx.command.dexer.Main.translateClass([BLcom/android/dx/cf/direct/DirectClassFile;)Lcom/android/dx/dex/file/ClassDefItem;+17
j  com.android.dx.command.dexer.Main.access$2700([BLcom/android/dx/cf/direct/DirectClassFile;)Lcom/android/dx/dex/file/ClassDefItem;+2
j  com.android.dx.command.dexer.Main$ClassTranslatorTask.call()Lcom/android/dx/dex/file/ClassDefItem;+8
j  com.android.dx.command.dexer.Main$ClassTranslatorTask.call()Ljava/lang/Object;+1
j  java.util.concurrent.FutureTask.run()V+42
j  java.util.concurrent.ThreadPoolExecutor$CallerRunsPolicy.rejectedExecution(Ljava/lang/Runnable;Ljava/util/concurrent/ThreadPoolExecutor;)V+8
j  java.util.concurrent.ThreadPoolExecutor.reject(Ljava/lang/Runnable;)V+6
j  java.util.concurrent.ThreadPoolExecutor.execute(Ljava/lang/Runnable;)V+128
j  java.util.concurrent.AbstractExecutorService.submit(Ljava/util/concurrent/Callable;)Ljava/util/concurrent/Future;+20
j  com.android.dx.command.dexer.Main$DirectClassFileConsumer.call(Lcom/android/dx/cf/direct/DirectClassFile;)Ljava/lang/Boolean;+295
j  com.android.dx.command.dexer.Main$DirectClassFileConsumer.access$700(Lcom/android/dx/command/dexer/Main$DirectClassFileConsumer;Lcom/android/dx/cf/direct/DirectClassFile;)Ljava/lang/Boolean;+2
j  com.android.dx.command.dexer.Main.processClass(Ljava/lang/String;[B)Z+37
j  com.android.dx.command.dexer.Main.processFileBytes(Ljava/lang/String;J[B)Z+188
j  com.android.dx.command.dexer.Main.access$1200(Ljava/lang/String;J[B)Z+3
j  com.android.dx.command.dexer.Main$FileBytesConsumer.processFileBytes(Ljava/lang/String;J[B)Z+4
j  com.android.dx.cf.direct.ClassPathOpener.processArchive(Ljava/io/File;)Z+203
j  com.android.dx.cf.direct.ClassPathOpener.processOne(Ljava/io/File;Z)Z+48
j  com.android.dx.cf.direct.ClassPathOpener.process()Z+15
j  com.android.dx.command.dexer.Main.processOne(Ljava/lang/String;Lcom/android/dx/cf/direct/ClassPathOpener$FileNameFilter;)V+20
j  com.android.dx.command.dexer.Main.processAllFiles()Z+268
j  com.android.dx.command.dexer.Main.runMonoDex()I+58
j  com.android.dx.command.dexer.Main.run(Lcom/android/dx/command/dexer/Main$Arguments;)I+76
j  com.android.dx.command.dexer.Main.main([Ljava/lang/String;)V+14
j  com.android.dx.command.Main.main([Ljava/lang/String;)V+61
v  ~StubRoutines::call_stub
V  [libjvm.so+0x4fbd0f]  JavaCalls::call_helper(JavaValue*, methodHandle*, JavaCallArguments*, Thread*)+0x101f
V  [libjvm.so+0x74bf49]  os::os_exception_wrapper(void (*)(JavaValue*, methodHandle*, JavaCallArguments*, Thread*), JavaValue*, methodHandle*, JavaCallArguments*, Thread*)+0x19
V  [libjvm.so+0x4fa2df]  JavaCalls::call(JavaValue*, methodHandle, JavaCallArguments*, Thread*)+0x2f
V  [libjvm.so+0x54448f]  jni_invoke_static(JNIEnv_*, JavaValue*, _jobject*, JNICallType, _jmethodID*, JNI_ArgumentPusher*, Thread*)+0x38f
V  [libjvm.so+0x556f0f]  jni_CallStaticVoidMethod+0xdf
C  [libjli.so+0x7666]  JavaMain+0x8d6
C  [libpthread.so.0+0x617f]  start_thread+0xcf
C  [libc.so.6+0xe7e9e]  clone+0x5e

Java frames: (J=compiled Java code, j=interpreted, Vv=VM code)
v  ~RuntimeStub::resolve_static_call
J 539 C1 com.android.dx.util.IntList.sort()V (29 bytes) @ 0xa766090c [0xa7660720+0x1ec]
j  com.android.dx.rop.code.RopMethod.calcPredecessors()V+176
J 588 C1 com.android.dx.rop.code.RopMethod.labelToPredecessors(I)Lcom/android/dx/util/IntList; (54 bytes) @ 0xa76675bc [0xa7667520+0x9c]
j  com.android.dx.ssa.back.IdenticalBlockCombiner.process()Lcom/android/dx/rop/code/RopMethod;+64
j  com.android.dx.ssa.back.SsaToRop.convert()Lcom/android/dx/rop/code/RopMethod;+93
j  com.android.dx.ssa.back.SsaToRop.convertToRopMethod(Lcom/android/dx/ssa/SsaMethod;Z)Lcom/android/dx/rop/code/RopMethod;+9
j  com.android.dx.ssa.Optimizer.optimize(Lcom/android/dx/rop/code/RopMethod;IZZLcom/android/dx/rop/code/TranslationAdvice;Ljava/util/EnumSet;)Lcom/android/dx/rop/code/RopMethod;+30
j  com.android.dx.ssa.Optimizer.optimize(Lcom/android/dx/rop/code/RopMethod;IZZLcom/android/dx/rop/code/TranslationAdvice;)Lcom/android/dx/rop/code/RopMethod;+12
j  com.android.dx.dex.cf.CfTranslator.processMethods(Lcom/android/dx/cf/direct/DirectClassFile;Lcom/android/dx/dex/cf/CfOptions;Lcom/android/dx/dex/DexOptions;Lcom/android/dx/dex/file/ClassDefItem;Lcom/android/dx/dex/file/DexFile;)V+265
j  com.android.dx.dex.cf.CfTranslator.translate0(Lcom/android/dx/cf/direct/DirectClassFile;[BLcom/android/dx/dex/cf/CfOptions;Lcom/android/dx/dex/DexOptions;Lcom/android/dx/dex/file/DexFile;)Lcom/android/dx/dex/file/ClassDefItem;+120
j  com.android.dx.dex.cf.CfTranslator.translate(Lcom/android/dx/cf/direct/DirectClassFile;[BLcom/android/dx/dex/cf/CfOptions;Lcom/android/dx/dex/DexOptions;Lcom/android/dx/dex/file/DexFile;)Lcom/android/dx/dex/file/ClassDefItem;+6
j  com.android.dx.command.dexer.Main.translateClass([BLcom/android/dx/cf/direct/DirectClassFile;)Lcom/android/dx/dex/file/ClassDefItem;+17
j  com.android.dx.command.dexer.Main.access$2700([BLcom/android/dx/cf/direct/DirectClassFile;)Lcom/android/dx/dex/file/ClassDefItem;+2
j  com.android.dx.command.dexer.Main$ClassTranslatorTask.call()Lcom/android/dx/dex/file/ClassDefItem;+8
j  com.android.dx.command.dexer.Main$ClassTranslatorTask.call()Ljava/lang/Object;+1
j  java.util.concurrent.FutureTask.run()V+42
j  java.util.concurrent.ThreadPoolExecutor$CallerRunsPolicy.rejectedExecution(Ljava/lang/Runnable;Ljava/util/concurrent/ThreadPoolExecutor;)V+8
j  java.util.concurrent.ThreadPoolExecutor.reject(Ljava/lang/Runnable;)V+6
j  java.util.concurrent.ThreadPoolExecutor.execute(Ljava/lang/Runnable;)V+128
j  java.util.concurrent.AbstractExecutorService.submit(Ljava/util/concurrent/Callable;)Ljava/util/concurrent/Future;+20
j  com.android.dx.command.dexer.Main$DirectClassFileConsumer.call(Lcom/android/dx/cf/direct/DirectClassFile;)Ljava/lang/Boolean;+295
j  com.android.dx.command.dexer.Main$DirectClassFileConsumer.access$700(Lcom/android/dx/command/dexer/Main$DirectClassFileConsumer;Lcom/android/dx/cf/direct/DirectClassFile;)Ljava/lang/Boolean;+2
j  com.android.dx.command.dexer.Main.processClass(Ljava/lang/String;[B)Z+37
j  com.android.dx.command.dexer.Main.processFileBytes(Ljava/lang/String;J[B)Z+188
j  com.android.dx.command.dexer.Main.access$1200(Ljava/lang/String;J[B)Z+3
j  com.android.dx.command.dexer.Main$FileBytesConsumer.processFileBytes(Ljava/lang/String;J[B)Z+4
j  com.android.dx.cf.direct.ClassPathOpener.processArchive(Ljava/io/File;)Z+203
j  com.android.dx.cf.direct.ClassPathOpener.processOne(Ljava/io/File;Z)Z+48
j  com.android.dx.cf.direct.ClassPathOpener.process()Z+15
j  com.android.dx.command.dexer.Main.processOne(Ljava/lang/String;Lcom/android/dx/cf/direct/ClassPathOpener$FileNameFilter;)V+20
j  com.android.dx.command.dexer.Main.processAllFiles()Z+268
j  com.android.dx.command.dexer.Main.runMonoDex()I+58
j  com.android.dx.command.dexer.Main.run(Lcom/android/dx/command/dexer/Main$Arguments;)I+76
j  com.android.dx.command.dexer.Main.main([Ljava/lang/String;)V+14
j  com.android.dx.command.Main.main([Ljava/lang/String;)V+61
v  ~StubRoutines::call_stub

---------------  P R O C E S S  ---------------

Java Threads: ( => current thread )
  0x63013000 JavaThread "pool-1-thread-4" [_thread_blocked, id=18399, stack(0x6310d000,0x6315e000)]
  0x6300f800 JavaThread "pool-1-thread-3" [_thread_blocked, id=18396, stack(0x6315e000,0x631af000)]
  0x63003800 JavaThread "pool-1-thread-2" [_thread_blocked, id=18394, stack(0x6332a000,0x6337b000)]
  0x63bff000 JavaThread "pool-2-thread-1" [_thread_blocked, id=18391, stack(0x631af000,0x63200000)]
  0x63bfbc00 JavaThread "pool-1-thread-1" [_thread_blocked, id=18388, stack(0x6337b000,0x633cc000)]
  0x63bac000 JavaThread "Service Thread" daemon [_thread_blocked, id=18378, stack(0x6381f000,0x63870000)]
  0x63ba9400 JavaThread "C1 CompilerThread2" daemon [_thread_blocked, id=18374, stack(0x6344d000,0x634ce000)]
  0x63ba7c00 JavaThread "C2 CompilerThread1" daemon [_thread_blocked, id=18370, stack(0x634ce000,0x6354f000)]
  0x63ba5c00 JavaThread "C2 CompilerThread0" daemon [_thread_blocked, id=18366, stack(0x6354f000,0x635d0000)]
  0x63ba4400 JavaThread "Signal Dispatcher" daemon [_thread_blocked, id=18362, stack(0x63870000,0x638c1000)]
  0x63b85c00 JavaThread "Finalizer" daemon [_thread_blocked, id=18358, stack(0x6682e000,0x6687f000)]
  0x63b84400 JavaThread "Reference Handler" daemon [_thread_blocked, id=18352, stack(0x63a2e000,0x63a7f000)]
=>0xb6507800 JavaThread "main" [_thread_in_vm, id=18330, stack(0xb6689000,0xb66da000)]

Other Threads:
  0x63b81400 VMThread [stack: 0x63a7f000,0x63b00000] [id=18348]
  0x63baf400 WatcherThread [stack: 0x633cc000,0x6344d000] [id=18382]

VM state:not at safepoint (normal execution)

VM Mutex/Monitor currently owned by a thread: None

Heap:
 PSYoungGen      total 19200K, used 13928K [0x91ac0000, 0x93000000, 0xa7000000)
  eden space 16640K, 83% used [0x91ac0000,0x9285a080,0x92b00000)
  from space 2560K, 0% used [0x92d80000,0x92d80000,0x93000000)
  to   space 2560K, 0% used [0x92b00000,0x92b00000,0x92d80000)
 ParOldGen       total 43776K, used 0K [0x67000000, 0x69ac0000, 0x91ac0000)
  object space 43776K, 0% used [0x67000000,0x67000000,0x69ac0000)
 Metaspace       used 3583K, capacity 3590K, committed 3608K, reserved 4400K

Card table byte_map: [0x66dff000,0x67000000] byte_map_base: 0x66ac7000

Marking Bits: (ParMarkBitMap*) 0xb7125380
 Begin Bits: [0x64700000, 0x65700000)
 End Bits:   [0x65700000, 0x66700000)

Polling page: 0xb773b000

CodeCache: size=245760Kb used=1681Kb max_used=1695Kb free=244078Kb
 bounds [0xa74e6000, 0xa7726000, 0xb64e6000]
 total_blobs=767 nmethods=607 adapters=75
 compilation: enabled

Compilation events (10 events):
Event: 2,166 Thread 0x63ba9400 nmethod 629 0xa767d548 code [0xa767d660, 0xa767d76c]
Event: 2,166 Thread 0x63ba9400  630       3       com.android.dx.rop.code.PlainInsn::withNewRegisters (18 bytes)
Event: 2,166 Thread 0x63ba9400 nmethod 630 0xa7678648 code [0xa7678760, 0xa76789ac]
Event: 2,166 Thread 0x63ba9400  621       3       com.android.dx.ssa.back.FirstFitLocalCombiningAllocator$1::processInsn (169 bytes)
Event: 2,178 Thread 0x63ba5c00 nmethod 646 0xa76867c8 code [0xa76868e0, 0xa7686a70]
Event: 2,178 Thread 0x63ba5c00  656       4       com.android.dx.ssa.SsaMethod::getDefinitionForRegister (61 bytes)
Event: 2,223 Thread 0x63ba9400 nmethod 621 0xa7689908 code [0xa7689c80, 0xa768b904]
Event: 2,223 Thread 0x63ba9400  613       3       java.lang.Object::equals (11 bytes)
Event: 2,226 Thread 0x63ba5c00 nmethod 656 0xa7675d08 code [0xa7675e20, 0xa7675ffc]
Event: 2,230 Thread 0x63ba9400 nmethod 613 0xa7675a48 code [0xa7675b60, 0xa7675c80]

GC Heap History (0 events):
No events

Deoptimization events (10 events):
Event: 1,179 Thread 0xb6507800 Uncommon trap: reason=unstable_if action=reinterpret pc=0xa75cd5b8 method=java.lang.String.indexOf(II)I @ 49
Event: 1,734 Thread 0x63013000 Uncommon trap: reason=unstable_if action=reinterpret pc=0xa7633218 method=java.util.HashMap.getNode(ILjava/lang/Object;)Ljava/util/HashMap$Node; @ 129
Event: 1,859 Thread 0x63003800 Uncommon trap: reason=class_check action=maybe_recompile pc=0xa763db0c method=com.android.dx.ssa.NormalSsaInsn.accept(Lcom/android/dx/ssa/SsaInsn$Visitor;)V @ 9
Event: 1,859 Thread 0x63003800 Uncommon trap: reason=class_check action=maybe_recompile pc=0xa763db0c method=com.android.dx.ssa.NormalSsaInsn.accept(Lcom/android/dx/ssa/SsaInsn$Visitor;)V @ 9
Event: 1,859 Thread 0x63003800 Uncommon trap: reason=class_check action=maybe_recompile pc=0xa763db0c method=com.android.dx.ssa.NormalSsaInsn.accept(Lcom/android/dx/ssa/SsaInsn$Visitor;)V @ 9
Event: 1,867 Thread 0x63003800 Uncommon trap: reason=bimorphic action=maybe_recompile pc=0xa76463b4 method=com.android.dx.ssa.NormalSsaInsn.accept(Lcom/android/dx/ssa/SsaInsn$Visitor;)V @ 9
Event: 1,868 Thread 0x63003800 Uncommon trap: reason=bimorphic action=maybe_recompile pc=0xa76463b4 method=com.android.dx.ssa.NormalSsaInsn.accept(Lcom/android/dx/ssa/SsaInsn$Visitor;)V @ 9
Event: 1,868 Thread 0x63003800 Uncommon trap: reason=bimorphic action=maybe_recompile pc=0xa76463b4 method=com.android.dx.ssa.NormalSsaInsn.accept(Lcom/android/dx/ssa/SsaInsn$Visitor;)V @ 9
Event: 1,868 Thread 0x63003800 Uncommon trap: reason=bimorphic action=maybe_recompile pc=0xa76463b4 method=com.android.dx.ssa.NormalSsaInsn.accept(Lcom/android/dx/ssa/SsaInsn$Visitor;)V @ 9
Event: 1,868 Thread 0x63003800 Uncommon trap: reason=class_check action=maybe_recompile pc=0xa763db0c method=com.android.dx.ssa.NormalSsaInsn.accept(Lcom/android/dx/ssa/SsaInsn$Visitor;)V @ 9

Internal exceptions (2 events):
Event: 0,417 Thread 0xb6507800 Exception <a 'java/lang/NoSuchMethodError': Method sun.misc.Unsafe.defineClass(Ljava/lang/String;[BII)Ljava/lang/Class; name or signature does not match> (0x91ad0540) thrown at [/HUDSON3/workspace/8-2-build-linux-i586/jdk8u60/4407/hotspot/src/share/vm/pri
Event: 0,417 Thread 0xb6507800 Exception <a 'java/lang/NoSuchMethodError': Method sun.misc.Unsafe.prefetchRead(Ljava/lang/Object;J)V name or signature does not match> (0x91ad0810) thrown at [/HUDSON3/workspace/8-2-build-linux-i586/jdk8u60/4407/hotspot/src/share/vm/prims/jni.cpp, line 3

Events (10 events):
Event: 1,868 Thread 0x63003800 Uncommon trap: trap_request=0xffffffc6 fr.pc=0xa76463b4
Event: 1,868 Thread 0x63003800 DEOPT PACKING pc=0xa76463b4 sp=0x63379870
Event: 1,868 Thread 0x63003800 DEOPT UNPACKING pc=0xa7520e55 sp=0x63379838 mode 2
Event: 1,868 Thread 0x63003800 Uncommon trap: trap_request=0xffffffc6 fr.pc=0xa76463b4
Event: 1,868 Thread 0x63003800 DEOPT PACKING pc=0xa76463b4 sp=0x63379970
Event: 1,868 Thread 0x63003800 DEOPT UNPACKING pc=0xa7520e55 sp=0x63379938 mode 2
Event: 1,868 Thread 0x63003800 Uncommon trap: trap_request=0xffffffde fr.pc=0xa763db0c
Event: 1,868 Thread 0x63003800 DEOPT PACKING pc=0xa763db0c sp=0x63379960
Event: 1,868 Thread 0x63003800 DEOPT UNPACKING pc=0xa7520e55 sp=0x63379940 mode 2
Event: 2,164 loading class java/util/DualPivotQuicksort


Dynamic libraries:
08048000-08049000 r-xp 00000000 08:01 458999     /usr/lib/jvm/java-8-oracle/bin/java
08049000-0804a000 rw-p 00000000 08:01 458999     /usr/lib/jvm/java-8-oracle/bin/java
086b9000-086da000 rw-p 00000000 00:00 0          [heap]
62daf000-63000000 rw-p 00000000 00:00 0 
63000000-63048000 rw-p 00000000 00:00 0 
63048000-63100000 ---p 00000000 00:00 0 
6310d000-63110000 ---p 00000000 00:00 0 
63110000-6315e000 rw-p 00000000 00:00 0 
6315e000-63161000 ---p 00000000 00:00 0 
63161000-631af000 rw-p 00000000 00:00 0 
631af000-631b2000 ---p 00000000 00:00 0 
631b2000-63200000 rw-p 00000000 00:00 0 
63200000-63250000 rw-p 00000000 00:00 0 
63250000-63300000 ---p 00000000 00:00 0 
6332a000-6332d000 ---p 00000000 00:00 0 
6332d000-6337b000 rw-p 00000000 00:00 0 
6337b000-6337e000 ---p 00000000 00:00 0 
6337e000-633cc000 rw-p 00000000 00:00 0 
633cc000-633cd000 ---p 00000000 00:00 0 
633cd000-6344d000 rw-p 00000000 00:00 0 
6344d000-63450000 ---p 00000000 00:00 0 
63450000-634ce000 rw-p 00000000 00:00 0 
634ce000-634d1000 ---p 00000000 00:00 0 
634d1000-6354f000 rw-p 00000000 00:00 0 
6354f000-63552000 ---p 00000000 00:00 0 
63552000-635d0000 rw-p 00000000 00:00 0 
635d0000-63700000 r--p 00000000 08:01 785816     /usr/lib/locale/ru_UA.utf8/LC_COLLATE
63700000-63721000 rw-p 00000000 00:00 0 
63721000-63800000 ---p 00000000 00:00 0 
6381f000-63822000 ---p 00000000 00:00 0 
63822000-63870000 rw-p 00000000 00:00 0 
63870000-63873000 ---p 00000000 00:00 0 
63873000-638c1000 rw-p 00000000 00:00 0 
638c1000-63900000 r--p 00000000 08:01 406351     /usr/lib/locale/zu_ZA.utf8/LC_CTYPE
63900000-6398d000 rw-p 00000000 00:00 0 
6398d000-63a00000 ---p 00000000 00:00 0 
63a2e000-63a31000 ---p 00000000 00:00 0 
63a31000-63a7f000 rw-p 00000000 00:00 0 
63a7f000-63a80000 ---p 00000000 00:00 0 
63a80000-63b00000 rw-p 00000000 00:00 0 
63b00000-63c00000 rw-p 00000000 00:00 0 
63c03000-63c32000 r--p 00000000 08:01 401695     /usr/share/locale/ru/LC_MESSAGES/libc.mo
63c32000-63c81000 rw-p 00000000 00:00 0 
63c81000-63e59000 r--s 03d17000 08:01 459145     /usr/lib/jvm/java-8-oracle/jre/lib/rt.jar
63e59000-6423a000 rw-p 00000000 00:00 0 
6425a000-64300000 ---p 00000000 00:00 0 
64300000-66700000 rw-p 00000000 00:00 0 
66700000-6677d000 rw-p 00000000 00:00 0 
6677d000-66800000 ---p 00000000 00:00 0 
6682e000-66831000 ---p 00000000 00:00 0 
66831000-6687f000 rw-p 00000000 00:00 0 
6687f000-66880000 ---p 00000000 00:00 0 
66880000-66900000 rw-p 00000000 00:00 0 
66900000-66921000 rw-p 00000000 00:00 0 
66921000-66a00000 ---p 00000000 00:00 0 
66a00000-66b00000 rw-p 00000000 00:00 0 
66b00000-66b21000 rw-p 00000000 00:00 0 
66b21000-66c00000 ---p 00000000 00:00 0 
66c04000-66c19000 r--s 000d6000 08:01 3009952    /home/penpen/AndroidStudioProjects/ProfView/app/build/intermediates/exploded-aar/com.android.support/support-v4/23.0.1/jars/classes.jar
66c19000-66c28000 r--s 000df000 08:01 1248971    /home/penpen/Android/Sdk/build-tools/23.0.0-preview/lib/dx.jar
66c28000-66c29000 ---p 00000000 00:00 0 
66c29000-66cbf000 rw-p 00000000 00:00 0 
66cbf000-66dff000 ---p 00000000 00:00 0 
66dff000-66e15000 rw-p 00000000 00:00 0 
66e15000-66f54000 ---p 00000000 00:00 0 
66f54000-66f5f000 rw-p 00000000 00:00 0 
66f5f000-66fff000 ---p 00000000 00:00 0 
66fff000-69ac0000 rw-p 00000000 00:00 0 
69ac0000-91ac0000 ---p 00000000 00:00 0 
91ac0000-93000000 rw-p 00000000 00:00 0 
93000000-a7000000 ---p 00000000 00:00 0 
a700c000-a7024000 rw-p 00000000 00:00 0 
a7024000-a7025000 ---p 00000000 00:00 0 
a7025000-a70a5000 rw-p 00000000 00:00 0 
a70a5000-a70a6000 ---p 00000000 00:00 0 
a70a6000-a712f000 rw-p 00000000 00:00 0 
a712f000-a74e6000 ---p 00000000 00:00 0 
a74e6000-a7726000 rwxp 00000000 00:00 0 
a7726000-b64e6000 ---p 00000000 00:00 0 
b64e6000-b64ff000 r-xp 00000000 08:01 459405     /usr/lib/jvm/java-8-oracle/jre/lib/i386/libzip.so
b64ff000-b6500000 rw-p 00019000 08:01 459405     /usr/lib/jvm/java-8-oracle/jre/lib/i386/libzip.so
b6500000-b65fb000 rw-p 00000000 00:00 0 
b65fb000-b6600000 ---p 00000000 00:00 0 
b6607000-b6613000 r-xp 00000000 08:01 1047256    /lib/i386-linux-gnu/i686/cmov/libnss_files-2.21.so
b6613000-b6614000 r--p 0000b000 08:01 1047256    /lib/i386-linux-gnu/i686/cmov/libnss_files-2.21.so
b6614000-b6615000 rw-p 0000c000 08:01 1047256    /lib/i386-linux-gnu/i686/cmov/libnss_files-2.21.so
b6615000-b6620000 r-xp 00000000 08:01 1047260    /lib/i386-linux-gnu/i686/cmov/libnss_nis-2.21.so
b6620000-b6621000 r--p 0000a000 08:01 1047260    /lib/i386-linux-gnu/i686/cmov/libnss_nis-2.21.so
b6621000-b6622000 rw-p 0000b000 08:01 1047260    /lib/i386-linux-gnu/i686/cmov/libnss_nis-2.21.so
b6622000-b6639000 r-xp 00000000 08:01 1047247    /lib/i386-linux-gnu/i686/cmov/libnsl-2.21.so
b6639000-b663a000 r--p 00016000 08:01 1047247    /lib/i386-linux-gnu/i686/cmov/libnsl-2.21.so
b663a000-b663b000 rw-p 00017000 08:01 1047247    /lib/i386-linux-gnu/i686/cmov/libnsl-2.21.so
b663b000-b663d000 rw-p 00000000 00:00 0 
b6645000-b6646000 r--p 00000000 08:01 785834     /usr/lib/locale/ru_RU.utf8/LC_MONETARY
b6646000-b6647000 r--p 00000000 08:01 785812     /usr/lib/locale/ru_UA.utf8/LC_MESSAGES/SYS_LC_MESSAGES
b6647000-b6648000 r--p 00000000 08:01 406350     /usr/lib/locale/zu_ZA.utf8/LC_PAPER
b6648000-b6649000 r--p 00000000 08:01 407190     /usr/lib/locale/yo_NG/LC_NAME
b6649000-b664a000 r--p 00000000 08:01 785831     /usr/lib/locale/ru_RU.utf8/LC_ADDRESS
b664a000-b664b000 r--p 00000000 08:01 408012     /usr/lib/locale/tt_RU@iqtelif/LC_TELEPHONE
b664b000-b664c000 r--p 00000000 08:01 406349     /usr/lib/locale/zu_ZA.utf8/LC_MEASUREMENT
b664c000-b6653000 r--s 00000000 08:01 404720     /usr/lib/i386-linux-gnu/gconv/gconv-modules.cache
b6653000-b665b000 rw-s 00000000 08:01 2507770    /tmp/hsperfdata_penpen/18317
b665b000-b667f000 r-xp 00000000 08:01 459377     /usr/lib/jvm/java-8-oracle/jre/lib/i386/libjava.so
b667f000-b6680000 rw-p 00023000 08:01 459377     /usr/lib/jvm/java-8-oracle/jre/lib/i386/libjava.so
b6680000-b6687000 r-xp 00000000 08:01 1047268    /lib/i386-linux-gnu/i686/cmov/librt-2.21.so
b6687000-b6688000 r--p 00006000 08:01 1047268    /lib/i386-linux-gnu/i686/cmov/librt-2.21.so
b6688000-b6689000 rw-p 00007000 08:01 1047268    /lib/i386-linux-gnu/i686/cmov/librt-2.21.so
b6689000-b668c000 ---p 00000000 00:00 0 
b668c000-b66da000 rw-p 00000000 00:00 0 
b66da000-b6725000 r-xp 00000000 08:01 1047240    /lib/i386-linux-gnu/i686/cmov/libm-2.21.so
b6725000-b6726000 r--p 0004a000 08:01 1047240    /lib/i386-linux-gnu/i686/cmov/libm-2.21.so
b6726000-b6727000 rw-p 0004b000 08:01 1047240    /lib/i386-linux-gnu/i686/cmov/libm-2.21.so
b6727000-b70a7000 r-xp 00000000 08:01 459347     /usr/lib/jvm/java-8-oracle/jre/lib/i386/server/libjvm.so
b70a7000-b7114000 rw-p 00980000 08:01 459347     /usr/lib/jvm/java-8-oracle/jre/lib/i386/server/libjvm.so
b7114000-b753a000 rw-p 00000000 00:00 0 
b753a000-b76eb000 r-xp 00000000 08:01 1047228    /lib/i386-linux-gnu/i686/cmov/libc-2.21.so
b76eb000-b76ee000 r--p 001b0000 08:01 1047228    /lib/i386-linux-gnu/i686/cmov/libc-2.21.so
b76ee000-b76f0000 rw-p 001b3000 08:01 1047228    /lib/i386-linux-gnu/i686/cmov/libc-2.21.so
b76f0000-b76f2000 rw-p 00000000 00:00 0 
b76f2000-b76f5000 r-xp 00000000 08:01 1047237    /lib/i386-linux-gnu/i686/cmov/libdl-2.21.so
b76f5000-b76f6000 r--p 00002000 08:01 1047237    /lib/i386-linux-gnu/i686/cmov/libdl-2.21.so
b76f6000-b76f7000 rw-p 00003000 08:01 1047237    /lib/i386-linux-gnu/i686/cmov/libdl-2.21.so
b76f7000-b770b000 r-xp 00000000 08:01 460622     /usr/lib/jvm/java-8-oracle/lib/i386/jli/libjli.so
b770b000-b770c000 rw-p 00014000 08:01 460622     /usr/lib/jvm/java-8-oracle/lib/i386/jli/libjli.so
b770c000-b770d000 rw-p 00000000 00:00 0 
b770d000-b7726000 r-xp 00000000 08:01 1047219    /lib/i386-linux-gnu/i686/cmov/libpthread-2.21.so
b7726000-b7727000 r--p 00018000 08:01 1047219    /lib/i386-linux-gnu/i686/cmov/libpthread-2.21.so
b7727000-b7728000 rw-p 00019000 08:01 1047219    /lib/i386-linux-gnu/i686/cmov/libpthread-2.21.so
b7728000-b772b000 rw-p 00000000 00:00 0 
b772b000-b772d000 rw-p 00000000 00:00 0 
b772d000-b772e000 r--p 00000000 08:01 407972     /usr/lib/locale/uk_UA.utf8/LC_NUMERIC
b772e000-b772f000 r--p 00000000 08:01 785833     /usr/lib/locale/ru_RU.utf8/LC_TIME
b772f000-b7730000 r--p 00000000 08:01 785830     /usr/lib/locale/ru_RU.utf8/LC_IDENTIFICATION
b7730000-b7738000 r-xp 00000000 08:01 1047250    /lib/i386-linux-gnu/i686/cmov/libnss_compat-2.21.so
b7738000-b7739000 r--p 00007000 08:01 1047250    /lib/i386-linux-gnu/i686/cmov/libnss_compat-2.21.so
b7739000-b773a000 rw-p 00008000 08:01 1047250    /lib/i386-linux-gnu/i686/cmov/libnss_compat-2.21.so
b773a000-b773b000 rw-p 00000000 00:00 0 
b773b000-b773c000 r--p 00000000 00:00 0 
b773c000-b7747000 r-xp 00000000 08:01 459397     /usr/lib/jvm/java-8-oracle/jre/lib/i386/libverify.so
b7747000-b7748000 rw-p 0000b000 08:01 459397     /usr/lib/jvm/java-8-oracle/jre/lib/i386/libverify.so
b7748000-b774a000 rw-p 00000000 00:00 0 
b774a000-b774b000 r-xp 00000000 00:00 0          [vdso]
b774b000-b776c000 r-xp 00000000 08:01 1047048    /lib/i386-linux-gnu/ld-2.21.so
b776c000-b776d000 r--p 00020000 08:01 1047048    /lib/i386-linux-gnu/ld-2.21.so
b776d000-b776e000 rw-p 00021000 08:01 1047048    /lib/i386-linux-gnu/ld-2.21.so
bff63000-bff64000 rwxp 00000000 00:00 0 
bff96000-bffb7000 rw-p 00000000 00:00 0          [stack]

VM Arguments:
jvm_args: -Xmx1024M -Dfile.encoding=UTF-8 -Duser.country=RU -Duser.language=ru -Duser.variant 
java_command: com.android.dx.command.Main --dex --num-threads=4 --output /home/penpen/AndroidStudioProjects/ProfView/app/build/intermediates/pre-dexed/debug/classes-269f409a2a0203e7053ab084f0ce46e79fe73020.jar /home/penpen/AndroidStudioProjects/ProfView/app/build/intermediates/exploded-aar/com.android.support/support-v4/23.0.1/jars/classes.jar
java_class_path (initial): /home/penpen/Android/Sdk/build-tools/23.0.0-preview/lib/dx.jar
Launcher Type: SUN_STANDARD

Environment Variables:
PATH=/usr/local/bin:/usr/bin:/bin:/usr/local/games:/usr/games
LD_LIBRARY_PATH=/home/penpen/Programs/android-studio/bin:
SHELL=/bin/bash
DISPLAY=:0

Signal Handlers:
SIGSEGV: [libjvm.so+0x8cdb80], sa_mask[0]=11111111011111111101111111111110, sa_flags=SA_RESTART|SA_SIGINFO
SIGBUS: [libjvm.so+0x8cdb80], sa_mask[0]=11111111011111111101111111111110, sa_flags=SA_RESTART|SA_SIGINFO
SIGFPE: [libjvm.so+0x74db00], sa_mask[0]=11111111011111111101111111111110, sa_flags=SA_RESTART|SA_SIGINFO
SIGPIPE: [libjvm.so+0x74db00], sa_mask[0]=11111111011111111101111111111110, sa_flags=SA_RESTART|SA_SIGINFO
SIGXFSZ: [libjvm.so+0x74db00], sa_mask[0]=11111111011111111101111111111110, sa_flags=SA_RESTART|SA_SIGINFO
SIGILL: [libjvm.so+0x74db00], sa_mask[0]=11111111011111111101111111111110, sa_flags=SA_RESTART|SA_SIGINFO
SIGUSR1: SIG_DFL, sa_mask[0]=00000000000000000000000000000000, sa_flags=none
SIGUSR2: [libjvm.so+0x74f180], sa_mask[0]=00100000000000000000000000000000, sa_flags=SA_RESTART|SA_SIGINFO
SIGHUP: [libjvm.so+0x750630], sa_mask[0]=11111111011111111101111111111110, sa_flags=SA_RESTART|SA_SIGINFO
SIGINT: [libjvm.so+0x750630], sa_mask[0]=11111111011111111101111111111110, sa_flags=SA_RESTART|SA_SIGINFO
SIGTERM: [libjvm.so+0x750630], sa_mask[0]=11111111011111111101111111111110, sa_flags=SA_RESTART|SA_SIGINFO
SIGQUIT: [libjvm.so+0x750630], sa_mask[0]=11111111011111111101111111111110, sa_flags=SA_RESTART|SA_SIGINFO


---------------  S Y S T E M  ---------------

OS:PRETTY_NAME="Debian GNU/Linux 7 (wheezy)"
NAME="Debian GNU/Linux"
VERSION_ID="7"
VERSION="7 (wheezy)"
ID=debian
ANSI_COLOR="1;31"
HOME_URL="http://www.debian.org/"
SUPPORT_URL="http://www.debian.org/support/"
BUG_REPORT_URL="http://bugs.debian.org/"

uname:Linux 3.2.0-4-686-pae #1 SMP Debian 3.2.68-1+deb7u4 i686
libc:glibc 2.21 NPTL 2.21 
rlimit: STACK 8192k, CORE 0k, NPROC 45958, NOFILE 4096, AS infinity
load average:5,84 4,99 5,04

/proc/meminfo:
MemTotal:        5893112 kB
MemFree:         1362944 kB
Buffers:            5928 kB
Cached:           406872 kB
SwapCached:            0 kB
Active:          4105960 kB
Inactive:         278308 kB
Active(anon):    4064172 kB
Inactive(anon):   249124 kB
Active(file):      41788 kB
Inactive(file):    29184 kB
Unevictable:          48 kB
Mlocked:              48 kB
HighTotal:       5043656 kB
HighFree:        1060420 kB
LowTotal:         849456 kB
LowFree:          302524 kB
SwapTotal:             0 kB
SwapFree:              0 kB
Dirty:                52 kB
Writeback:            64 kB
AnonPages:       3971368 kB
Mapped:           125128 kB
Shmem:            341732 kB
Slab:             107292 kB
SReclaimable:      67892 kB
SUnreclaim:        39400 kB
KernelStack:        6032 kB
PageTables:        20472 kB
NFS_Unstable:          0 kB
Bounce:                0 kB
WritebackTmp:          0 kB
CommitLimit:     2946556 kB
Committed_AS:    6997228 kB
VmallocTotal:     122880 kB
VmallocUsed:       16472 kB
VmallocChunk:      98508 kB
HardwareCorrupted:     0 kB
AnonHugePages:         0 kB
HugePages_Total:       0
HugePages_Free:        0
HugePages_Rsvd:        0
HugePages_Surp:        0
Hugepagesize:       2048 kB
DirectMap4k:       10232 kB
DirectMap2M:      901120 kB


CPU:total 4 (2 cores per cpu, 2 threads per core) family 6 model 37 stepping 2, cmov, cx8, fxsr, mmx, sse, sse2, sse3, ssse3, sse4.1, sse4.2, popcnt, ht, tsc, tscinvbit

/proc/cpuinfo:
processor	: 0
vendor_id	: GenuineIntel
cpu family	: 6
model		: 37
model name	: Intel(R) Core(TM) i3 CPU         540  @ 3.07GHz
stepping	: 2
microcode	: 0x9
cpu MHz		: 1600.000
cache size	: 4096 KB
physical id	: 0
siblings	: 4
core id		: 0
cpu cores	: 2
apicid		: 0
initial apicid	: 0
fdiv_bug	: no
hlt_bug		: no
f00f_bug	: no
coma_bug	: no
fpu		: yes
fpu_exception	: yes
cpuid level	: 11
wp		: yes
flags		: fpu vme de pse tsc msr pae mce cx8 apic sep mtrr pge mca cmov pat pse36 clflush dts acpi mmx fxsr sse sse2 ss ht tm pbe nx rdtscp lm constant_tsc arch_perfmon pebs bts xtopology nonstop_tsc aperfmperf pni dtes64 monitor ds_cpl vmx est tm2 ssse3 cx16 xtpr pdcm sse4_1 sse4_2 popcnt lahf_lm arat dtherm tpr_shadow vnmi flexpriority ept vpid
bogomips	: 6157.53
clflush size	: 64
cache_alignment	: 64
address sizes	: 36 bits physical, 48 bits virtual
power management:

processor	: 1
vendor_id	: GenuineIntel
cpu family	: 6
model		: 37
model name	: Intel(R) Core(TM) i3 CPU         540  @ 3.07GHz
stepping	: 2
microcode	: 0x9
cpu MHz		: 1467.000
cache size	: 4096 KB
physical id	: 0
siblings	: 4
core id		: 2
cpu cores	: 2
apicid		: 4
initial apicid	: 4
fdiv_bug	: no
hlt_bug		: no
f00f_bug	: no
coma_bug	: no
fpu		: yes
fpu_exception	: yes
cpuid level	: 11
wp		: yes
flags		: fpu vme de pse tsc msr pae mce cx8 apic sep mtrr pge mca cmov pat pse36 clflush dts acpi mmx fxsr sse sse2 ss ht tm pbe nx rdtscp lm constant_tsc arch_perfmon pebs bts xtopology nonstop_tsc aperfmperf pni dtes64 monitor ds_cpl vmx est tm2 ssse3 cx16 xtpr pdcm sse4_1 sse4_2 popcnt lahf_lm arat dtherm tpr_shadow vnmi flexpriority ept vpid
bogomips	: 6157.44
clflush size	: 64
cache_alignment	: 64
address sizes	: 36 bits physical, 48 bits virtual
power management:

processor	: 2
vendor_id	: GenuineIntel
cpu family	: 6
model		: 37
model name	: Intel(R) Core(TM) i3 CPU         540  @ 3.07GHz
stepping	: 2
microcode	: 0x9
cpu MHz		: 3067.000
cache size	: 4096 KB
physical id	: 0
siblings	: 4
core id		: 0
cpu cores	: 2
apicid		: 1
initial apicid	: 1
fdiv_bug	: no
hlt_bug		: no
f00f_bug	: no
coma_bug	: no
fpu		: yes
fpu_exception	: yes
cpuid level	: 11
wp		: yes
flags		: fpu vme de pse tsc msr pae mce cx8 apic sep mtrr pge mca cmov pat pse36 clflush dts acpi mmx fxsr sse sse2 ss ht tm pbe nx rdtscp lm constant_tsc arch_perfmon pebs bts xtopology nonstop_tsc aperfmperf pni dtes64 monitor ds_cpl vmx est tm2 ssse3 cx16 xtpr pdcm sse4_1 sse4_2 popcnt lahf_lm arat dtherm tpr_shadow vnmi flexpriority ept vpid
bogomips	: 6157.41
clflush size	: 64
cache_alignment	: 64
address sizes	: 36 bits physical, 48 bits virtual
power management:

processor	: 3
vendor_id	: GenuineIntel
cpu family	: 6
model		: 37
model name	: Intel(R) Core(TM) i3 CPU         540  @ 3.07GHz
stepping	: 2
microcode	: 0x9
cpu MHz		: 3067.000
cache size	: 4096 KB
physical id	: 0
siblings	: 4
core id		: 2
cpu cores	: 2
apicid		: 5
initial apicid	: 5
fdiv_bug	: no
hlt_bug		: no
f00f_bug	: no
coma_bug	: no
fpu		: yes
fpu_exception	: yes
cpuid level	: 11
wp		: yes
flags		: fpu vme de pse tsc msr pae mce cx8 apic sep mtrr pge mca cmov pat pse36 clflush dts acpi mmx fxsr sse sse2 ss ht tm pbe nx rdtscp lm constant_tsc arch_perfmon pebs bts xtopology nonstop_tsc aperfmperf pni dtes64 monitor ds_cpl vmx est tm2 ssse3 cx16 xtpr pdcm sse4_1 sse4_2 popcnt lahf_lm arat dtherm tpr_shadow vnmi flexpriority ept vpid
bogomips	: 6157.42
clflush size	: 64
cache_alignment	: 64
address sizes	: 36 bits physical, 48 bits virtual
power management:



Memory: 4k page, physical 5893112k(1362944k free), swap 0k(0k free)

vm_info: Java HotSpot(TM) Server VM (25.60-b23) for linux-x86 JRE (1.8.0_60-b27), built on Aug  4 2015 10:44:54 by "java_re" with gcc 4.3.0 20080428 (Red Hat 4.3.0-8)

time: Tue Oct 13 02:20:15 2015
elapsed time: 2 seconds (0d 0h 0m 2s)

