#
# There is insufficient memory for the Java Runtime Environment to continue.
# Native memory allocation (mmap) failed to map 56623104 bytes for committing reserved memory.
# Possible reasons:
#   The system is out of physical RAM or swap space
#   In 32 bit mode, the process size limit was hit
# Possible solutions:
#   Reduce memory load on the system
#   Increase physical memory or swap space
#   Check if swap backing store is full
#   Use 64 bit Java on a 64 bit OS
#   Decrease Java heap size (-Xmx/-Xms)
#   Decrease number of Java threads
#   Decrease Java thread stack sizes (-Xss)
#   Set larger code cache with -XX:ReservedCodeCacheSize=
# This output file may be truncated or incomplete.
#
#  Out of Memory Error (os_linux.cpp:2627), pid=17782, tid=1672477504
#
# JRE version: Java(TM) SE Runtime Environment (8.0_60-b27) (build 1.8.0_60-b27)
# Java VM: Java HotSpot(TM) Server VM (25.60-b23 mixed mode linux-x86 )
# Failed to write core dump. Core dumps have been disabled. To enable core dumping, try "ulimit -c unlimited" before starting Java again
#

---------------  T H R E A D  ---------------

Current thread (0x63b80800):  VMThread [stack: 0x63a7f000,0x63b00000] [id=17792]

Stack: [0x63a7f000,0x63b00000],  sp=0x63afe930,  free space=510k
Native frames: (J=compiled Java code, j=interpreted, Vv=VM code, C=native code)
V  [libjvm.so+0x8cd06f]  VMError::report_and_die()+0x16f
V  [libjvm.so+0x38bea5]  report_vm_out_of_memory(char const*, int, unsigned int, VMErrorType, char const*)+0x55
V  [libjvm.so+0x750e26]  os::Linux::commit_memory_impl(char*, unsigned int, bool)+0xe6
V  [libjvm.so+0x7512f8]  os::pd_commit_memory(char*, unsigned int, unsigned int, bool)+0x28
V  [libjvm.so+0x74b21c]  os::commit_memory(char*, unsigned int, unsigned int, bool)+0x2c
V  [libjvm.so+0x7b5818]  PSVirtualSpace::expand_by(unsigned int)+0x48
V  [libjvm.so+0x7b691a]  PSYoungGen::resize_generation(unsigned int, unsigned int)+0xda
V  [libjvm.so+0x7b5c49]  PSYoungGen::resize(unsigned int, unsigned int)+0x19
V  [libjvm.so+0x7b3575]  PSScavenge::invoke_no_policy()+0xd15
V  [libjvm.so+0x7b3d38]  PSScavenge::invoke()+0x28
V  [libjvm.so+0x77280a]  ParallelScavengeHeap::failed_mem_allocate(unsigned int)+0x5a
V  [libjvm.so+0x8ceb3a]  VM_ParallelGCFailedAllocation::doit()+0x7a
V  [libjvm.so+0x8d8147]  VM_Operation::evaluate()+0x47
V  [libjvm.so+0x8d6223]  VMThread::evaluate_operation(VM_Operation*)+0xb3
V  [libjvm.so+0x8d65c0]  VMThread::loop()+0x1b0
V  [libjvm.so+0x8d6a25]  VMThread::run()+0x85
V  [libjvm.so+0x753469]  java_start(Thread*)+0x119
C  [libpthread.so.0+0x617f]  start_thread+0xcf

VM_Operation (0xb6716a84): ParallelGCFailedAllocation, mode: safepoint, requested by thread 0xb6507c00


---------------  P R O C E S S  ---------------

Java Threads: ( => current thread )
  0x63bab800 JavaThread "Service Thread" daemon [_thread_blocked, id=17799, stack(0x6381f000,0x63870000)]
  0x63ba8800 JavaThread "C1 CompilerThread2" daemon [_thread_blocked, id=17798, stack(0x6344d000,0x634ce000)]
  0x63ba7000 JavaThread "C2 CompilerThread1" daemon [_thread_blocked, id=17797, stack(0x634ce000,0x6354f000)]
  0x63ba5000 JavaThread "C2 CompilerThread0" daemon [_thread_blocked, id=17796, stack(0x6354f000,0x635d0000)]
  0x63ba3800 JavaThread "Signal Dispatcher" daemon [_thread_blocked, id=17795, stack(0x63870000,0x638c1000)]
  0x63b85400 JavaThread "Finalizer" daemon [_thread_blocked, id=17794, stack(0x6682e000,0x6687f000)]
  0x63b83c00 JavaThread "Reference Handler" daemon [_thread_blocked, id=17793, stack(0x63a2e000,0x63a7f000)]
  0xb6507c00 JavaThread "main" [_thread_blocked, id=17787, stack(0xb66c7000,0xb6718000)]

Other Threads:
=>0x63b80800 VMThread [stack: 0x63a7f000,0x63b00000] [id=17792]
  0x63bae800 WatcherThread [stack: 0x633cc000,0x6344d000] [id=17800]

VM state:at safepoint (normal execution)

VM Mutex/Monitor currently owned by a thread:  ([mutex/lock_event])
[0xb6505460] Threads_lock - owner thread: 0x63b80800
[0xb6505870] Heap_lock - owner thread: 0xb6507c00

Heap:
 PSYoungGen      total 35840K, used 2436K [0x91ac0000, 0x94040000, 0xa7000000)
  eden space 33280K, 0% used [0x91ac0000,0x91ac0000,0x93b40000)
  from space 2560K, 95% used [0x93b40000,0x93da1308,0x93dc0000)
  to   space 2560K, 0% used [0x93dc0000,0x93dc0000,0x94040000)
 ParOldGen       total 52480K, used 15284K [0x67000000, 0x6a340000, 0x91ac0000)
  object space 52480K, 29% used [0x67000000,0x67eed370,0x6a340000)
 Metaspace       used 4976K, capacity 5004K, committed 5016K, reserved 5424K

Card table byte_map: [0x66dff000,0x67000000] byte_map_base: 0x66ac7000

Marking Bits: (ParMarkBitMap*) 0xb7163380
 Begin Bits: [0x64700000, 0x65700000)
 End Bits:   [0x65700000, 0x66700000)

Polling page: 0xb7779000

CodeCache: size=245760Kb used=3782Kb max_used=3796Kb free=241978Kb
 bounds [0xa7500000, 0xa78c0000, 0xb6500000]
 total_blobs=1820 nmethods=1644 adapters=90
 compilation: enabled

Compilation events (10 events):
Event: 2,448 Thread 0x63ba7000 nmethod 1589 0xa78af048 code [0xa78af180, 0xa78af5f0]
Event: 2,448 Thread 0x63ba7000 1662       4       com.android.dx.merge.DexMerger$5::read (8 bytes)
Event: 2,455 Thread 0x63ba5000 nmethod 1667 0xa78ae2c8 code [0xa78ae3e0, 0xa78ae5b0]
Event: 2,455 Thread 0x63ba5000 1679       4       com.android.dx.io.instructions.InstructionCodec$10::decode (50 bytes)
Event: 2,459 Thread 0x63ba5000 nmethod 1679 0xa78addc8 code [0xa78adee0, 0xa78ae0d0]
Event: 2,459 Thread 0x63ba5000 1681       4       com.android.dx.io.instructions.InstructionCodec$4::decode (41 bytes)
Event: 2,462 Thread 0x63ba5000 nmethod 1681 0xa78aecc8 code [0xa78aedc0, 0xa78aeef0]
Event: 2,462 Thread 0x63ba5000 1684       4       com.android.dex.Dex$Section::readMethods (59 bytes)
Event: 2,469 Thread 0x63ba7000 nmethod 1662 0xa78b5f88 code [0xa78b60e0, 0xa78b6590]
Event: 2,469 Thread 0x63ba7000 1685       4       com.android.dx.merge.DexMerger::transformMethods (126 bytes)

GC Heap History (10 events):
Event: 1,071 GC heap after
Heap after GC invocations=1 (full 0):
 PSYoungGen      total 19200K, used 2558K [0x91ac0000, 0x93000000, 0xa7000000)
  eden space 16640K, 0% used [0x91ac0000,0x91ac0000,0x92b00000)
  from space 2560K, 99% used [0x92b00000,0x92d7fa20,0x92d80000)
  to   space 2560K, 0% used [0x92d80000,0x92d80000,0x93000000)
 ParOldGen       total 43776K, used 1931K [0x67000000, 0x69ac0000, 0x91ac0000)
  object space 43776K, 4% used [0x67000000,0x671e2d88,0x69ac0000)
 Metaspace       used 3591K, capacity 3646K, committed 3736K, reserved 4400K
}
Event: 1,856 GC heap before
{Heap before GC invocations=2 (full 0):
 PSYoungGen      total 19200K, used 19198K [0x91ac0000, 0x93000000, 0xa7000000)
  eden space 16640K, 100% used [0x91ac0000,0x92b00000,0x92b00000)
  from space 2560K, 99% used [0x92b00000,0x92d7fa20,0x92d80000)
  to   space 2560K, 0% used [0x92d80000,0x92d80000,0x93000000)
 ParOldGen       total 43776K, used 1931K [0x67000000, 0x69ac0000, 0x91ac0000)
  object space 43776K, 4% used [0x67000000,0x671e2d88,0x69ac0000)
 Metaspace       used 4912K, capacity 4940K, committed 5016K, reserved 5424K
Event: 1,867 GC heap after
Heap after GC invocations=2 (full 0):
 PSYoungGen      total 19200K, used 2546K [0x91ac0000, 0x94040000, 0xa7000000)
  eden space 16640K, 0% used [0x91ac0000,0x91ac0000,0x92b00000)
  from space 2560K, 99% used [0x92d80000,0x92ffc930,0x93000000)
  to   space 2560K, 0% used [0x92b00000,0x92b00000,0x92d80000)
 ParOldGen       total 43776K, used 5585K [0x67000000, 0x69ac0000, 0x91ac0000)
  object space 43776K, 12% used [0x67000000,0x67574588,0x69ac0000)
 Metaspace       used 4912K, capacity 4940K, committed 5016K, reserved 5424K
}
Event: 2,044 GC heap before
{Heap before GC invocations=3 (full 0):
 PSYoungGen      total 19200K, used 19186K [0x91ac0000, 0x94040000, 0xa7000000)
  eden space 16640K, 100% used [0x91ac0000,0x92b00000,0x92b00000)
  from space 2560K, 99% used [0x92d80000,0x92ffc930,0x93000000)
  to   space 2560K, 0% used [0x92b00000,0x92b00000,0x92d80000)
 ParOldGen       total 43776K, used 5585K [0x67000000, 0x69ac0000, 0x91ac0000)
  object space 43776K, 12% used [0x67000000,0x67574588,0x69ac0000)
 Metaspace       used 4949K, capacity 4972K, committed 5016K, reserved 5424K
Event: 2,049 GC heap after
Heap after GC invocations=3 (full 0):
 PSYoungGen      total 19200K, used 2557K [0x91ac0000, 0x94040000, 0xa7000000)
  eden space 16640K, 0% used [0x91ac0000,0x91ac0000,0x92b00000)
  from space 2560K, 99% used [0x92b00000,0x92d7f7f0,0x92d80000)
  to   space 2560K, 0% used [0x93dc0000,0x93dc0000,0x94040000)
 ParOldGen       total 43776K, used 12286K [0x67000000, 0x69ac0000, 0x91ac0000)
  object space 43776K, 28% used [0x67000000,0x67bffb10,0x69ac0000)
 Metaspace       used 4949K, capacity 4972K, committed 5016K, reserved 5424K
}
Event: 2,158 GC heap before
{Heap before GC invocations=4 (full 0):
 PSYoungGen      total 19200K, used 19197K [0x91ac0000, 0x94040000, 0xa7000000)
  eden space 16640K, 100% used [0x91ac0000,0x92b00000,0x92b00000)
  from space 2560K, 99% used [0x92b00000,0x92d7f7f0,0x92d80000)
  to   space 2560K, 0% used [0x93dc0000,0x93dc0000,0x94040000)
 ParOldGen       total 43776K, used 12286K [0x67000000, 0x69ac0000, 0x91ac0000)
  object space 43776K, 28% used [0x67000000,0x67bffb10,0x69ac0000)
 Metaspace       used 4963K, capacity 4972K, committed 5016K, reserved 5424K
Event: 2,175 GC heap after
Heap after GC invocations=4 (full 0):
 PSYoungGen      total 35840K, used 2555K [0x91ac0000, 0x94040000, 0xa7000000)
  eden space 33280K, 0% used [0x91ac0000,0x91ac0000,0x93b40000)
  from space 2560K, 99% used [0x93dc0000,0x9403efc8,0x94040000)
  to   space 2560K, 0% used [0x93b40000,0x93b40000,0x93dc0000)
 ParOldGen       total 43776K, used 29782K [0x67000000, 0x69ac0000, 0x91ac0000)
  object space 43776K, 68% used [0x67000000,0x68d159b8,0x69ac0000)
 Metaspace       used 4963K, capacity 4972K, committed 5016K, reserved 5424K
}
Event: 2,175 GC heap before
{Heap before GC invocations=5 (full 1):
 PSYoungGen      total 35840K, used 2555K [0x91ac0000, 0x94040000, 0xa7000000)
  eden space 33280K, 0% used [0x91ac0000,0x91ac0000,0x93b40000)
  from space 2560K, 99% used [0x93dc0000,0x9403efc8,0x94040000)
  to   space 2560K, 0% used [0x93b40000,0x93b40000,0x93dc0000)
 ParOldGen       total 43776K, used 29782K [0x67000000, 0x69ac0000, 0x91ac0000)
  object space 43776K, 68% used [0x67000000,0x68d159b8,0x69ac0000)
 Metaspace       used 4963K, capacity 4972K, committed 5016K, reserved 5424K
Event: 2,227 GC heap after
Heap after GC invocations=5 (full 1):
 PSYoungGen      total 35840K, used 0K [0x91ac0000, 0x94040000, 0xa7000000)
  eden space 33280K, 0% used [0x91ac0000,0x91ac0000,0x93b40000)
  from space 2560K, 0% used [0x93dc0000,0x93dc0000,0x94040000)
  to   space 2560K, 0% used [0x93b40000,0x93b40000,0x93dc0000)
 ParOldGen       total 52480K, used 11890K [0x67000000, 0x6a340000, 0x91ac0000)
  object space 52480K, 22% used [0x67000000,0x67b9ca80,0x6a340000)
 Metaspace       used 4963K, capacity 4972K, committed 5016K, reserved 5424K
}
Event: 2,475 GC heap before
{Heap before GC invocations=6 (full 1):
 PSYoungGen      total 35840K, used 33280K [0x91ac0000, 0x94040000, 0xa7000000)
  eden space 33280K, 100% used [0x91ac0000,0x93b40000,0x93b40000)
  from space 2560K, 0% used [0x93dc0000,0x93dc0000,0x94040000)
  to   space 2560K, 0% used [0x93b40000,0x93b40000,0x93dc0000)
 ParOldGen       total 52480K, used 11890K [0x67000000, 0x6a340000, 0x91ac0000)
  object space 52480K, 22% used [0x67000000,0x67b9ca80,0x6a340000)
 Metaspace       used 4976K, capacity 5004K, committed 5016K, reserved 5424K

Deoptimization events (10 events):
Event: 1,440 Thread 0xb6507c00 Uncommon trap: reason=class_check action=maybe_recompile pc=0xa76f2200 method=java.util.HashMap.putVal(ILjava/lang/Object;Ljava/lang/Object;ZZ)Ljava/lang/Object; @ 152
Event: 1,544 Thread 0xb6507c00 Uncommon trap: reason=unstable_if action=reinterpret pc=0xa775dc54 method=java.util.HashMap.putVal(ILjava/lang/Object;Ljava/lang/Object;ZZ)Ljava/lang/Object; @ 162
Event: 1,560 Thread 0xb6507c00 Uncommon trap: reason=predicate action=maybe_recompile pc=0xa7788390 method=com.android.dex.Leb128.writeUnsignedLeb128(Lcom/android/dex/util/ByteOutput;I)V @ 9
Event: 1,699 Thread 0xb6507c00 Uncommon trap: reason=unstable_if action=reinterpret pc=0xa77ad6e8 method=sun.misc.URLClassPath.getLoader(I)Lsun/misc/URLClassPath$Loader; @ 36
Event: 1,699 Thread 0xb6507c00 Uncommon trap: reason=unstable_if action=reinterpret pc=0xa76213ac method=sun.misc.MetaIndex.mayContain(Ljava/lang/String;)Z @ 13
Event: 1,783 Thread 0xb6507c00 Uncommon trap: reason=unstable_if action=reinterpret pc=0xa778590c method=com.android.dex.Mutf8.decode(Lcom/android/dex/util/ByteInput;[C)Ljava/lang/String; @ 37
Event: 1,793 Thread 0xb6507c00 Uncommon trap: reason=predicate action=maybe_recompile pc=0xa77c57e0 method=com.android.dex.Leb128.readUnsignedLeb128(Lcom/android/dex/util/ByteInput;)I @ 41
Event: 1,849 Thread 0xb6507c00 Uncommon trap: reason=unstable_if action=reinterpret pc=0xa77cf548 method=java.util.HashMap.putVal(ILjava/lang/Object;Ljava/lang/Object;ZZ)Ljava/lang/Object; @ 109
Event: 1,922 Thread 0xb6507c00 Uncommon trap: reason=unstable_if action=reinterpret pc=0xa76e01d0 method=java.util.HashMap.getNode(ILjava/lang/Object;)Ljava/util/HashMap$Node; @ 84
Event: 1,923 Thread 0xb6507c00 Uncommon trap: reason=unstable_if action=reinterpret pc=0xa774863c method=java.util.HashMap.getNode(ILjava/lang/Object;)Ljava/util/HashMap$Node; @ 84

Internal exceptions (6 events):
Event: 0,225 Thread 0xb6507c00 Exception <a 'java/lang/NoSuchMethodError': Method sun.misc.Unsafe.defineClass(Ljava/lang/String;[BII)Ljava/lang/Class; name or signature does not match> (0x91ad03d0) thrown at [/HUDSON3/workspace/8-2-build-linux-i586/jdk8u60/4407/hotspot/src/share/vm/pri
Event: 0,225 Thread 0xb6507c00 Exception <a 'java/lang/NoSuchMethodError': Method sun.misc.Unsafe.prefetchRead(Ljava/lang/Object;J)V name or signature does not match> (0x91ad06a0) thrown at [/HUDSON3/workspace/8-2-build-linux-i586/jdk8u60/4407/hotspot/src/share/vm/prims/jni.cpp, line 3
Event: 1,700 Thread 0xb6507c00 Exception <a 'java/security/PrivilegedActionException'> (0x927226e8) thrown at [/HUDSON3/workspace/8-2-build-linux-i586/jdk8u60/4407/hotspot/src/share/vm/prims/jvm.cpp, line 1386]
Event: 1,700 Thread 0xb6507c00 Exception <a 'java/security/PrivilegedActionException'> (0x92722ac8) thrown at [/HUDSON3/workspace/8-2-build-linux-i586/jdk8u60/4407/hotspot/src/share/vm/prims/jvm.cpp, line 1386]
Event: 1,700 Thread 0xb6507c00 Exception <a 'java/security/PrivilegedActionException'> (0x92725068) thrown at [/HUDSON3/workspace/8-2-build-linux-i586/jdk8u60/4407/hotspot/src/share/vm/prims/jvm.cpp, line 1386]
Event: 1,700 Thread 0xb6507c00 Exception <a 'java/security/PrivilegedActionException'> (0x92725448) thrown at [/HUDSON3/workspace/8-2-build-linux-i586/jdk8u60/4407/hotspot/src/share/vm/prims/jvm.cpp, line 1386]

Events (10 events):
Event: 2,228 Executing VM operation: ParallelGCFailedAllocation done
Event: 2,235 Thread 0xb6507c00 DEOPT PACKING pc=0xa78162cf sp=0xb6716b80
Event: 2,235 Thread 0xb6507c00 DEOPT UNPACKING pc=0xa753c590 sp=0xb6716a00 mode 0
Event: 2,239 Thread 0xb6507c00 DEOPT PACKING pc=0xa77f9fab sp=0xb6716b50
Event: 2,239 Thread 0xb6507c00 DEOPT UNPACKING pc=0xa753c590 sp=0xb67169e8 mode 0
Event: 2,243 Thread 0xb6507c00 DEOPT PACKING pc=0xa77f9fab sp=0xb6716b50
Event: 2,243 Thread 0xb6507c00 DEOPT UNPACKING pc=0xa753c590 sp=0xb67169e8 mode 0
Event: 2,247 Thread 0xb6507c00 DEOPT PACKING pc=0xa77f9fab sp=0xb6716b50
Event: 2,247 Thread 0xb6507c00 DEOPT UNPACKING pc=0xa753c590 sp=0xb67169e8 mode 0
Event: 2,475 Executing VM operation: ParallelGCFailedAllocation


Dynamic libraries:
08048000-08049000 r-xp 00000000 08:01 458999     /usr/lib/jvm/java-8-oracle/bin/java
08049000-0804a000 rw-p 00000000 08:01 458999     /usr/lib/jvm/java-8-oracle/bin/java
09d28000-09d8f000 rw-p 00000000 00:00 0          [heap]
62600000-626ee000 rw-p 00000000 00:00 0 
626ee000-62700000 ---p 00000000 00:00 0 
62800000-628e5000 rw-p 00000000 00:00 0 
628e5000-62900000 ---p 00000000 00:00 0 
62900000-62999000 rw-p 00000000 00:00 0 
62999000-62a00000 ---p 00000000 00:00 0 
62a00000-62afd000 rw-p 00000000 00:00 0 
62afd000-62b00000 ---p 00000000 00:00 0 
62c00000-62c8f000 rw-p 00000000 00:00 0 
62c8f000-62d00000 ---p 00000000 00:00 0 
62d00000-62da0000 rw-p 00000000 00:00 0 
62da0000-62e00000 ---p 00000000 00:00 0 
62e00000-62ef7000 rw-p 00000000 00:00 0 
62ef7000-62f00000 ---p 00000000 00:00 0 
62f00000-63000000 rw-p 00000000 00:00 0 
63000000-63100000 rw-p 00000000 00:00 0 
6310d000-63110000 ---p 00000000 00:00 0 
63110000-6315e000 rw-p 00000000 00:00 0 
6315e000-63161000 ---p 00000000 00:00 0 
63161000-631af000 rw-p 00000000 00:00 0 
631af000-631b2000 ---p 00000000 00:00 0 
631b2000-63200000 rw-p 00000000 00:00 0 
63200000-632a4000 rw-p 00000000 00:00 0 
632a4000-63300000 ---p 00000000 00:00 0 
6332a000-6332d000 ---p 00000000 00:00 0 
6332d000-6337b000 rw-p 00000000 00:00 0 
6337b000-6337e000 ---p 00000000 00:00 0 
6337e000-633cc000 rw-p 00000000 00:00 0 
633cc000-633cd000 ---p 00000000 00:00 0 
633cd000-6344d000 rw-p 00000000 00:00 0 
6344d000-63450000 ---p 00000000 00:00 0 
63450000-634ce000 rw-p 00000000 00:00 0 
634ce000-634d1000 ---p 00000000 00:00 0 
634d1000-6354f000 rw-p 00000000 00:00 0 
6354f000-63552000 ---p 00000000 00:00 0 
63552000-635d0000 rw-p 00000000 00:00 0 
635d0000-63700000 r--p 00000000 08:01 785816     /usr/lib/locale/ru_UA.utf8/LC_COLLATE
63700000-63721000 rw-p 00000000 00:00 0 
63721000-63800000 ---p 00000000 00:00 0 
6381f000-63822000 ---p 00000000 00:00 0 
63822000-63870000 rw-p 00000000 00:00 0 
63870000-63873000 ---p 00000000 00:00 0 
63873000-638c1000 rw-p 00000000 00:00 0 
638c1000-63900000 r--p 00000000 08:01 406351     /usr/lib/locale/zu_ZA.utf8/LC_CTYPE
63900000-63a00000 rw-p 00000000 00:00 0 
63a2e000-63a31000 ---p 00000000 00:00 0 
63a31000-63a7f000 rw-p 00000000 00:00 0 
63a7f000-63a80000 ---p 00000000 00:00 0 
63a80000-63b00000 rw-p 00000000 00:00 0 
63b00000-63bff000 rw-p 00000000 00:00 0 
63bff000-63c00000 ---p 00000000 00:00 0 
63c32000-63c81000 rw-p 00000000 00:00 0 
63c81000-63e59000 r--s 03d17000 08:01 459145     /usr/lib/jvm/java-8-oracle/jre/lib/rt.jar
63e59000-642fa000 rw-p 00000000 00:00 0 
642fa000-64300000 ---p 00000000 00:00 0 
64300000-66700000 rw-p 00000000 00:00 0 
66700000-66800000 rw-p 00000000 00:00 0 
6682e000-66831000 ---p 00000000 00:00 0 
66831000-6687f000 rw-p 00000000 00:00 0 
6687f000-66880000 ---p 00000000 00:00 0 
66880000-66900000 rw-p 00000000 00:00 0 
66900000-66921000 rw-p 00000000 00:00 0 
66921000-66a00000 ---p 00000000 00:00 0 
66a00000-66b00000 rw-p 00000000 00:00 0 
66b00000-66b21000 rw-p 00000000 00:00 0 
66b21000-66c00000 ---p 00000000 00:00 0 
66c28000-66c29000 ---p 00000000 00:00 0 
66c29000-66cc3000 rw-p 00000000 00:00 0 
66cc3000-66dff000 ---p 00000000 00:00 0 
66dff000-66e19000 rw-p 00000000 00:00 0 
66e19000-66f54000 ---p 00000000 00:00 0 
66f54000-66f68000 rw-p 00000000 00:00 0 
66f68000-66fff000 ---p 00000000 00:00 0 
66fff000-6a340000 rw-p 00000000 00:00 0 
6a340000-91ac0000 ---p 00000000 00:00 0 
91ac0000-94040000 rw-p 00000000 00:00 0 
97476000-97611000 rw-p 00000000 00:00 0 
97611000-97640000 r--p 00000000 08:01 401695     /usr/share/locale/ru/LC_MESSAGES/libc.mo
97640000-a7000000 ---p 00000000 00:00 0 
a7018000-a7022000 r--s 00116000 08:01 459125     /usr/lib/jvm/java-8-oracle/jre/lib/ext/localedata.jar
a7022000-a703e000 r--s 00393000 08:01 459123     /usr/lib/jvm/java-8-oracle/jre/lib/ext/cldrdata.jar
a703e000-a703f000 ---p 00000000 00:00 0 
a703f000-a70bf000 rw-p 00000000 00:00 0 
a70bf000-a70c0000 ---p 00000000 00:00 0 
a70c0000-a714f000 rw-p 00000000 00:00 0 
a714f000-a7500000 ---p 00000000 00:00 0 
a7500000-a78c0000 rwxp 00000000 00:00 0 
a78c0000-b6500000 ---p 00000000 00:00 0 
b6500000-b65fc000 rw-p 00000000 00:00 0 
b65fc000-b6600000 ---p 00000000 00:00 0 
b6604000-b6613000 r--s 000df000 08:01 1248971    /home/penpen/Android/Sdk/build-tools/23.0.0-preview/lib/dx.jar
b6613000-b662b000 rw-p 00000000 00:00 0 
b662b000-b6644000 r-xp 00000000 08:01 459405     /usr/lib/jvm/java-8-oracle/jre/lib/i386/libzip.so
b6644000-b6645000 rw-p 00019000 08:01 459405     /usr/lib/jvm/java-8-oracle/jre/lib/i386/libzip.so
b6645000-b6651000 r-xp 00000000 08:01 1047256    /lib/i386-linux-gnu/i686/cmov/libnss_files-2.21.so
b6651000-b6652000 r--p 0000b000 08:01 1047256    /lib/i386-linux-gnu/i686/cmov/libnss_files-2.21.so
b6652000-b6653000 rw-p 0000c000 08:01 1047256    /lib/i386-linux-gnu/i686/cmov/libnss_files-2.21.so
b6653000-b665e000 r-xp 00000000 08:01 1047260    /lib/i386-linux-gnu/i686/cmov/libnss_nis-2.21.so
b665e000-b665f000 r--p 0000a000 08:01 1047260    /lib/i386-linux-gnu/i686/cmov/libnss_nis-2.21.so
b665f000-b6660000 rw-p 0000b000 08:01 1047260    /lib/i386-linux-gnu/i686/cmov/libnss_nis-2.21.so
b6660000-b6677000 r-xp 00000000 08:01 1047247    /lib/i386-linux-gnu/i686/cmov/libnsl-2.21.so
b6677000-b6678000 r--p 00016000 08:01 1047247    /lib/i386-linux-gnu/i686/cmov/libnsl-2.21.so
b6678000-b6679000 rw-p 00017000 08:01 1047247    /lib/i386-linux-gnu/i686/cmov/libnsl-2.21.so
b6679000-b667b000 rw-p 00000000 00:00 0 
b667f000-b6683000 r--s 00095000 08:01 459259     /usr/lib/jvm/java-8-oracle/jre/lib/jsse.jar
b6683000-b6684000 r--p 00000000 08:01 785834     /usr/lib/locale/ru_RU.utf8/LC_MONETARY
b6684000-b6685000 r--p 00000000 08:01 785812     /usr/lib/locale/ru_UA.utf8/LC_MESSAGES/SYS_LC_MESSAGES
b6685000-b6686000 r--p 00000000 08:01 406350     /usr/lib/locale/zu_ZA.utf8/LC_PAPER
b6686000-b6687000 r--p 00000000 08:01 407190     /usr/lib/locale/yo_NG/LC_NAME
b6687000-b6688000 r--p 00000000 08:01 785831     /usr/lib/locale/ru_RU.utf8/LC_ADDRESS
b6688000-b6689000 r--p 00000000 08:01 408012     /usr/lib/locale/tt_RU@iqtelif/LC_TELEPHONE
b6689000-b668a000 r--p 00000000 08:01 406349     /usr/lib/locale/zu_ZA.utf8/LC_MEASUREMENT
b668a000-b6691000 r--s 00000000 08:01 404720     /usr/lib/i386-linux-gnu/gconv/gconv-modules.cache
b6691000-b6699000 rw-s 00000000 08:01 2507768    /tmp/hsperfdata_penpen/17782
b6699000-b66bd000 r-xp 00000000 08:01 459377     /usr/lib/jvm/java-8-oracle/jre/lib/i386/libjava.so
b66bd000-b66be000 rw-p 00023000 08:01 459377     /usr/lib/jvm/java-8-oracle/jre/lib/i386/libjava.so
b66be000-b66c5000 r-xp 00000000 08:01 1047268    /lib/i386-linux-gnu/i686/cmov/librt-2.21.so
b66c5000-b66c6000 r--p 00006000 08:01 1047268    /lib/i386-linux-gnu/i686/cmov/librt-2.21.so
b66c6000-b66c7000 rw-p 00007000 08:01 1047268    /lib/i386-linux-gnu/i686/cmov/librt-2.21.so
b66c7000-b66ca000 ---p 00000000 00:00 0 
b66ca000-b6718000 rw-p 00000000 00:00 0 
b6718000-b6763000 r-xp 00000000 08:01 1047240    /lib/i386-linux-gnu/i686/cmov/libm-2.21.so
b6763000-b6764000 r--p 0004a000 08:01 1047240    /lib/i386-linux-gnu/i686/cmov/libm-2.21.so
b6764000-b6765000 rw-p 0004b000 08:01 1047240    /lib/i386-linux-gnu/i686/cmov/libm-2.21.so
b6765000-b70e5000 r-xp 00000000 08:01 459347     /usr/lib/jvm/java-8-oracle/jre/lib/i386/server/libjvm.so
b70e5000-b7152000 rw-p 00980000 08:01 459347     /usr/lib/jvm/java-8-oracle/jre/lib/i386/server/libjvm.so
b7152000-b7578000 rw-p 00000000 00:00 0 
b7578000-b7729000 r-xp 00000000 08:01 1047228    /lib/i386-linux-gnu/i686/cmov/libc-2.21.so
b7729000-b772c000 r--p 001b0000 08:01 1047228    /lib/i386-linux-gnu/i686/cmov/libc-2.21.so
b772c000-b772e000 rw-p 001b3000 08:01 1047228    /lib/i386-linux-gnu/i686/cmov/libc-2.21.so
b772e000-b7730000 rw-p 00000000 00:00 0 
b7730000-b7733000 r-xp 00000000 08:01 1047237    /lib/i386-linux-gnu/i686/cmov/libdl-2.21.so
b7733000-b7734000 r--p 00002000 08:01 1047237    /lib/i386-linux-gnu/i686/cmov/libdl-2.21.so
b7734000-b7735000 rw-p 00003000 08:01 1047237    /lib/i386-linux-gnu/i686/cmov/libdl-2.21.so
b7735000-b7749000 r-xp 00000000 08:01 460622     /usr/lib/jvm/java-8-oracle/lib/i386/jli/libjli.so
b7749000-b774a000 rw-p 00014000 08:01 460622     /usr/lib/jvm/java-8-oracle/lib/i386/jli/libjli.so
b774a000-b774b000 rw-p 00000000 00:00 0 
b774b000-b7764000 r-xp 00000000 08:01 1047219    /lib/i386-linux-gnu/i686/cmov/libpthread-2.21.so
b7764000-b7765000 r--p 00018000 08:01 1047219    /lib/i386-linux-gnu/i686/cmov/libpthread-2.21.so
b7765000-b7766000 rw-p 00019000 08:01 1047219    /lib/i386-linux-gnu/i686/cmov/libpthread-2.21.so
b7766000-b7768000 rw-p 00000000 00:00 0 
b7769000-b776b000 rw-p 00000000 00:00 0 
b776b000-b776c000 r--p 00000000 08:01 407972     /usr/lib/locale/uk_UA.utf8/LC_NUMERIC
b776c000-b776d000 r--p 00000000 08:01 785833     /usr/lib/locale/ru_RU.utf8/LC_TIME
b776d000-b776e000 r--p 00000000 08:01 785830     /usr/lib/locale/ru_RU.utf8/LC_IDENTIFICATION
b776e000-b7776000 r-xp 00000000 08:01 1047250    /lib/i386-linux-gnu/i686/cmov/libnss_compat-2.21.so
b7776000-b7777000 r--p 00007000 08:01 1047250    /lib/i386-linux-gnu/i686/cmov/libnss_compat-2.21.so
b7777000-b7778000 rw-p 00008000 08:01 1047250    /lib/i386-linux-gnu/i686/cmov/libnss_compat-2.21.so
b7778000-b7779000 rw-p 00000000 00:00 0 
b7779000-b777a000 ---p 00000000 00:00 0 
b777a000-b7785000 r-xp 00000000 08:01 459397     /usr/lib/jvm/java-8-oracle/jre/lib/i386/libverify.so
b7785000-b7786000 rw-p 0000b000 08:01 459397     /usr/lib/jvm/java-8-oracle/jre/lib/i386/libverify.so
b7786000-b7788000 rw-p 00000000 00:00 0 
b7788000-b7789000 r-xp 00000000 00:00 0          [vdso]
b7789000-b77aa000 r-xp 00000000 08:01 1047048    /lib/i386-linux-gnu/ld-2.21.so
b77aa000-b77ab000 r--p 00020000 08:01 1047048    /lib/i386-linux-gnu/ld-2.21.so
b77ab000-b77ac000 rw-p 00021000 08:01 1047048    /lib/i386-linux-gnu/ld-2.21.so
bfaeb000-bfaec000 rwxp 00000000 00:00 0 
bfb1e000-bfb3f000 rw-p 00000000 00:00 0          [stack]

VM Arguments:
jvm_args: -Xmx1024M -Dfile.encoding=UTF-8 -Duser.country=RU -Duser.language=ru -Duser.variant 
java_command: com.android.dx.command.Main --dex --num-threads=4 --output /home/penpen/AndroidStudioProjects/ProfView/app/build/intermediates/dex/debug /home/penpen/AndroidStudioProjects/ProfView/app/build/intermediates/classes/debug /home/penpen/AndroidStudioProjects/ProfView/app/build/intermediates/pre-dexed/debug/support-annotations-23.0.1-7490bc9f7930b8690f99280eb8ca3b19c80ff154.jar /home/penpen/AndroidStudioProjects/ProfView/app/build/intermediates/pre-dexed/debug/classes-cbb93783849042ff154a54f2a2bb747543645933.jar /home/penpen/AndroidStudioProjects/ProfView/app/build/intermediates/pre-dexed/debug/volley-0c9a622bbccdeb0a4b94543e8a27c3b37a781d1a.jar /home/penpen/AndroidStudioProjects/ProfView/app/build/intermediates/pre-dexed/debug/internal_impl-23.0.1-9f6a68b645c79a068a6d601ce88a17e385e0c51c.jar /home/penpen/AndroidStudioProjects/ProfView/app/build/intermediates/pre-dexed/debug/classes-b159a6d71b7c5d61ad8b29b9b30dc206f976f772.jar /home/penpen/AndroidStudioProjects/ProfView/app/build/intermediates/pre-dexed/debug/classes-269f409a2a0203e7053ab084f0ce46e79fe73020.jar
java_class_path (initial): /home/penpen/Android/Sdk/build-tools/23.0.0-preview/lib/dx.jar
Launcher Type: SUN_STANDARD

Environment Variables:
PATH=/usr/local/bin:/usr/bin:/bin:/usr/local/games:/usr/games
LD_LIBRARY_PATH=/home/penpen/Programs/android-studio/bin:
SHELL=/bin/bash
DISPLAY=:0

Signal Handlers:
SIGSEGV: [libjvm.so+0x8cdb80], sa_mask[0]=11111111011111111101111111111110, sa_flags=SA_RESTART|SA_SIGINFO
SIGBUS: [libjvm.so+0x8cdb80], sa_mask[0]=11111111011111111101111111111110, sa_flags=SA_RESTART|SA_SIGINFO
SIGFPE: [libjvm.so+0x74db00], sa_mask[0]=11111111011111111101111111111110, sa_flags=SA_RESTART|SA_SIGINFO
SIGPIPE: [libjvm.so+0x74db00], sa_mask[0]=11111111011111111101111111111110, sa_flags=SA_RESTART|SA_SIGINFO
SIGXFSZ: [libjvm.so+0x74db00], sa_mask[0]=11111111011111111101111111111110, sa_flags=SA_RESTART|SA_SIGINFO
SIGILL: [libjvm.so+0x74db00], sa_mask[0]=11111111011111111101111111111110, sa_flags=SA_RESTART|SA_SIGINFO
SIGUSR1: SIG_DFL, sa_mask[0]=00000000000000000000000000000000, sa_flags=none
SIGUSR2: [libjvm.so+0x74f180], sa_mask[0]=00100000000000000000000000000000, sa_flags=SA_RESTART|SA_SIGINFO
SIGHUP: [libjvm.so+0x750630], sa_mask[0]=11111111011111111101111111111110, sa_flags=SA_RESTART|SA_SIGINFO
SIGINT: [libjvm.so+0x750630], sa_mask[0]=11111111011111111101111111111110, sa_flags=SA_RESTART|SA_SIGINFO
SIGTERM: [libjvm.so+0x750630], sa_mask[0]=11111111011111111101111111111110, sa_flags=SA_RESTART|SA_SIGINFO
SIGQUIT: [libjvm.so+0x750630], sa_mask[0]=11111111011111111101111111111110, sa_flags=SA_RESTART|SA_SIGINFO


---------------  S Y S T E M  ---------------

OS:PRETTY_NAME="Debian GNU/Linux 7 (wheezy)"
NAME="Debian GNU/Linux"
VERSION_ID="7"
VERSION="7 (wheezy)"
ID=debian
ANSI_COLOR="1;31"
HOME_URL="http://www.debian.org/"
SUPPORT_URL="http://www.debian.org/support/"
BUG_REPORT_URL="http://bugs.debian.org/"

uname:Linux 3.2.0-4-686-pae #1 SMP Debian 3.2.68-1+deb7u4 i686
libc:glibc 2.21 NPTL 2.21 
rlimit: STACK 8192k, CORE 0k, NPROC 45958, NOFILE 4096, AS infinity
load average:4,19 4,37 4,95

/proc/meminfo:
MemTotal:        5893112 kB
MemFree:          226812 kB
Buffers:           10240 kB
Cached:           521624 kB
SwapCached:            0 kB
Active:          5124168 kB
Inactive:         380096 kB
Active(anon):    5059284 kB
Inactive(anon):   326300 kB
Active(file):      64884 kB
Inactive(file):    53796 kB
Unevictable:          48 kB
Mlocked:              48 kB
HighTotal:       5043656 kB
HighFree:           7256 kB
LowTotal:         849456 kB
LowFree:          219556 kB
SwapTotal:             0 kB
SwapFree:              0 kB
Dirty:              8220 kB
Writeback:           404 kB
AnonPages:       4973008 kB
Mapped:           243028 kB
Shmem:            413012 kB
Slab:             106444 kB
SReclaimable:      67668 kB
SUnreclaim:        38776 kB
KernelStack:        6744 kB
PageTables:        34280 kB
NFS_Unstable:          0 kB
Bounce:                0 kB
WritebackTmp:          0 kB
CommitLimit:     2946556 kB
Committed_AS:   12824388 kB
VmallocTotal:     122880 kB
VmallocUsed:       16564 kB
VmallocChunk:      98852 kB
HardwareCorrupted:     0 kB
AnonHugePages:         0 kB
HugePages_Total:       0
HugePages_Free:        0
HugePages_Rsvd:        0
HugePages_Surp:        0
Hugepagesize:       2048 kB
DirectMap4k:       10232 kB
DirectMap2M:      901120 kB


CPU:total 4 (2 cores per cpu, 2 threads per core) family 6 model 37 stepping 2, cmov, cx8, fxsr, mmx, sse, sse2, sse3, ssse3, sse4.1, sse4.2, popcnt, ht, tsc, tscinvbit

/proc/cpuinfo:
processor	: 0
vendor_id	: GenuineIntel
cpu family	: 6
model		: 37
model name	: Intel(R) Core(TM) i3 CPU         540  @ 3.07GHz
stepping	: 2
microcode	: 0x9
cpu MHz		: 3067.000
cache size	: 4096 KB
physical id	: 0
siblings	: 4
core id		: 0
cpu cores	: 2
apicid		: 0
initial apicid	: 0
fdiv_bug	: no
hlt_bug		: no
f00f_bug	: no
coma_bug	: no
fpu		: yes
fpu_exception	: yes
cpuid level	: 11
wp		: yes
flags		: fpu vme de pse tsc msr pae mce cx8 apic sep mtrr pge mca cmov pat pse36 clflush dts acpi mmx fxsr sse sse2 ss ht tm pbe nx rdtscp lm constant_tsc arch_perfmon pebs bts xtopology nonstop_tsc aperfmperf pni dtes64 monitor ds_cpl vmx est tm2 ssse3 cx16 xtpr pdcm sse4_1 sse4_2 popcnt lahf_lm arat dtherm tpr_shadow vnmi flexpriority ept vpid
bogomips	: 6157.53
clflush size	: 64
cache_alignment	: 64
address sizes	: 36 bits physical, 48 bits virtual
power management:

processor	: 1
vendor_id	: GenuineIntel
cpu family	: 6
model		: 37
model name	: Intel(R) Core(TM) i3 CPU         540  @ 3.07GHz
stepping	: 2
microcode	: 0x9
cpu MHz		: 3067.000
cache size	: 4096 KB
physical id	: 0
siblings	: 4
core id		: 2
cpu cores	: 2
apicid		: 4
initial apicid	: 4
fdiv_bug	: no
hlt_bug		: no
f00f_bug	: no
coma_bug	: no
fpu		: yes
fpu_exception	: yes
cpuid level	: 11
wp		: yes
flags		: fpu vme de pse tsc msr pae mce cx8 apic sep mtrr pge mca cmov pat pse36 clflush dts acpi mmx fxsr sse sse2 ss ht tm pbe nx rdtscp lm constant_tsc arch_perfmon pebs bts xtopology nonstop_tsc aperfmperf pni dtes64 monitor ds_cpl vmx est tm2 ssse3 cx16 xtpr pdcm sse4_1 sse4_2 popcnt lahf_lm arat dtherm tpr_shadow vnmi flexpriority ept vpid
bogomips	: 6157.44
clflush size	: 64
cache_alignment	: 64
address sizes	: 36 bits physical, 48 bits virtual
power management:

processor	: 2
vendor_id	: GenuineIntel
cpu family	: 6
model		: 37
model name	: Intel(R) Core(TM) i3 CPU         540  @ 3.07GHz
stepping	: 2
microcode	: 0x9
cpu MHz		: 3067.000
cache size	: 4096 KB
physical id	: 0
siblings	: 4
core id		: 0
cpu cores	: 2
apicid		: 1
initial apicid	: 1
fdiv_bug	: no
hlt_bug		: no
f00f_bug	: no
coma_bug	: no
fpu		: yes
fpu_exception	: yes
cpuid level	: 11
wp		: yes
flags		: fpu vme de pse tsc msr pae mce cx8 apic sep mtrr pge mca cmov pat pse36 clflush dts acpi mmx fxsr sse sse2 ss ht tm pbe nx rdtscp lm constant_tsc arch_perfmon pebs bts xtopology nonstop_tsc aperfmperf pni dtes64 monitor ds_cpl vmx est tm2 ssse3 cx16 xtpr pdcm sse4_1 sse4_2 popcnt lahf_lm arat dtherm tpr_shadow vnmi flexpriority ept vpid
bogomips	: 6157.41
clflush size	: 64
cache_alignment	: 64
address sizes	: 36 bits physical, 48 bits virtual
power management:

processor	: 3
vendor_id	: GenuineIntel
cpu family	: 6
model		: 37
model name	: Intel(R) Core(TM) i3 CPU         540  @ 3.07GHz
stepping	: 2
microcode	: 0x9
cpu MHz		: 3067.000
cache size	: 4096 KB
physical id	: 0
siblings	: 4
core id		: 2
cpu cores	: 2
apicid		: 5
initial apicid	: 5
fdiv_bug	: no
hlt_bug		: no
f00f_bug	: no
coma_bug	: no
fpu		: yes
fpu_exception	: yes
cpuid level	: 11
wp		: yes
flags		: fpu vme de pse tsc msr pae mce cx8 apic sep mtrr pge mca cmov pat pse36 clflush dts acpi mmx fxsr sse sse2 ss ht tm pbe nx rdtscp lm constant_tsc arch_perfmon pebs bts xtopology nonstop_tsc aperfmperf pni dtes64 monitor ds_cpl vmx est tm2 ssse3 cx16 xtpr pdcm sse4_1 sse4_2 popcnt lahf_lm arat dtherm tpr_shadow vnmi flexpriority ept vpid
bogomips	: 6157.42
clflush size	: 64
cache_alignment	: 64
address sizes	: 36 bits physical, 48 bits virtual
power management:



Memory: 4k page, physical 5893112k(226812k free), swap 0k(0k free)

vm_info: Java HotSpot(TM) Server VM (25.60-b23) for linux-x86 JRE (1.8.0_60-b27), built on Aug  4 2015 10:44:54 by "java_re" with gcc 4.3.0 20080428 (Red Hat 4.3.0-8)

time: Tue Oct 13 02:15:32 2015
elapsed time: 2 seconds (0d 0h 0m 2s)

