#
# There is insufficient memory for the Java Runtime Environment to continue.
# Native memory allocation (mmap) failed to map 32768 bytes for committing reserved memory.
# Possible reasons:
#   The system is out of physical RAM or swap space
#   In 32 bit mode, the process size limit was hit
# Possible solutions:
#   Reduce memory load on the system
#   Increase physical memory or swap space
#   Check if swap backing store is full
#   Use 64 bit Java on a 64 bit OS
#   Decrease Java heap size (-Xmx/-Xms)
#   Decrease number of Java threads
#   Decrease Java thread stack sizes (-Xss)
#   Set larger code cache with -XX:ReservedCodeCacheSize=
# This output file may be truncated or incomplete.
#
#  Out of Memory Error (os_linux.cpp:2627), pid=1324, tid=1666108224
#
# JRE version: Java(TM) SE Runtime Environment (8.0_66-b17) (build 1.8.0_66-b17)
# Java VM: Java HotSpot(TM) Server VM (25.66-b17 mixed mode linux-x86 )
# Failed to write core dump. Core dumps have been disabled. To enable core dumping, try "ulimit -c unlimited" before starting Java again
#

---------------  T H R E A D  ---------------

Current thread (0x63aaa400):  JavaThread "C1 CompilerThread2" daemon [_thread_in_vm, id=1348, stack(0x6346c000,0x634ed000)]

Stack: [0x6346c000,0x634ed000],  sp=0x634eb330,  free space=508k
Native frames: (J=compiled Java code, j=interpreted, Vv=VM code, C=native code)
V  [libjvm.so+0x8cd0ff]  VMError::report_and_die()+0x16f
V  [libjvm.so+0x38bee5]  report_vm_out_of_memory(char const*, int, unsigned int, VMErrorType, char const*)+0x55
V  [libjvm.so+0x750ed6]  os::Linux::commit_memory_impl(char*, unsigned int, bool)+0xe6
V  [libjvm.so+0x7513a8]  os::pd_commit_memory(char*, unsigned int, unsigned int, bool)+0x28
V  [libjvm.so+0x74b2cc]  os::commit_memory(char*, unsigned int, unsigned int, bool)+0x2c
V  [libjvm.so+0x8c919c]  VirtualSpace::expand_by(unsigned int, bool)+0x1ec
V  [libjvm.so+0x4a18d5]  CodeHeap::expand_by(unsigned int)+0x65
V  [libjvm.so+0x31db92]  CodeCache::allocate(int, bool)+0x72
V  [libjvm.so+0x7242be]  nmethod::new_nmethod(methodHandle, int, int, CodeOffsets*, int, DebugInformationRecorder*, Dependencies*, CodeBuffer*, int, OopMapSet*, ExceptionHandlerTable*, ImplicitExceptionTable*, AbstractCompiler*, int)+0x1ae
V  [libjvm.so+0x2b4a8b]  ciEnv::register_method(ciMethod*, int, CodeOffsets*, int, CodeBuffer*, int, OopMapSet*, ExceptionHandlerTable*, ImplicitExceptionTable*, AbstractCompiler*, int, bool, bool, RTMState)+0x37b
V  [libjvm.so+0x20b870]  Compilation::install_code(int)+0xa0
V  [libjvm.so+0x20cc31]  Compilation::compile_method()+0xc1
V  [libjvm.so+0x20cea7]  Compilation::Compilation(AbstractCompiler*, ciEnv*, ciMethod*, int, BufferBlob*)+0x207
V  [libjvm.so+0x20dc6b]  Compiler::compile_method(ciEnv*, ciMethod*, int)+0x7b
V  [libjvm.so+0x347b91]  CompileBroker::invoke_compiler_on_method(CompileTask*)+0xda1
V  [libjvm.so+0x3489a7]  CompileBroker::compiler_thread_loop()+0x567
V  [libjvm.so+0x876618]  compiler_thread_entry(JavaThread*, Thread*)+0x18
V  [libjvm.so+0x880b89]  JavaThread::thread_main_inner()+0x109
V  [libjvm.so+0x880d0b]  JavaThread::run()+0x14b
V  [libjvm.so+0x753519]  java_start(Thread*)+0x119
C  [libpthread.so.0+0x617f]  start_thread+0xcf
C  [libc.so.6+0xe7e9e]  clone+0x5e


Current CompileTask:
C1:  23500 1989       3       com.android.dx.cf.code.Ropper::addSynchExceptionHandlerBlock (206 bytes)


---------------  P R O C E S S  ---------------

Java Threads: ( => current thread )
  0x6320e400 JavaThread "pool-1-thread-4" [_thread_blocked, id=1375, stack(0x630bc000,0x6310d000)]
  0x63207000 JavaThread "pool-1-thread-3" [_thread_blocked, id=1372, stack(0x6310d000,0x6315e000)]
  0x63202c00 JavaThread "pool-1-thread-2" [_thread_blocked, id=1371, stack(0x6315e000,0x631af000)]
  0x63200400 JavaThread "pool-2-thread-1" [_thread_blocked, id=1370, stack(0x631af000,0x63200000)]
  0x63aff400 JavaThread "pool-1-thread-1" [_thread_blocked, id=1369, stack(0x63349000,0x6339a000)]
  0x63aad800 JavaThread "Service Thread" daemon [_thread_blocked, id=1349, stack(0x6341b000,0x6346c000)]
=>0x63aaa400 JavaThread "C1 CompilerThread2" daemon [_thread_in_vm, id=1348, stack(0x6346c000,0x634ed000)]
  0x63aa8c00 JavaThread "C2 CompilerThread1" daemon [_thread_blocked, id=1347, stack(0x634ed000,0x6356e000)]
  0x63aa6c00 JavaThread "C2 CompilerThread0" daemon [_thread_blocked, id=1346, stack(0x6356e000,0x635ef000)]
  0x63aa5400 JavaThread "Signal Dispatcher" daemon [_thread_blocked, id=1345, stack(0x635ef000,0x63640000)]
  0x63a85c00 JavaThread "Finalizer" daemon [_thread_blocked, id=1342, stack(0x637af000,0x63800000)]
  0x63a84400 JavaThread "Reference Handler" daemon [_thread_blocked, id=1340, stack(0x63b09000,0x63b5a000)]
  0xb6507800 JavaThread "main" [_thread_blocked, id=1327, stack(0xb6619000,0xb666a000)]

Other Threads:
  0x63a81400 VMThread [stack: 0x63b5a000,0x63bdb000] [id=1338]
  0x63ac0400 WatcherThread [stack: 0x6339a000,0x6341b000] [id=1350]

VM state:synchronizing (normal execution)

VM Mutex/Monitor currently owned by a thread:  ([mutex/lock_event])
[0xb6504460] CodeCache_lock - owner thread: 0x63aaa400
[0xb6504e88] Threads_lock - owner thread: 0x63a81400
[0xb65056a8] Compile_lock - owner thread: 0x63aaa400
[0xb6505778] MethodCompileQueue_lock - owner thread: 0x63aaa400

Heap:
 PSYoungGen      total 35840K, used 17902K [0x91ac0000, 0x969c0000, 0xa7000000)
  eden space 33280K, 46% used [0x91ac0000,0x929bd7c0,0x93b40000)
  from space 2560K, 99% used [0x93b40000,0x93dbe070,0x93dc0000)
  to   space 7168K, 0% used [0x962c0000,0x962c0000,0x969c0000)
 ParOldGen       total 43776K, used 13876K [0x67000000, 0x69ac0000, 0x91ac0000)
  object space 43776K, 31% used [0x67000000,0x67d8d258,0x69ac0000)
 Metaspace       used 3846K, capacity 3902K, committed 3992K, reserved 4400K

Card table byte_map: [0x66dff000,0x67000000] byte_map_base: 0x66ac7000

Marking Bits: (ParMarkBitMap*) 0xb70b5380
 Begin Bits: [0x64600000, 0x65600000)
 End Bits:   [0x65600000, 0x66600000)

Polling page: 0xb76d5000

CodeCache: size=245760Kb used=5280Kb max_used=5295Kb free=240479Kb
 bounds [0xa7498000, 0xa79c8000, 0xb6498000]
 total_blobs=1791 nmethods=1630 adapters=74
 compilation: enabled

Compilation events (10 events):
Event: 16,615 Thread 0x63aaa400 nmethod 1978 0xa79bc048 code [0xa79bc260, 0xa79bcd08]
Event: 16,624 Thread 0x63aaa400 1984       3       com.android.dx.dex.cf.AttributeTranslator::getAnnotations0 (62 bytes)
Event: 16,625 Thread 0x63aaa400 nmethod 1984 0xa79bd548 code [0xa79bd740, 0xa79be1e8]
Event: 16,702 Thread 0x63aaa400 1985       3       com.android.dx.rop.annotation.Annotations::<init> (16 bytes)
Event: 16,703 Thread 0x63aaa400 nmethod 1985 0xa79c2b48 code [0xa79c2c80, 0xa79c2f20]
Event: 16,705 Thread 0x63aa6c00 nmethod 1969 0xa79c3088 code [0xa79c3300, 0xa79c4ac4]
Event: 16,705 Thread 0x63aa6c00 1982       4       com.android.dx.ssa.SsaMethod::forEachBlockDepthFirst (194 bytes)
Event: 16,768 Thread 0x63aaa400 1986       3       com.android.dx.rop.code.SwitchInsn::<init> (49 bytes)
Event: 16,768 Thread 0x63aaa400 nmethod 1986 0xa79c2508 code [0xa79c2660, 0xa79c2984]
Event: 16,768 Thread 0x63aaa400 1989       3       com.android.dx.cf.code.Ropper::addSynchExceptionHandlerBlock (206 bytes)

GC Heap History (10 events):
Event: 3,076 GC heap before
{Heap before GC invocations=1 (full 0):
 PSYoungGen      total 19200K, used 16640K [0x91ac0000, 0x93000000, 0xa7000000)
  eden space 16640K, 100% used [0x91ac0000,0x92b00000,0x92b00000)
  from space 2560K, 0% used [0x92d80000,0x92d80000,0x93000000)
  to   space 2560K, 0% used [0x92b00000,0x92b00000,0x92d80000)
 ParOldGen       total 43776K, used 0K [0x67000000, 0x69ac0000, 0x91ac0000)
  object space 43776K, 0% used [0x67000000,0x67000000,0x69ac0000)
 Metaspace       used 3508K, capacity 3614K, committed 3736K, reserved 4400K
Event: 3,106 GC heap after
Heap after GC invocations=1 (full 0):
 PSYoungGen      total 19200K, used 2544K [0x91ac0000, 0x93000000, 0xa7000000)
  eden space 16640K, 0% used [0x91ac0000,0x91ac0000,0x92b00000)
  from space 2560K, 99% used [0x92b00000,0x92d7c090,0x92d80000)
  to   space 2560K, 0% used [0x92d80000,0x92d80000,0x93000000)
 ParOldGen       total 43776K, used 1531K [0x67000000, 0x69ac0000, 0x91ac0000)
  object space 43776K, 3% used [0x67000000,0x6717ef30,0x69ac0000)
 Metaspace       used 3508K, capacity 3614K, committed 3736K, reserved 4400K
}
Event: 4,211 GC heap before
{Heap before GC invocations=2 (full 0):
 PSYoungGen      total 19200K, used 19184K [0x91ac0000, 0x93000000, 0xa7000000)
  eden space 16640K, 100% used [0x91ac0000,0x92b00000,0x92b00000)
  from space 2560K, 99% used [0x92b00000,0x92d7c090,0x92d80000)
  to   space 2560K, 0% used [0x92d80000,0x92d80000,0x93000000)
 ParOldGen       total 43776K, used 1531K [0x67000000, 0x69ac0000, 0x91ac0000)
  object space 43776K, 3% used [0x67000000,0x6717ef30,0x69ac0000)
 Metaspace       used 3554K, capacity 3646K, committed 3736K, reserved 4400K
Event: 4,258 GC heap after
Heap after GC invocations=2 (full 0):
 PSYoungGen      total 19200K, used 2552K [0x91ac0000, 0x94040000, 0xa7000000)
  eden space 16640K, 0% used [0x91ac0000,0x91ac0000,0x92b00000)
  from space 2560K, 99% used [0x92d80000,0x92ffe080,0x93000000)
  to   space 2560K, 0% used [0x92b00000,0x92b00000,0x92d80000)
 ParOldGen       total 43776K, used 4041K [0x67000000, 0x69ac0000, 0x91ac0000)
  object space 43776K, 9% used [0x67000000,0x673f24f8,0x69ac0000)
 Metaspace       used 3554K, capacity 3646K, committed 3736K, reserved 4400K
}
Event: 4,928 GC heap before
{Heap before GC invocations=3 (full 0):
 PSYoungGen      total 19200K, used 19192K [0x91ac0000, 0x94040000, 0xa7000000)
  eden space 16640K, 100% used [0x91ac0000,0x92b00000,0x92b00000)
  from space 2560K, 99% used [0x92d80000,0x92ffe080,0x93000000)
  to   space 2560K, 0% used [0x92b00000,0x92b00000,0x92d80000)
 ParOldGen       total 43776K, used 4041K [0x67000000, 0x69ac0000, 0x91ac0000)
  object space 43776K, 9% used [0x67000000,0x673f24f8,0x69ac0000)
 Metaspace       used 3591K, capacity 3678K, committed 3736K, reserved 4400K
Event: 4,961 GC heap after
Heap after GC invocations=3 (full 0):
 PSYoungGen      total 19200K, used 2549K [0x91ac0000, 0x94040000, 0xa7000000)
  eden space 16640K, 0% used [0x91ac0000,0x91ac0000,0x92b00000)
  from space 2560K, 99% used [0x92b00000,0x92d7d638,0x92d80000)
  to   space 2560K, 0% used [0x93dc0000,0x93dc0000,0x94040000)
 ParOldGen       total 43776K, used 6549K [0x67000000, 0x69ac0000, 0x91ac0000)
  object space 43776K, 14% used [0x67000000,0x676657a8,0x69ac0000)
 Metaspace       used 3591K, capacity 3678K, committed 3736K, reserved 4400K
}
Event: 5,547 GC heap before
{Heap before GC invocations=4 (full 0):
 PSYoungGen      total 19200K, used 19189K [0x91ac0000, 0x94040000, 0xa7000000)
  eden space 16640K, 100% used [0x91ac0000,0x92b00000,0x92b00000)
  from space 2560K, 99% used [0x92b00000,0x92d7d638,0x92d80000)
  to   space 2560K, 0% used [0x93dc0000,0x93dc0000,0x94040000)
 ParOldGen       total 43776K, used 6549K [0x67000000, 0x69ac0000, 0x91ac0000)
  object space 43776K, 14% used [0x67000000,0x676657a8,0x69ac0000)
 Metaspace       used 3614K, capacity 3710K, committed 3736K, reserved 4400K
Event: 5,913 GC heap after
Heap after GC invocations=4 (full 0):
 PSYoungGen      total 35840K, used 2545K [0x91ac0000, 0x94040000, 0xa7000000)
  eden space 33280K, 0% used [0x91ac0000,0x91ac0000,0x93b40000)
  from space 2560K, 99% used [0x93dc0000,0x9403c440,0x94040000)
  to   space 2560K, 0% used [0x93b40000,0x93b40000,0x93dc0000)
 ParOldGen       total 43776K, used 9219K [0x67000000, 0x69ac0000, 0x91ac0000)
  object space 43776K, 21% used [0x67000000,0x67900d58,0x69ac0000)
 Metaspace       used 3614K, capacity 3710K, committed 3736K, reserved 4400K
}
Event: 10,828 GC heap before
{Heap before GC invocations=5 (full 0):
 PSYoungGen      total 35840K, used 35825K [0x91ac0000, 0x94040000, 0xa7000000)
  eden space 33280K, 100% used [0x91ac0000,0x93b40000,0x93b40000)
  from space 2560K, 99% used [0x93dc0000,0x9403c440,0x94040000)
  to   space 2560K, 0% used [0x93b40000,0x93b40000,0x93dc0000)
 ParOldGen       total 43776K, used 9219K [0x67000000, 0x69ac0000, 0x91ac0000)
  object space 43776K, 21% used [0x67000000,0x67900d58,0x69ac0000)
 Metaspace       used 3806K, capacity 3870K, committed 3992K, reserved 4400K
Event: 10,864 GC heap after
Heap after GC invocations=5 (full 0):
 PSYoungGen      total 35840K, used 2552K [0x91ac0000, 0x969c0000, 0xa7000000)
  eden space 33280K, 0% used [0x91ac0000,0x91ac0000,0x93b40000)
  from space 2560K, 99% used [0x93b40000,0x93dbe070,0x93dc0000)
  to   space 7168K, 0% used [0x962c0000,0x962c0000,0x969c0000)
 ParOldGen       total 43776K, used 13876K [0x67000000, 0x69ac0000, 0x91ac0000)
  object space 43776K, 31% used [0x67000000,0x67d8d258,0x69ac0000)
 Metaspace       used 3806K, capacity 3870K, committed 3992K, reserved 4400K
}

Deoptimization events (6 events):
Event: 2,312 Thread 0x6320e400 Uncommon trap: reason=bimorphic action=maybe_recompile pc=0xa75cc03c method=java.util.HashMap.getNode(ILjava/lang/Object;)Ljava/util/HashMap$Node; @ 126
Event: 2,312 Thread 0x6320e400 Uncommon trap: reason=bimorphic action=maybe_recompile pc=0xa75cc03c method=java.util.HashMap.getNode(ILjava/lang/Object;)Ljava/util/HashMap$Node; @ 126
Event: 2,312 Thread 0x6320e400 Uncommon trap: reason=bimorphic action=maybe_recompile pc=0xa75cc03c method=java.util.HashMap.getNode(ILjava/lang/Object;)Ljava/util/HashMap$Node; @ 126
Event: 2,312 Thread 0x6320e400 Uncommon trap: reason=bimorphic action=maybe_recompile pc=0xa75cc03c method=java.util.HashMap.getNode(ILjava/lang/Object;)Ljava/util/HashMap$Node; @ 126
Event: 8,456 Thread 0xb6507800 Uncommon trap: reason=null_check action=make_not_entrant pc=0xa765d1d0 method=com.android.dx.rop.type.Type.equals(Ljava/lang/Object;)Z @ 8
Event: 10,881 Thread 0x63202c00 Uncommon trap: reason=unstable_if action=reinterpret pc=0xa786237c method=com.android.dx.util.IntList.binarysearch(I)I @ 105

Internal exceptions (3 events):
Event: 0,208 Thread 0xb6507800 Exception <a 'java/lang/NoSuchMethodError': Method sun.misc.Unsafe.defineClass(Ljava/lang/String;[BII)Ljava/lang/Class; name or signature does not match> (0x91ad0540) thrown at [/HUDSON/workspace/8-2-build-linux-i586/jdk8u66/4988/hotspot/src/share/vm/prim
Event: 0,208 Thread 0xb6507800 Exception <a 'java/lang/NoSuchMethodError': Method sun.misc.Unsafe.prefetchRead(Ljava/lang/Object;J)V name or signature does not match> (0x91ad0810) thrown at [/HUDSON/workspace/8-2-build-linux-i586/jdk8u66/4988/hotspot/src/share/vm/prims/jni.cpp, line 39
Event: 8,456 Thread 0xb6507800 Implicit null exception at 0xa765d0eb to 0xa765d1c2

Events (10 events):
Event: 10,936 Thread 0x6320e400 DEOPT PACKING pc=0xa76a5579 sp=0x6310b640
Event: 10,936 Thread 0x6320e400 DEOPT UNPACKING pc=0xa74d4590 sp=0x6310b4fc mode 0
Event: 11,569 loading class com/android/dx/cf/attrib/AttConstantValue
Event: 11,569 loading class com/android/dx/cf/attrib/AttConstantValue done
Event: 15,584 Thread 0x63202c00 DEOPT PACKING pc=0xa769e02b sp=0x631ad840
Event: 15,584 Thread 0x63202c00 DEOPT UNPACKING pc=0xa74d4590 sp=0x631ad700 mode 0
Event: 16,089 Thread 0x63202c00 DEOPT PACKING pc=0xa76eedb3 sp=0x631ad750
Event: 16,089 Thread 0x63202c00 DEOPT UNPACKING pc=0xa74d4590 sp=0x631ad62c mode 0
Event: 16,609 Thread 0x6320e400 DEOPT PACKING pc=0xa76a5579 sp=0x6310b640
Event: 16,609 Thread 0x6320e400 DEOPT UNPACKING pc=0xa74d4590 sp=0x6310b4fc mode 0


Dynamic libraries:
08048000-08049000 r-xp 00000000 08:41 445694     /usr/lib/jvm/java-8-oracle/bin/java
08049000-0804a000 rw-p 00000000 08:41 445694     /usr/lib/jvm/java-8-oracle/bin/java
08560000-08581000 rw-p 00000000 00:00 0          [heap]
60c00000-60cea000 rw-p 00000000 00:00 0 
60cea000-60d00000 ---p 00000000 00:00 0 
60d00000-60dfc000 rw-p 00000000 00:00 0 
60dfc000-60e00000 ---p 00000000 00:00 0 
60e00000-60f00000 rw-p 00000000 00:00 0 
61200000-612f9000 rw-p 00000000 00:00 0 
612f9000-61300000 ---p 00000000 00:00 0 
61300000-613fd000 rw-p 00000000 00:00 0 
613fd000-61400000 ---p 00000000 00:00 0 
61400000-615e0000 rw-p 00000000 00:00 0 
615e0000-61600000 ---p 00000000 00:00 0 
61600000-616fe000 rw-p 00000000 00:00 0 
616fe000-61700000 ---p 00000000 00:00 0 
61700000-61800000 rw-p 00000000 00:00 0 
61800000-6189d000 rw-p 00000000 00:00 0 
6189d000-61900000 ---p 00000000 00:00 0 
61965000-61b00000 rw-p 00000000 00:00 0 
61b00000-61bd9000 rw-p 00000000 00:00 0 
61bd9000-61c00000 ---p 00000000 00:00 0 
61d00000-61dfe000 rw-p 00000000 00:00 0 
61dfe000-61e00000 ---p 00000000 00:00 0 
61f00000-61ffd000 rw-p 00000000 00:00 0 
61ffd000-62000000 ---p 00000000 00:00 0 
62000000-620f5000 rw-p 00000000 00:00 0 
620f5000-62100000 ---p 00000000 00:00 0 
62100000-621f3000 rw-p 00000000 00:00 0 
621f3000-62200000 ---p 00000000 00:00 0 
62200000-622ef000 rw-p 00000000 00:00 0 
622ef000-62300000 ---p 00000000 00:00 0 
62300000-623f4000 rw-p 00000000 00:00 0 
623f4000-62400000 ---p 00000000 00:00 0 
62400000-624fc000 rw-p 00000000 00:00 0 
624fc000-62500000 ---p 00000000 00:00 0 
62500000-625f0000 rw-p 00000000 00:00 0 
625f0000-62600000 ---p 00000000 00:00 0 
62600000-62700000 rw-p 00000000 00:00 0 
62700000-62800000 rw-p 00000000 00:00 0 
62800000-628fe000 rw-p 00000000 00:00 0 
628fe000-62900000 ---p 00000000 00:00 0 
62900000-62981000 rw-p 00000000 00:00 0 
62981000-62a00000 ---p 00000000 00:00 0 
62a00000-62acc000 rw-p 00000000 00:00 0 
62acc000-62b00000 ---p 00000000 00:00 0 
62b00000-62bf4000 rw-p 00000000 00:00 0 
62bf4000-62c00000 ---p 00000000 00:00 0 
62d00000-62f00000 rw-p 00000000 00:00 0 
62f00000-62ff7000 rw-p 00000000 00:00 0 
62ff7000-63000000 ---p 00000000 00:00 0 
63006000-630bc000 rw-p 00000000 00:00 0 
630bc000-630bf000 ---p 00000000 00:00 0 
630bf000-6310d000 rw-p 00000000 00:00 0          [stack:1375]
6310d000-63110000 ---p 00000000 00:00 0 
63110000-6315e000 rw-p 00000000 00:00 0          [stack:1372]
6315e000-63161000 ---p 00000000 00:00 0 
63161000-631af000 rw-p 00000000 00:00 0          [stack:1371]
631af000-631b2000 ---p 00000000 00:00 0 
631b2000-63200000 rw-p 00000000 00:00 0          [stack:1370]
63200000-6323f000 rw-p 00000000 00:00 0 
6323f000-63300000 ---p 00000000 00:00 0 
63349000-6334c000 ---p 00000000 00:00 0 
6334c000-6339a000 rw-p 00000000 00:00 0          [stack:1369]
6339a000-6339b000 ---p 00000000 00:00 0 
6339b000-6341b000 rw-p 00000000 00:00 0          [stack:1350]
6341b000-6341e000 ---p 00000000 00:00 0 
6341e000-6346c000 rw-p 00000000 00:00 0          [stack:1349]
6346c000-6346f000 ---p 00000000 00:00 0 
6346f000-634ed000 rw-p 00000000 00:00 0          [stack:1348]
634ed000-634f0000 ---p 00000000 00:00 0 
634f0000-6356e000 rw-p 00000000 00:00 0          [stack:1347]
6356e000-63571000 ---p 00000000 00:00 0 
63571000-635ef000 rw-p 00000000 00:00 0          [stack:1346]
635ef000-635f2000 ---p 00000000 00:00 0 
635f2000-63640000 rw-p 00000000 00:00 0          [stack:1345]
63640000-6367f000 r--p 00000000 08:41 406351     /usr/lib/locale/zu_ZA.utf8/LC_CTYPE
6367f000-637af000 r--p 00000000 08:41 785816     /usr/lib/locale/ru_UA.utf8/LC_COLLATE
637af000-637b2000 ---p 00000000 00:00 0 
637b2000-63800000 rw-p 00000000 00:00 0          [stack:1342]
63800000-638fc000 rw-p 00000000 00:00 0 
638fc000-63900000 ---p 00000000 00:00 0 
63900000-63921000 rw-p 00000000 00:00 0 
63921000-63a00000 ---p 00000000 00:00 0 
63a00000-63b00000 rw-p 00000000 00:00 0 
63b09000-63b0c000 ---p 00000000 00:00 0 
63b0c000-63b5a000 rw-p 00000000 00:00 0          [stack:1340]
63b5a000-63b5b000 ---p 00000000 00:00 0 
63b5b000-63bdb000 rw-p 00000000 00:00 0          [stack:1338]
63bdb000-63db4000 r--s 03d20000 08:41 445829     /usr/lib/jvm/java-8-oracle/jre/lib/rt.jar
63db4000-6419a000 rw-p 00000000 00:00 0 
6419a000-64200000 ---p 00000000 00:00 0 
64200000-66600000 rw-p 00000000 00:00 0 
66600000-666fe000 rw-p 00000000 00:00 0 
666fe000-66700000 ---p 00000000 00:00 0 
66701000-66730000 r--p 00000000 08:41 401695     /usr/share/locale/ru/LC_MESSAGES/libc.mo
66730000-6677f000 rw-p 00000000 00:00 0 
6677f000-66780000 ---p 00000000 00:00 0 
66780000-66800000 rw-p 00000000 00:00 0          [stack:1337]
66800000-668fd000 rw-p 00000000 00:00 0 
668fd000-66900000 ---p 00000000 00:00 0 
66900000-66921000 rw-p 00000000 00:00 0 
66921000-66a00000 ---p 00000000 00:00 0 
66a24000-66a7f000 rw-p 00000000 00:00 0 
66a7f000-66a80000 ---p 00000000 00:00 0 
66a80000-66b00000 rw-p 00000000 00:00 0          [stack:1336]
66b00000-66b21000 rw-p 00000000 00:00 0 
66b21000-66c00000 ---p 00000000 00:00 0 
66c28000-66c29000 ---p 00000000 00:00 0 
66c29000-66cbf000 rw-p 00000000 00:00 0          [stack:1335]
66cbf000-66dff000 ---p 00000000 00:00 0 
66dff000-66e15000 rw-p 00000000 00:00 0 
66e15000-66f54000 ---p 00000000 00:00 0 
66f54000-66f7c000 rw-p 00000000 00:00 0 
66f7c000-66fff000 ---p 00000000 00:00 0 
66fff000-69ac0000 rw-p 00000000 00:00 0 
69ac0000-91ac0000 ---p 00000000 00:00 0 
91ac0000-969c0000 rw-p 00000000 00:00 0 
969c0000-a7000000 ---p 00000000 00:00 0 
a7029000-a7038000 r--s 000df000 08:41 1248971    /home/penpen/Android/Sdk/build-tools/23.0.0-preview/lib/dx.jar
a7038000-a703f000 r--s 00000000 08:41 404720     /usr/lib/i386-linux-gnu/gconv/gconv-modules.cache
a703f000-a7057000 rw-p 00000000 00:00 0 
a7057000-a7058000 ---p 00000000 00:00 0 
a7058000-a70ed000 rw-p 00000000 00:00 0          [stack:1334]
a70ed000-a7498000 ---p 00000000 00:00 0 
a7498000-a79c8000 rwxp 00000000 00:00 0 
a79cf000-a79d0000 rw-p 00000000 00:00 0 
a79d0000-b6498000 ---p 00000000 00:00 0 
b6498000-b64af000 r-xp 00000000 08:41 1047247    /lib/i386-linux-gnu/i686/cmov/libnsl-2.21.so
b64af000-b64b0000 r--p 00016000 08:41 1047247    /lib/i386-linux-gnu/i686/cmov/libnsl-2.21.so
b64b0000-b64b1000 rw-p 00017000 08:41 1047247    /lib/i386-linux-gnu/i686/cmov/libnsl-2.21.so
b64b1000-b64b4000 rw-p 00000000 00:00 0 
b64b4000-b64b5000 r--p 00000000 08:41 407972     /usr/lib/locale/uk_UA.utf8/LC_NUMERIC
b64b5000-b64b6000 r--p 00000000 08:41 785833     /usr/lib/locale/ru_RU.utf8/LC_TIME
b64b6000-b64b7000 r--p 00000000 08:41 785834     /usr/lib/locale/ru_RU.utf8/LC_MONETARY
b64b7000-b64b8000 r--p 00000000 08:41 785812     /usr/lib/locale/ru_UA.utf8/LC_MESSAGES/SYS_LC_MESSAGES
b64b8000-b64b9000 r--p 00000000 08:41 406350     /usr/lib/locale/zu_ZA.utf8/LC_PAPER
b64b9000-b64d2000 r-xp 00000000 08:41 446016     /usr/lib/jvm/java-8-oracle/jre/lib/i386/libzip.so
b64d2000-b64d3000 rw-p 00019000 08:41 446016     /usr/lib/jvm/java-8-oracle/jre/lib/i386/libzip.so
b64d3000-b64db000 rw-s 00000000 08:41 657008     /tmp/hsperfdata_penpen/1324
b64db000-b64ff000 r-xp 00000000 08:41 445990     /usr/lib/jvm/java-8-oracle/jre/lib/i386/libjava.so
b64ff000-b6500000 rw-p 00023000 08:41 445990     /usr/lib/jvm/java-8-oracle/jre/lib/i386/libjava.so
b6500000-b65fb000 rw-p 00000000 00:00 0 
b65fb000-b6600000 ---p 00000000 00:00 0 
b6600000-b6601000 r--p 00000000 08:41 407190     /usr/lib/locale/yo_NG/LC_NAME
b6601000-b6602000 r--p 00000000 08:41 785831     /usr/lib/locale/ru_RU.utf8/LC_ADDRESS
b6602000-b660e000 r-xp 00000000 08:41 1047256    /lib/i386-linux-gnu/i686/cmov/libnss_files-2.21.so
b660e000-b660f000 r--p 0000b000 08:41 1047256    /lib/i386-linux-gnu/i686/cmov/libnss_files-2.21.so
b660f000-b6610000 rw-p 0000c000 08:41 1047256    /lib/i386-linux-gnu/i686/cmov/libnss_files-2.21.so
b6610000-b6617000 r-xp 00000000 08:41 1047268    /lib/i386-linux-gnu/i686/cmov/librt-2.21.so
b6617000-b6618000 r--p 00006000 08:41 1047268    /lib/i386-linux-gnu/i686/cmov/librt-2.21.so
b6618000-b6619000 rw-p 00007000 08:41 1047268    /lib/i386-linux-gnu/i686/cmov/librt-2.21.so
b6619000-b661c000 ---p 00000000 00:00 0 
b661c000-b666a000 rw-p 00000000 00:00 0          [stack:1327]
b666a000-b66b5000 r-xp 00000000 08:41 1047240    /lib/i386-linux-gnu/i686/cmov/libm-2.21.so
b66b5000-b66b6000 r--p 0004a000 08:41 1047240    /lib/i386-linux-gnu/i686/cmov/libm-2.21.so
b66b6000-b66b7000 rw-p 0004b000 08:41 1047240    /lib/i386-linux-gnu/i686/cmov/libm-2.21.so
b66b7000-b7037000 r-xp 00000000 08:41 445960     /usr/lib/jvm/java-8-oracle/jre/lib/i386/server/libjvm.so
b7037000-b70a4000 rw-p 00980000 08:41 445960     /usr/lib/jvm/java-8-oracle/jre/lib/i386/server/libjvm.so
b70a4000-b74ca000 rw-p 00000000 00:00 0 
b74ca000-b767b000 r-xp 00000000 08:41 1047228    /lib/i386-linux-gnu/i686/cmov/libc-2.21.so
b767b000-b767e000 r--p 001b0000 08:41 1047228    /lib/i386-linux-gnu/i686/cmov/libc-2.21.so
b767e000-b7680000 rw-p 001b3000 08:41 1047228    /lib/i386-linux-gnu/i686/cmov/libc-2.21.so
b7680000-b7682000 rw-p 00000000 00:00 0 
b7682000-b7685000 r-xp 00000000 08:41 1047237    /lib/i386-linux-gnu/i686/cmov/libdl-2.21.so
b7685000-b7686000 r--p 00002000 08:41 1047237    /lib/i386-linux-gnu/i686/cmov/libdl-2.21.so
b7686000-b7687000 rw-p 00003000 08:41 1047237    /lib/i386-linux-gnu/i686/cmov/libdl-2.21.so
b7687000-b769b000 r-xp 00000000 08:41 459032     /usr/lib/jvm/java-8-oracle/lib/i386/jli/libjli.so
b769b000-b769c000 rw-p 00014000 08:41 459032     /usr/lib/jvm/java-8-oracle/lib/i386/jli/libjli.so
b769c000-b769d000 rw-p 00000000 00:00 0 
b769d000-b76b6000 r-xp 00000000 08:41 1047219    /lib/i386-linux-gnu/i686/cmov/libpthread-2.21.so
b76b6000-b76b7000 r--p 00018000 08:41 1047219    /lib/i386-linux-gnu/i686/cmov/libpthread-2.21.so
b76b7000-b76b8000 rw-p 00019000 08:41 1047219    /lib/i386-linux-gnu/i686/cmov/libpthread-2.21.so
b76b8000-b76ba000 rw-p 00000000 00:00 0 
b76ba000-b76bb000 r--p 00000000 08:41 408012     /usr/lib/locale/tt_RU@iqtelif/LC_TELEPHONE
b76bb000-b76bc000 r--p 00000000 08:41 406349     /usr/lib/locale/zu_ZA.utf8/LC_MEASUREMENT
b76bc000-b76bd000 r--p 00000000 08:41 785830     /usr/lib/locale/ru_RU.utf8/LC_IDENTIFICATION
b76bd000-b76c8000 r-xp 00000000 08:41 1047260    /lib/i386-linux-gnu/i686/cmov/libnss_nis-2.21.so
b76c8000-b76c9000 r--p 0000a000 08:41 1047260    /lib/i386-linux-gnu/i686/cmov/libnss_nis-2.21.so
b76c9000-b76ca000 rw-p 0000b000 08:41 1047260    /lib/i386-linux-gnu/i686/cmov/libnss_nis-2.21.so
b76ca000-b76d2000 r-xp 00000000 08:41 1047250    /lib/i386-linux-gnu/i686/cmov/libnss_compat-2.21.so
b76d2000-b76d3000 r--p 00007000 08:41 1047250    /lib/i386-linux-gnu/i686/cmov/libnss_compat-2.21.so
b76d3000-b76d4000 rw-p 00008000 08:41 1047250    /lib/i386-linux-gnu/i686/cmov/libnss_compat-2.21.so
b76d4000-b76d5000 rw-p 00000000 00:00 0 
b76d5000-b76d6000 ---p 00000000 00:00 0 
b76d6000-b76e1000 r-xp 00000000 08:41 446009     /usr/lib/jvm/java-8-oracle/jre/lib/i386/libverify.so
b76e1000-b76e2000 rw-p 0000b000 08:41 446009     /usr/lib/jvm/java-8-oracle/jre/lib/i386/libverify.so
b76e2000-b76e4000 rw-p 00000000 00:00 0 
b76e4000-b76e5000 r-xp 00000000 00:00 0          [vdso]
b76e5000-b76e7000 r--p 00000000 00:00 0          [vvar]
b76e7000-b7708000 r-xp 00000000 08:41 1047048    /lib/i386-linux-gnu/ld-2.21.so
b7708000-b7709000 r--p 00020000 08:41 1047048    /lib/i386-linux-gnu/ld-2.21.so
b7709000-b770a000 rw-p 00021000 08:41 1047048    /lib/i386-linux-gnu/ld-2.21.so
bfe06000-bfe07000 rwxp 00000000 00:00 0 
bfe39000-bfe5a000 rw-p 00000000 00:00 0          [stack]

VM Arguments:
jvm_args: -Xmx1024M -Dfile.encoding=UTF-8 -Duser.country=RU -Duser.language=ru -Duser.variant 
java_command: com.android.dx.command.Main --dex --num-threads=4 --output /home/penpen/AndroidStudioProjects/ProfView/app/build/intermediates/pre-dexed/debug/classes_6f8965fe6344ce3ebb3c21b00d4b1b748c3c442f.jar /home/penpen/AndroidStudioProjects/ProfView/app/build/intermediates/transforms/CLASSES_and_RESOURCES/EXTERNAL_LIBRARIES/extractJars/debug/classes.jar-1689611285
java_class_path (initial): /home/penpen/Android/Sdk/build-tools/23.0.0-preview/lib/dx.jar
Launcher Type: SUN_STANDARD

Environment Variables:
PATH=/usr/local/bin:/usr/bin:/bin:/usr/local/games:/usr/games
LD_LIBRARY_PATH=/home/penpen/Programs/android-studio/bin:
SHELL=/bin/bash
DISPLAY=:0

Signal Handlers:
SIGSEGV: [libjvm.so+0x8cdc10], sa_mask[0]=11111111011111111101111111111110, sa_flags=SA_RESTART|SA_SIGINFO
SIGBUS: [libjvm.so+0x8cdc10], sa_mask[0]=11111111011111111101111111111110, sa_flags=SA_RESTART|SA_SIGINFO
SIGFPE: [libjvm.so+0x74dbb0], sa_mask[0]=11111111011111111101111111111110, sa_flags=SA_RESTART|SA_SIGINFO
SIGPIPE: [libjvm.so+0x74dbb0], sa_mask[0]=11111111011111111101111111111110, sa_flags=SA_RESTART|SA_SIGINFO
SIGXFSZ: [libjvm.so+0x74dbb0], sa_mask[0]=11111111011111111101111111111110, sa_flags=SA_RESTART|SA_SIGINFO
SIGILL: [libjvm.so+0x74dbb0], sa_mask[0]=11111111011111111101111111111110, sa_flags=SA_RESTART|SA_SIGINFO
SIGUSR1: SIG_DFL, sa_mask[0]=00000000000000000000000000000000, sa_flags=none
SIGUSR2: [libjvm.so+0x74f230], sa_mask[0]=00100000000000000000000000000000, sa_flags=SA_RESTART|SA_SIGINFO
SIGHUP: [libjvm.so+0x7506e0], sa_mask[0]=11111111011111111101111111111110, sa_flags=SA_RESTART|SA_SIGINFO
SIGINT: [libjvm.so+0x7506e0], sa_mask[0]=11111111011111111101111111111110, sa_flags=SA_RESTART|SA_SIGINFO
SIGTERM: [libjvm.so+0x7506e0], sa_mask[0]=11111111011111111101111111111110, sa_flags=SA_RESTART|SA_SIGINFO
SIGQUIT: [libjvm.so+0x7506e0], sa_mask[0]=11111111011111111101111111111110, sa_flags=SA_RESTART|SA_SIGINFO


---------------  S Y S T E M  ---------------

OS:PRETTY_NAME="Debian GNU/Linux 8 (jessie)"
NAME="Debian GNU/Linux"
VERSION_ID="8"
VERSION="8 (jessie)"
ID=debian
HOME_URL="http://www.debian.org/"
SUPPORT_URL="http://www.debian.org/support/"
BUG_REPORT_URL="https://bugs.debian.org/"

uname:Linux 3.16.0-4-686-pae #1 SMP Debian 3.16.7-ckt11-1+deb8u6 (2015-11-09) i686
libc:glibc 2.21 NPTL 2.21 
rlimit: STACK 8192k, CORE 0k, NPROC 45905, NOFILE 65536, AS infinity
load average:14,62 4,84 2,29

/proc/meminfo:
MemTotal:        5890812 kB
MemFree:         2953720 kB
MemAvailable:    2909928 kB
Buffers:            4204 kB
Cached:           317304 kB
SwapCached:            0 kB
Active:          2532464 kB
Inactive:         301108 kB
Active(anon):    2516044 kB
Inactive(anon):   203132 kB
Active(file):      16420 kB
Inactive(file):    97976 kB
Unevictable:           0 kB
Mlocked:               0 kB
HighTotal:       5047752 kB
HighFree:        2482796 kB
LowTotal:         843060 kB
LowFree:          470924 kB
SwapTotal:             0 kB
SwapFree:              0 kB
Dirty:              3416 kB
Writeback:           164 kB
AnonPages:       2512476 kB
Mapped:           123352 kB
Shmem:            206700 kB
Slab:              63788 kB
SReclaimable:      29292 kB
SUnreclaim:        34496 kB
KernelStack:        5816 kB
PageTables:        17856 kB
NFS_Unstable:          0 kB
Bounce:                0 kB
WritebackTmp:          0 kB
CommitLimit:     2945404 kB
Committed_AS:    6565764 kB
VmallocTotal:     122880 kB
VmallocUsed:       16852 kB
VmallocChunk:     102460 kB
HardwareCorrupted:     0 kB
AnonHugePages:         0 kB
HugePages_Total:       0
HugePages_Free:        0
HugePages_Rsvd:        0
HugePages_Surp:        0
Hugepagesize:       2048 kB
DirectMap4k:       10232 kB
DirectMap2M:      897024 kB


CPU:total 4 (2 cores per cpu, 2 threads per core) family 6 model 37 stepping 2, cmov, cx8, fxsr, mmx, sse, sse2, sse3, ssse3, sse4.1, sse4.2, popcnt, ht, tsc, tscinvbit

/proc/cpuinfo:
processor	: 0
vendor_id	: GenuineIntel
cpu family	: 6
model		: 37
model name	: Intel(R) Core(TM) i3 CPU         540  @ 3.07GHz
stepping	: 2
microcode	: 0x9
cpu MHz		: 3067.000
cache size	: 4096 KB
physical id	: 0
siblings	: 4
core id		: 0
cpu cores	: 2
apicid		: 0
initial apicid	: 0
fdiv_bug	: no
f00f_bug	: no
coma_bug	: no
fpu		: yes
fpu_exception	: yes
cpuid level	: 11
wp		: yes
flags		: fpu vme de pse tsc msr pae mce cx8 apic sep mtrr pge mca cmov pat pse36 clflush dts acpi mmx fxsr sse sse2 ss ht tm pbe nx rdtscp lm constant_tsc arch_perfmon pebs bts xtopology nonstop_tsc aperfmperf pni dtes64 monitor ds_cpl vmx est tm2 ssse3 cx16 xtpr pdcm sse4_1 sse4_2 popcnt lahf_lm arat dtherm tpr_shadow vnmi flexpriority ept vpid
bogomips	: 6157.98
clflush size	: 64
cache_alignment	: 64
address sizes	: 36 bits physical, 48 bits virtual
power management:

processor	: 1
vendor_id	: GenuineIntel
cpu family	: 6
model		: 37
model name	: Intel(R) Core(TM) i3 CPU         540  @ 3.07GHz
stepping	: 2
microcode	: 0x9
cpu MHz		: 1200.000
cache size	: 4096 KB
physical id	: 0
siblings	: 4
core id		: 2
cpu cores	: 2
apicid		: 4
initial apicid	: 4
fdiv_bug	: no
f00f_bug	: no
coma_bug	: no
fpu		: yes
fpu_exception	: yes
cpuid level	: 11
wp		: yes
flags		: fpu vme de pse tsc msr pae mce cx8 apic sep mtrr pge mca cmov pat pse36 clflush dts acpi mmx fxsr sse sse2 ss ht tm pbe nx rdtscp lm constant_tsc arch_perfmon pebs bts xtopology nonstop_tsc aperfmperf pni dtes64 monitor ds_cpl vmx est tm2 ssse3 cx16 xtpr pdcm sse4_1 sse4_2 popcnt lahf_lm arat dtherm tpr_shadow vnmi flexpriority ept vpid
bogomips	: 6157.98
clflush size	: 64
cache_alignment	: 64
address sizes	: 36 bits physical, 48 bits virtual
power management:

processor	: 2
vendor_id	: GenuineIntel
cpu family	: 6
model		: 37
model name	: Intel(R) Core(TM) i3 CPU         540  @ 3.07GHz
stepping	: 2
microcode	: 0x9
cpu MHz		: 3067.000
cache size	: 4096 KB
physical id	: 0
siblings	: 4
core id		: 0
cpu cores	: 2
apicid		: 1
initial apicid	: 1
fdiv_bug	: no
f00f_bug	: no
coma_bug	: no
fpu		: yes
fpu_exception	: yes
cpuid level	: 11
wp		: yes
flags		: fpu vme de pse tsc msr pae mce cx8 apic sep mtrr pge mca cmov pat pse36 clflush dts acpi mmx fxsr sse sse2 ss ht tm pbe nx rdtscp lm constant_tsc arch_perfmon pebs bts xtopology nonstop_tsc aperfmperf pni dtes64 monitor ds_cpl vmx est tm2 ssse3 cx16 xtpr pdcm sse4_1 sse4_2 popcnt lahf_lm arat dtherm tpr_shadow vnmi flexpriority ept vpid
bogomips	: 6157.98
clflush size	: 64
cache_alignment	: 64
address sizes	: 36 bits physical, 48 bits virtual
power management:

processor	: 3
vendor_id	: GenuineIntel
cpu family	: 6
model		: 37
model name	: Intel(R) Core(TM) i3 CPU         540  @ 3.07GHz
stepping	: 2
microcode	: 0x9
cpu MHz		: 3067.000
cache size	: 4096 KB
physical id	: 0
siblings	: 4
core id		: 2
cpu cores	: 2
apicid		: 5
initial apicid	: 5
fdiv_bug	: no
f00f_bug	: no
coma_bug	: no
fpu		: yes
fpu_exception	: yes
cpuid level	: 11
wp		: yes
flags		: fpu vme de pse tsc msr pae mce cx8 apic sep mtrr pge mca cmov pat pse36 clflush dts acpi mmx fxsr sse sse2 ss ht tm pbe nx rdtscp lm constant_tsc arch_perfmon pebs bts xtopology nonstop_tsc aperfmperf pni dtes64 monitor ds_cpl vmx est tm2 ssse3 cx16 xtpr pdcm sse4_1 sse4_2 popcnt lahf_lm arat dtherm tpr_shadow vnmi flexpriority ept vpid
bogomips	: 6157.98
clflush size	: 64
cache_alignment	: 64
address sizes	: 36 bits physical, 48 bits virtual
power management:



Memory: 4k page, physical 5890812k(2953720k free), swap 0k(0k free)

vm_info: Java HotSpot(TM) Server VM (25.66-b17) for linux-x86 JRE (1.8.0_66-b17), built on Oct  6 2015 18:06:03 by "java_re" with gcc 4.3.0 20080428 (Red Hat 4.3.0-8)

time: Wed Nov 25 03:12:59 2015
elapsed time: 24 seconds (0d 0h 0m 24s)

