#
# There is insufficient memory for the Java Runtime Environment to continue.
# Native memory allocation (mmap) failed to map 73924608 bytes for committing reserved memory.
# Possible reasons:
#   The system is out of physical RAM or swap space
#   In 32 bit mode, the process size limit was hit
# Possible solutions:
#   Reduce memory load on the system
#   Increase physical memory or swap space
#   Check if swap backing store is full
#   Use 64 bit Java on a 64 bit OS
#   Decrease Java heap size (-Xmx/-Xms)
#   Decrease number of Java threads
#   Decrease Java thread stack sizes (-Xss)
#   Set larger code cache with -XX:ReservedCodeCacheSize=
# This output file may be truncated or incomplete.
#
#  Out of Memory Error (os_linux.cpp:2627), pid=1319, tid=1673374528
#
# JRE version: Java(TM) SE Runtime Environment (8.0_66-b17) (build 1.8.0_66-b17)
# Java VM: Java HotSpot(TM) Server VM (25.66-b17 mixed mode linux-x86 )
# Failed to write core dump. Core dumps have been disabled. To enable core dumping, try "ulimit -c unlimited" before starting Java again
#

---------------  T H R E A D  ---------------

Current thread (0x63a81400):  VMThread [stack: 0x63b5a000,0x63bdb000] [id=1341]

Stack: [0x63b5a000,0x63bdb000],  sp=0x63bd98b0,  free space=510k
Native frames: (J=compiled Java code, j=interpreted, Vv=VM code, C=native code)
V  [libjvm.so+0x8cd0ff]  VMError::report_and_die()+0x16f
V  [libjvm.so+0x38bee5]  report_vm_out_of_memory(char const*, int, unsigned int, VMErrorType, char const*)+0x55
V  [libjvm.so+0x750ed6]  os::Linux::commit_memory_impl(char*, unsigned int, bool)+0xe6
V  [libjvm.so+0x7513a8]  os::pd_commit_memory(char*, unsigned int, unsigned int, bool)+0x28
V  [libjvm.so+0x74b2cc]  os::commit_memory(char*, unsigned int, unsigned int, bool)+0x2c
V  [libjvm.so+0x7b58a8]  PSVirtualSpace::expand_by(unsigned int)+0x48
V  [libjvm.so+0x7b69aa]  PSYoungGen::resize_generation(unsigned int, unsigned int)+0xda
V  [libjvm.so+0x7b5cd9]  PSYoungGen::resize(unsigned int, unsigned int)+0x19
V  [libjvm.so+0x7b3605]  PSScavenge::invoke_no_policy()+0xd15
V  [libjvm.so+0x7b3dc8]  PSScavenge::invoke()+0x28
V  [libjvm.so+0x7728ba]  ParallelScavengeHeap::failed_mem_allocate(unsigned int)+0x5a
V  [libjvm.so+0x8cebca]  VM_ParallelGCFailedAllocation::doit()+0x7a
V  [libjvm.so+0x8d81d7]  VM_Operation::evaluate()+0x47
V  [libjvm.so+0x8d62b3]  VMThread::evaluate_operation(VM_Operation*)+0xb3
V  [libjvm.so+0x8d6650]  VMThread::loop()+0x1b0
V  [libjvm.so+0x8d6ab5]  VMThread::run()+0x85
V  [libjvm.so+0x753519]  java_start(Thread*)+0x119
C  [libpthread.so.0+0x617f]  start_thread+0xcf

VM_Operation (0x631ad4f4): ParallelGCFailedAllocation, mode: safepoint, requested by thread 0x6320f400


---------------  P R O C E S S  ---------------

Java Threads: ( => current thread )
  0x63211000 JavaThread "pool-1-thread-4" [_thread_blocked, id=1377, stack(0x6310d000,0x6315e000)]
  0x6320f400 JavaThread "pool-1-thread-3" [_thread_blocked, id=1374, stack(0x6315e000,0x631af000)]
  0x6320e000 JavaThread "pool-1-thread-2" [_thread_blocked, id=1373, stack(0x631af000,0x63200000)]
  0x63af9400 JavaThread "pool-2-thread-1" [_thread_blocked, id=1368, stack(0x63349000,0x6339a000)]
  0x63af3400 JavaThread "pool-1-thread-1" [_thread_blocked, id=1367, stack(0x6339a000,0x633eb000)]
  0x63aad800 JavaThread "Service Thread" daemon [_thread_blocked, id=1365, stack(0x6346c000,0x634bd000)]
  0x63aaa400 JavaThread "C1 CompilerThread2" daemon [_thread_blocked, id=1354, stack(0x634bd000,0x6353e000)]
  0x63aa8c00 JavaThread "C2 CompilerThread1" daemon [_thread_blocked, id=1353, stack(0x6353e000,0x635bf000)]
  0x63aa7000 JavaThread "C2 CompilerThread0" daemon [_thread_blocked, id=1352, stack(0x635bf000,0x63640000)]
  0x63aa5400 JavaThread "Signal Dispatcher" daemon [_thread_blocked, id=1351, stack(0x63640000,0x63691000)]
  0x63a85c00 JavaThread "Finalizer" daemon [_thread_blocked, id=1344, stack(0x63b09000,0x63b5a000)]
  0x63a84400 JavaThread "Reference Handler" daemon [_thread_blocked, id=1343, stack(0x6672e000,0x6677f000)]
  0xb6507800 JavaThread "main" [_thread_blocked, id=1325, stack(0xb6636000,0xb6687000)]

Other Threads:
=>0x63a81400 VMThread [stack: 0x63b5a000,0x63bdb000] [id=1341]
  0x63ab8c00 WatcherThread [stack: 0x633eb000,0x6346c000] [id=1366]

VM state:at safepoint (normal execution)

VM Mutex/Monitor currently owned by a thread:  ([mutex/lock_event])
[0xb6504e88] Threads_lock - owner thread: 0x63a81400
[0xb6505298] Heap_lock - owner thread: 0x6320f400

Heap:
 PSYoungGen      total 74240K, used 10482K [0x91ac0000, 0x97040000, 0xa7000000)
  eden space 63744K, 0% used [0x91ac0000,0x91ac0000,0x95900000)
  from space 10496K, 99% used [0x95900000,0x9633ca60,0x96340000)
  to   space 7680K, 0% used [0x96340000,0x96340000,0x96ac0000)
 ParOldGen       total 43776K, used 25894K [0x67000000, 0x69ac0000, 0x91ac0000)
  object space 43776K, 59% used [0x67000000,0x68949958,0x69ac0000)
 Metaspace       used 3914K, capacity 3942K, committed 3992K, reserved 4400K

Card table byte_map: [0x66dff000,0x67000000] byte_map_base: 0x66ac7000

Marking Bits: (ParMarkBitMap*) 0xb70d2380
 Begin Bits: [0x64600000, 0x65600000)
 End Bits:   [0x65600000, 0x66600000)

Polling page: 0xb76f2000

CodeCache: size=245760Kb used=5350Kb max_used=5350Kb free=240409Kb
 bounds [0xa74af000, 0xa79f7000, 0xb64af000]
 total_blobs=1857 nmethods=1697 adapters=74
 compilation: enabled

Compilation events (10 events):
Event: 16,507 Thread 0x63aaa400 2035 %     3       com.android.dx.ssa.back.LivenessAnalyzer::coInterferePhis @ 8 (128 bytes)
Event: 16,509 Thread 0x63aaa400 nmethod 2035% 0xa79d6488 code [0xa79d66e0, 0xa79d760c]
Event: 16,514 Thread 0x63aaa400 2036       2       java.util.ArrayList$SubList::get (23 bytes)
Event: 16,514 Thread 0x63aaa400 nmethod 2036 0xa79c52c8 code [0xa79c5420, 0xa79c5644]
Event: 16,573 Thread 0x63aaa400 2037       2       com.android.dx.rop.code.Rops::opPutField (97 bytes)
Event: 16,574 Thread 0x63aaa400 nmethod 2037 0xa79c4a48 code [0xa79c4c00, 0xa79c4fe8]
Event: 16,679 Thread 0x63aaa400 2039       2       com.android.dx.ssa.back.FirstFitLocalCombiningAllocator::access$100 (5 bytes)
Event: 16,680 Thread 0x63aaa400 nmethod 2039 0xa79c4808 code [0xa79c4900, 0xa79c49c0]
Event: 16,736 Thread 0x63aaa400 2040       2       com.android.dx.rop.cst.CstNat::equals (48 bytes)
Event: 16,736 Thread 0x63aaa400 nmethod 2040 0xa79c2cc8 code [0xa79c2e00, 0xa79c3058]

GC Heap History (10 events):
Event: 3,968 GC heap after
Heap after GC invocations=2 (full 0):
 PSYoungGen      total 19200K, used 2550K [0x91ac0000, 0x93000000, 0xa7000000)
  eden space 16640K, 0% used [0x91ac0000,0x91ac0000,0x92b00000)
  from space 2560K, 99% used [0x92d80000,0x92ffd9a8,0x93000000)
  to   space 2560K, 0% used [0x92b00000,0x92b00000,0x92d80000)
 ParOldGen       total 43776K, used 4015K [0x67000000, 0x69ac0000, 0x91ac0000)
  object space 43776K, 9% used [0x67000000,0x673ebfa0,0x69ac0000)
 Metaspace       used 3565K, capacity 3646K, committed 3736K, reserved 4400K
}
Event: 4,596 GC heap before
{Heap before GC invocations=3 (full 0):
 PSYoungGen      total 19200K, used 19190K [0x91ac0000, 0x93000000, 0xa7000000)
  eden space 16640K, 100% used [0x91ac0000,0x92b00000,0x92b00000)
  from space 2560K, 99% used [0x92d80000,0x92ffd9a8,0x93000000)
  to   space 2560K, 0% used [0x92b00000,0x92b00000,0x92d80000)
 ParOldGen       total 43776K, used 4015K [0x67000000, 0x69ac0000, 0x91ac0000)
  object space 43776K, 9% used [0x67000000,0x673ebfa0,0x69ac0000)
 Metaspace       used 3588K, capacity 3678K, committed 3736K, reserved 4400K
Event: 4,633 GC heap after
Heap after GC invocations=3 (full 0):
 PSYoungGen      total 19200K, used 2559K [0x91ac0000, 0x94040000, 0xa7000000)
  eden space 16640K, 0% used [0x91ac0000,0x91ac0000,0x92b00000)
  from space 2560K, 99% used [0x92b00000,0x92d7fc38,0x92d80000)
  to   space 2560K, 0% used [0x93dc0000,0x93dc0000,0x94040000)
 ParOldGen       total 43776K, used 6557K [0x67000000, 0x69ac0000, 0x91ac0000)
  object space 43776K, 14% used [0x67000000,0x67667788,0x69ac0000)
 Metaspace       used 3588K, capacity 3678K, committed 3736K, reserved 4400K
}
Event: 5,136 GC heap before
{Heap before GC invocations=4 (full 0):
 PSYoungGen      total 19200K, used 19199K [0x91ac0000, 0x94040000, 0xa7000000)
  eden space 16640K, 100% used [0x91ac0000,0x92b00000,0x92b00000)
  from space 2560K, 99% used [0x92b00000,0x92d7fc38,0x92d80000)
  to   space 2560K, 0% used [0x93dc0000,0x93dc0000,0x94040000)
 ParOldGen       total 43776K, used 6557K [0x67000000, 0x69ac0000, 0x91ac0000)
  object space 43776K, 14% used [0x67000000,0x67667788,0x69ac0000)
 Metaspace       used 3605K, capacity 3678K, committed 3736K, reserved 4400K
Event: 5,173 GC heap after
Heap after GC invocations=4 (full 0):
 PSYoungGen      total 35840K, used 2552K [0x91ac0000, 0x94040000, 0xa7000000)
  eden space 33280K, 0% used [0x91ac0000,0x91ac0000,0x93b40000)
  from space 2560K, 99% used [0x93dc0000,0x9403e1f0,0x94040000)
  to   space 2560K, 0% used [0x93b40000,0x93b40000,0x93dc0000)
 ParOldGen       total 43776K, used 9154K [0x67000000, 0x69ac0000, 0x91ac0000)
  object space 43776K, 20% used [0x67000000,0x678f0848,0x69ac0000)
 Metaspace       used 3605K, capacity 3678K, committed 3736K, reserved 4400K
}
Event: 9,561 GC heap before
{Heap before GC invocations=5 (full 0):
 PSYoungGen      total 35840K, used 35832K [0x91ac0000, 0x94040000, 0xa7000000)
  eden space 33280K, 100% used [0x91ac0000,0x93b40000,0x93b40000)
  from space 2560K, 99% used [0x93dc0000,0x9403e1f0,0x94040000)
  to   space 2560K, 0% used [0x93b40000,0x93b40000,0x93dc0000)
 ParOldGen       total 43776K, used 9154K [0x67000000, 0x69ac0000, 0x91ac0000)
  object space 43776K, 20% used [0x67000000,0x678f0848,0x69ac0000)
 Metaspace       used 3721K, capacity 3774K, committed 3864K, reserved 4400K
Event: 9,685 GC heap after
Heap after GC invocations=5 (full 0):
 PSYoungGen      total 35840K, used 2553K [0x91ac0000, 0x96ac0000, 0xa7000000)
  eden space 33280K, 0% used [0x91ac0000,0x91ac0000,0x93b40000)
  from space 2560K, 99% used [0x93b40000,0x93dbe610,0x93dc0000)
  to   space 7680K, 0% used [0x96340000,0x96340000,0x96ac0000)
 ParOldGen       total 43776K, used 14396K [0x67000000, 0x69ac0000, 0x91ac0000)
  object space 43776K, 32% used [0x67000000,0x67e0f060,0x69ac0000)
 Metaspace       used 3721K, capacity 3774K, committed 3864K, reserved 4400K
}
Event: 9,966 GC heap before
{Heap before GC invocations=6 (full 0):
 PSYoungGen      total 35840K, used 35833K [0x91ac0000, 0x96ac0000, 0xa7000000)
  eden space 33280K, 100% used [0x91ac0000,0x93b40000,0x93b40000)
  from space 2560K, 99% used [0x93b40000,0x93dbe610,0x93dc0000)
  to   space 7680K, 0% used [0x96340000,0x96340000,0x96ac0000)
 ParOldGen       total 43776K, used 14396K [0x67000000, 0x69ac0000, 0x91ac0000)
  object space 43776K, 32% used [0x67000000,0x67e0f060,0x69ac0000)
 Metaspace       used 3721K, capacity 3774K, committed 3864K, reserved 4400K
Event: 10,028 GC heap after
Heap after GC invocations=6 (full 0):
 PSYoungGen      total 71424K, used 7676K [0x91ac0000, 0x97040000, 0xa7000000)
  eden space 63744K, 0% used [0x91ac0000,0x91ac0000,0x95900000)
  from space 7680K, 99% used [0x96340000,0x96abf070,0x96ac0000)
  to   space 10496K, 0% used [0x95900000,0x95900000,0x96340000)
 ParOldGen       total 43776K, used 17839K [0x67000000, 0x69ac0000, 0x91ac0000)
  object space 43776K, 40% used [0x67000000,0x6816bcf8,0x69ac0000)
 Metaspace       used 3721K, capacity 3774K, committed 3864K, reserved 4400K
}
Event: 16,752 GC heap before
{Heap before GC invocations=7 (full 0):
 PSYoungGen      total 71424K, used 71420K [0x91ac0000, 0x97040000, 0xa7000000)
  eden space 63744K, 100% used [0x91ac0000,0x95900000,0x95900000)
  from space 7680K, 99% used [0x96340000,0x96abf070,0x96ac0000)
  to   space 10496K, 0% used [0x95900000,0x95900000,0x96340000)
 ParOldGen       total 43776K, used 17839K [0x67000000, 0x69ac0000, 0x91ac0000)
  object space 43776K, 40% used [0x67000000,0x6816bcf8,0x69ac0000)
 Metaspace       used 3914K, capacity 3942K, committed 3992K, reserved 4400K

Deoptimization events (10 events):
Event: 10,079 Thread 0x63af3400 Uncommon trap: reason=unstable_if action=reinterpret pc=0xa76d7ac8 method=com.android.dx.ssa.NormalSsaInsn.getLocalAssignment()Lcom/android/dx/rop/code/RegisterSpec; @ 12
Event: 10,079 Thread 0x63af3400 Uncommon trap: reason=unstable_if action=reinterpret pc=0xa76c24a4 method=com.android.dx.ssa.NormalSsaInsn.getLocalAssignment()Lcom/android/dx/rop/code/RegisterSpec; @ 12
Event: 10,080 Thread 0x63af3400 Uncommon trap: reason=unstable_if action=reinterpret pc=0xa766afd0 method=com.android.dx.ssa.NormalSsaInsn.getLocalAssignment()Lcom/android/dx/rop/code/RegisterSpec; @ 12
Event: 10,498 Thread 0x63af3400 Uncommon trap: reason=unstable_if action=reinterpret pc=0xa7665d88 method=java.util.HashMap.putVal(ILjava/lang/Object;Ljava/lang/Object;ZZ)Ljava/lang/Object; @ 162
Event: 11,007 Thread 0x63af3400 Uncommon trap: reason=unstable_if action=reinterpret pc=0xa77b33cc method=java.util.HashMap.getNode(ILjava/lang/Object;)Ljava/util/HashMap$Node; @ 84
Event: 15,572 Thread 0x6320f400 Uncommon trap: reason=bimorphic action=maybe_recompile pc=0xa797c4c0 method=com.android.dx.cf.code.BytecodeArray.parseInstruction(ILcom/android/dx/cf/code/BytecodeArray$Visitor;)I @ 1130
Event: 15,572 Thread 0x6320f400 Uncommon trap: reason=bimorphic action=maybe_recompile pc=0xa797bd00 method=com.android.dx.cf.code.BytecodeArray.parseInstruction(ILcom/android/dx/cf/code/BytecodeArray$Visitor;)I @ 907
Event: 15,572 Thread 0x6320f400 Uncommon trap: reason=bimorphic action=maybe_recompile pc=0xa797c4c0 method=com.android.dx.cf.code.BytecodeArray.parseInstruction(ILcom/android/dx/cf/code/BytecodeArray$Visitor;)I @ 1130
Event: 15,572 Thread 0x6320f400 Uncommon trap: reason=bimorphic action=maybe_recompile pc=0xa797bda0 method=com.android.dx.cf.code.BytecodeArray.parseInstruction(ILcom/android/dx/cf/code/BytecodeArray$Visitor;)I @ 923
Event: 15,572 Thread 0x6320f400 Uncommon trap: reason=bimorphic action=maybe_recompile pc=0xa797c4c0 method=com.android.dx.cf.code.BytecodeArray.parseInstruction(ILcom/android/dx/cf/code/BytecodeArray$Visitor;)I @ 1130

Internal exceptions (5 events):
Event: 0,328 Thread 0xb6507800 Exception <a 'java/lang/NoSuchMethodError': Method sun.misc.Unsafe.defineClass(Ljava/lang/String;[BII)Ljava/lang/Class; name or signature does not match> (0x91ad0540) thrown at [/HUDSON/workspace/8-2-build-linux-i586/jdk8u66/4988/hotspot/src/share/vm/prim
Event: 0,328 Thread 0xb6507800 Exception <a 'java/lang/NoSuchMethodError': Method sun.misc.Unsafe.prefetchRead(Ljava/lang/Object;J)V name or signature does not match> (0x91ad0810) thrown at [/HUDSON/workspace/8-2-build-linux-i586/jdk8u66/4988/hotspot/src/share/vm/prims/jni.cpp, line 39
Event: 10,780 Thread 0x63af3400 Exception <a 'java/lang/ArrayIndexOutOfBoundsException': 18> (0x934bd910) thrown at [/HUDSON/workspace/8-2-build-linux-i586/jdk8u66/4988/hotspot/src/share/vm/interpreter/interpreterRuntime.cpp, line 366]
Event: 10,780 Thread 0x63af3400 Exception <a 'java/lang/ArrayIndexOutOfBoundsException': 145> (0x934bf1b0) thrown at [/HUDSON/workspace/8-2-build-linux-i586/jdk8u66/4988/hotspot/src/share/vm/interpreter/interpreterRuntime.cpp, line 366]
Event: 10,940 Thread 0x63af3400 Exception <a 'java/lang/ArrayIndexOutOfBoundsException'> (0x934c0290) thrown at [/HUDSON/workspace/8-2-build-linux-i586/jdk8u66/4988/hotspot/src/share/vm/runtime/sharedRuntime.cpp, line 605]

Events (10 events):
Event: 16,687 Thread 0x6320e000 DEOPT UNPACKING pc=0xa74eb590 sp=0x631fe81c mode 0
Event: 16,687 Thread 0x6320e000 DEOPT PACKING pc=0xa771341e sp=0x631fea90
Event: 16,687 Thread 0x6320e000 DEOPT UNPACKING pc=0xa74eb590 sp=0x631fe900 mode 0
Event: 16,733 Thread 0x63211000 DEOPT PACKING pc=0xa76d1f39 sp=0x6315c5c0
Event: 16,733 Thread 0x63211000 DEOPT UNPACKING pc=0xa74eb590 sp=0x6315c47c mode 0
Event: 16,739 Thread 0x63211000 DEOPT PACKING pc=0xa76f5713 sp=0x6315c6c0
Event: 16,739 Thread 0x63211000 DEOPT UNPACKING pc=0xa74eb590 sp=0x6315c550 mode 0
Event: 16,744 Thread 0x63211000 DEOPT PACKING pc=0xa78887c2 sp=0x6315c500
Event: 16,744 Thread 0x63211000 DEOPT UNPACKING pc=0xa74eb590 sp=0x6315c3b4 mode 0
Event: 16,744 Executing VM operation: ParallelGCFailedAllocation


Dynamic libraries:
08048000-08049000 r-xp 00000000 08:41 445694     /usr/lib/jvm/java-8-oracle/bin/java
08049000-0804a000 rw-p 00000000 08:41 445694     /usr/lib/jvm/java-8-oracle/bin/java
0992f000-099f9000 rw-p 00000000 00:00 0          [heap]
61700000-61800000 rw-p 00000000 00:00 0 
61900000-619f4000 rw-p 00000000 00:00 0 
619f4000-61a00000 ---p 00000000 00:00 0 
61c00000-61cec000 rw-p 00000000 00:00 0 
61cec000-61d00000 ---p 00000000 00:00 0 
61d00000-61dfc000 rw-p 00000000 00:00 0 
61dfc000-61e00000 ---p 00000000 00:00 0 
61e00000-61eff000 rw-p 00000000 00:00 0 
61eff000-61f00000 ---p 00000000 00:00 0 
61f00000-61ff9000 rw-p 00000000 00:00 0 
61ff9000-62000000 ---p 00000000 00:00 0 
62000000-620d1000 rw-p 00000000 00:00 0 
620d1000-62100000 ---p 00000000 00:00 0 
62100000-621f8000 rw-p 00000000 00:00 0 
621f8000-62200000 ---p 00000000 00:00 0 
62300000-623fd000 rw-p 00000000 00:00 0 
623fd000-62400000 ---p 00000000 00:00 0 
62400000-62500000 rw-p 00000000 00:00 0 
62500000-625ea000 rw-p 00000000 00:00 0 
625ea000-62600000 ---p 00000000 00:00 0 
62600000-626fd000 rw-p 00000000 00:00 0 
626fd000-62700000 ---p 00000000 00:00 0 
62700000-627f4000 rw-p 00000000 00:00 0 
627f4000-62800000 ---p 00000000 00:00 0 
62800000-628f1000 rw-p 00000000 00:00 0 
628f1000-62900000 ---p 00000000 00:00 0 
62900000-629ff000 rw-p 00000000 00:00 0 
629ff000-62a00000 ---p 00000000 00:00 0 
62a00000-62a77000 rw-p 00000000 00:00 0 
62a77000-62b00000 ---p 00000000 00:00 0 
62b40000-62c00000 rw-p 00000000 00:00 0 
62c00000-62d00000 rw-p 00000000 00:00 0 
62d00000-62dfb000 rw-p 00000000 00:00 0 
62dfb000-62e00000 ---p 00000000 00:00 0 
62e00000-62efc000 rw-p 00000000 00:00 0 
62efc000-62f00000 ---p 00000000 00:00 0 
62f00000-63000000 rw-p 00000000 00:00 0 
63000000-630f9000 rw-p 00000000 00:00 0 
630f9000-63100000 ---p 00000000 00:00 0 
6310d000-63110000 ---p 00000000 00:00 0 
63110000-6315e000 rw-p 00000000 00:00 0          [stack:1377]
6315e000-63161000 ---p 00000000 00:00 0 
63161000-631af000 rw-p 00000000 00:00 0          [stack:1374]
631af000-631b2000 ---p 00000000 00:00 0 
631b2000-63200000 rw-p 00000000 00:00 0          [stack:1373]
63200000-63252000 rw-p 00000000 00:00 0 
63252000-63300000 ---p 00000000 00:00 0 
63349000-6334c000 ---p 00000000 00:00 0 
6334c000-6339a000 rw-p 00000000 00:00 0          [stack:1368]
6339a000-6339d000 ---p 00000000 00:00 0 
6339d000-633eb000 rw-p 00000000 00:00 0          [stack:1367]
633eb000-633ec000 ---p 00000000 00:00 0 
633ec000-6346c000 rw-p 00000000 00:00 0          [stack:1366]
6346c000-6346f000 ---p 00000000 00:00 0 
6346f000-634bd000 rw-p 00000000 00:00 0          [stack:1365]
634bd000-634c0000 ---p 00000000 00:00 0 
634c0000-6353e000 rw-p 00000000 00:00 0          [stack:1354]
6353e000-63541000 ---p 00000000 00:00 0 
63541000-635bf000 rw-p 00000000 00:00 0          [stack:1353]
635bf000-635c2000 ---p 00000000 00:00 0 
635c2000-63640000 rw-p 00000000 00:00 0          [stack:1352]
63640000-63643000 ---p 00000000 00:00 0 
63643000-63691000 rw-p 00000000 00:00 0          [stack:1351]
63691000-636d0000 r--p 00000000 08:41 406351     /usr/lib/locale/zu_ZA.utf8/LC_CTYPE
636d0000-63800000 r--p 00000000 08:41 785816     /usr/lib/locale/ru_UA.utf8/LC_COLLATE
63800000-638fb000 rw-p 00000000 00:00 0 
638fb000-63900000 ---p 00000000 00:00 0 
63900000-63929000 rw-p 00000000 00:00 0 
63929000-63a00000 ---p 00000000 00:00 0 
63a00000-63afe000 rw-p 00000000 00:00 0 
63afe000-63b00000 ---p 00000000 00:00 0 
63b09000-63b0c000 ---p 00000000 00:00 0 
63b0c000-63b5a000 rw-p 00000000 00:00 0          [stack:1344]
63b5a000-63b5b000 ---p 00000000 00:00 0 
63b5b000-63bdb000 rw-p 00000000 00:00 0          [stack:1341]
63bdb000-63db4000 r--s 03d20000 08:41 445829     /usr/lib/jvm/java-8-oracle/jre/lib/rt.jar
63db4000-6419a000 rw-p 00000000 00:00 0 
6419a000-64200000 ---p 00000000 00:00 0 
64200000-66600000 rw-p 00000000 00:00 0 
66600000-666fd000 rw-p 00000000 00:00 0 
666fd000-66700000 ---p 00000000 00:00 0 
6672e000-66731000 ---p 00000000 00:00 0 
66731000-6677f000 rw-p 00000000 00:00 0          [stack:1343]
6677f000-66780000 ---p 00000000 00:00 0 
66780000-66800000 rw-p 00000000 00:00 0          [stack:1333]
66800000-66900000 rw-p 00000000 00:00 0 
66900000-66921000 rw-p 00000000 00:00 0 
66921000-66a00000 ---p 00000000 00:00 0 
66a24000-66a7f000 rw-p 00000000 00:00 0 
66a7f000-66a80000 ---p 00000000 00:00 0 
66a80000-66b00000 rw-p 00000000 00:00 0          [stack:1332]
66b00000-66b21000 rw-p 00000000 00:00 0 
66b21000-66c00000 ---p 00000000 00:00 0 
66c19000-66c28000 r--s 000df000 08:41 1248971    /home/penpen/Android/Sdk/build-tools/23.0.0-preview/lib/dx.jar
66c28000-66c29000 ---p 00000000 00:00 0 
66c29000-66cbf000 rw-p 00000000 00:00 0          [stack:1331]
66cbf000-66dff000 ---p 00000000 00:00 0 
66dff000-66e15000 rw-p 00000000 00:00 0 
66e15000-66f54000 ---p 00000000 00:00 0 
66f54000-66f80000 rw-p 00000000 00:00 0 
66f80000-66fff000 ---p 00000000 00:00 0 
66fff000-69ac0000 rw-p 00000000 00:00 0 
69ac0000-91ac0000 ---p 00000000 00:00 0 
91ac0000-97040000 rw-p 00000000 00:00 0 
9b440000-9b691000 rw-p 00000000 00:00 0 
9b691000-9b6c0000 r--p 00000000 08:41 401695     /usr/share/locale/ru/LC_MESSAGES/libc.mo
9b6c0000-a7000000 ---p 00000000 00:00 0 
a7005000-a706e000 rw-p 00000000 00:00 0 
a706e000-a706f000 ---p 00000000 00:00 0 
a706f000-a7105000 rw-p 00000000 00:00 0          [stack:1330]
a7105000-a74af000 ---p 00000000 00:00 0 
a74af000-a79f7000 rwxp 00000000 00:00 0 
a79f7000-b64af000 ---p 00000000 00:00 0 
b64af000-b64bb000 r-xp 00000000 08:41 1047256    /lib/i386-linux-gnu/i686/cmov/libnss_files-2.21.so
b64bb000-b64bc000 r--p 0000b000 08:41 1047256    /lib/i386-linux-gnu/i686/cmov/libnss_files-2.21.so
b64bc000-b64bd000 rw-p 0000c000 08:41 1047256    /lib/i386-linux-gnu/i686/cmov/libnss_files-2.21.so
b64bd000-b64d4000 r-xp 00000000 08:41 1047247    /lib/i386-linux-gnu/i686/cmov/libnsl-2.21.so
b64d4000-b64d5000 r--p 00016000 08:41 1047247    /lib/i386-linux-gnu/i686/cmov/libnsl-2.21.so
b64d5000-b64d6000 rw-p 00017000 08:41 1047247    /lib/i386-linux-gnu/i686/cmov/libnsl-2.21.so
b64d6000-b64d8000 rw-p 00000000 00:00 0 
b64d8000-b64d9000 r--p 00000000 08:41 407972     /usr/lib/locale/uk_UA.utf8/LC_NUMERIC
b64d9000-b64da000 r--p 00000000 08:41 785833     /usr/lib/locale/ru_RU.utf8/LC_TIME
b64da000-b64db000 r--p 00000000 08:41 785834     /usr/lib/locale/ru_RU.utf8/LC_MONETARY
b64db000-b64dc000 r--p 00000000 08:41 785812     /usr/lib/locale/ru_UA.utf8/LC_MESSAGES/SYS_LC_MESSAGES
b64dc000-b64dd000 r--p 00000000 08:41 406350     /usr/lib/locale/zu_ZA.utf8/LC_PAPER
b64dd000-b64de000 r--p 00000000 08:41 407190     /usr/lib/locale/yo_NG/LC_NAME
b64de000-b64df000 r--p 00000000 08:41 785831     /usr/lib/locale/ru_RU.utf8/LC_ADDRESS
b64df000-b64e6000 r--s 00000000 08:41 404720     /usr/lib/i386-linux-gnu/gconv/gconv-modules.cache
b64e6000-b64ff000 r-xp 00000000 08:41 446016     /usr/lib/jvm/java-8-oracle/jre/lib/i386/libzip.so
b64ff000-b6500000 rw-p 00019000 08:41 446016     /usr/lib/jvm/java-8-oracle/jre/lib/i386/libzip.so
b6500000-b65fb000 rw-p 00000000 00:00 0 
b65fb000-b6600000 ---p 00000000 00:00 0 
b6600000-b6608000 rw-s 00000000 08:41 657007     /tmp/hsperfdata_penpen/1319
b6608000-b662c000 r-xp 00000000 08:41 445990     /usr/lib/jvm/java-8-oracle/jre/lib/i386/libjava.so
b662c000-b662d000 rw-p 00023000 08:41 445990     /usr/lib/jvm/java-8-oracle/jre/lib/i386/libjava.so
b662d000-b6634000 r-xp 00000000 08:41 1047268    /lib/i386-linux-gnu/i686/cmov/librt-2.21.so
b6634000-b6635000 r--p 00006000 08:41 1047268    /lib/i386-linux-gnu/i686/cmov/librt-2.21.so
b6635000-b6636000 rw-p 00007000 08:41 1047268    /lib/i386-linux-gnu/i686/cmov/librt-2.21.so
b6636000-b6639000 ---p 00000000 00:00 0 
b6639000-b6687000 rw-p 00000000 00:00 0          [stack:1325]
b6687000-b66d2000 r-xp 00000000 08:41 1047240    /lib/i386-linux-gnu/i686/cmov/libm-2.21.so
b66d2000-b66d3000 r--p 0004a000 08:41 1047240    /lib/i386-linux-gnu/i686/cmov/libm-2.21.so
b66d3000-b66d4000 rw-p 0004b000 08:41 1047240    /lib/i386-linux-gnu/i686/cmov/libm-2.21.so
b66d4000-b7054000 r-xp 00000000 08:41 445960     /usr/lib/jvm/java-8-oracle/jre/lib/i386/server/libjvm.so
b7054000-b70c1000 rw-p 00980000 08:41 445960     /usr/lib/jvm/java-8-oracle/jre/lib/i386/server/libjvm.so
b70c1000-b74e7000 rw-p 00000000 00:00 0 
b74e7000-b7698000 r-xp 00000000 08:41 1047228    /lib/i386-linux-gnu/i686/cmov/libc-2.21.so
b7698000-b769b000 r--p 001b0000 08:41 1047228    /lib/i386-linux-gnu/i686/cmov/libc-2.21.so
b769b000-b769d000 rw-p 001b3000 08:41 1047228    /lib/i386-linux-gnu/i686/cmov/libc-2.21.so
b769d000-b769f000 rw-p 00000000 00:00 0 
b769f000-b76a2000 r-xp 00000000 08:41 1047237    /lib/i386-linux-gnu/i686/cmov/libdl-2.21.so
b76a2000-b76a3000 r--p 00002000 08:41 1047237    /lib/i386-linux-gnu/i686/cmov/libdl-2.21.so
b76a3000-b76a4000 rw-p 00003000 08:41 1047237    /lib/i386-linux-gnu/i686/cmov/libdl-2.21.so
b76a4000-b76b8000 r-xp 00000000 08:41 459032     /usr/lib/jvm/java-8-oracle/lib/i386/jli/libjli.so
b76b8000-b76b9000 rw-p 00014000 08:41 459032     /usr/lib/jvm/java-8-oracle/lib/i386/jli/libjli.so
b76b9000-b76ba000 rw-p 00000000 00:00 0 
b76ba000-b76d3000 r-xp 00000000 08:41 1047219    /lib/i386-linux-gnu/i686/cmov/libpthread-2.21.so
b76d3000-b76d4000 r--p 00018000 08:41 1047219    /lib/i386-linux-gnu/i686/cmov/libpthread-2.21.so
b76d4000-b76d5000 rw-p 00019000 08:41 1047219    /lib/i386-linux-gnu/i686/cmov/libpthread-2.21.so
b76d5000-b76d7000 rw-p 00000000 00:00 0 
b76d7000-b76d8000 r--p 00000000 08:41 408012     /usr/lib/locale/tt_RU@iqtelif/LC_TELEPHONE
b76d8000-b76d9000 r--p 00000000 08:41 406349     /usr/lib/locale/zu_ZA.utf8/LC_MEASUREMENT
b76d9000-b76da000 r--p 00000000 08:41 785830     /usr/lib/locale/ru_RU.utf8/LC_IDENTIFICATION
b76da000-b76e5000 r-xp 00000000 08:41 1047260    /lib/i386-linux-gnu/i686/cmov/libnss_nis-2.21.so
b76e5000-b76e6000 r--p 0000a000 08:41 1047260    /lib/i386-linux-gnu/i686/cmov/libnss_nis-2.21.so
b76e6000-b76e7000 rw-p 0000b000 08:41 1047260    /lib/i386-linux-gnu/i686/cmov/libnss_nis-2.21.so
b76e7000-b76ef000 r-xp 00000000 08:41 1047250    /lib/i386-linux-gnu/i686/cmov/libnss_compat-2.21.so
b76ef000-b76f0000 r--p 00007000 08:41 1047250    /lib/i386-linux-gnu/i686/cmov/libnss_compat-2.21.so
b76f0000-b76f1000 rw-p 00008000 08:41 1047250    /lib/i386-linux-gnu/i686/cmov/libnss_compat-2.21.so
b76f1000-b76f2000 rw-p 00000000 00:00 0 
b76f2000-b76f3000 ---p 00000000 00:00 0 
b76f3000-b76fe000 r-xp 00000000 08:41 446009     /usr/lib/jvm/java-8-oracle/jre/lib/i386/libverify.so
b76fe000-b76ff000 rw-p 0000b000 08:41 446009     /usr/lib/jvm/java-8-oracle/jre/lib/i386/libverify.so
b76ff000-b7701000 rw-p 00000000 00:00 0 
b7701000-b7702000 r-xp 00000000 00:00 0          [vdso]
b7702000-b7704000 r--p 00000000 00:00 0          [vvar]
b7704000-b7725000 r-xp 00000000 08:41 1047048    /lib/i386-linux-gnu/ld-2.21.so
b7725000-b7726000 r--p 00020000 08:41 1047048    /lib/i386-linux-gnu/ld-2.21.so
b7726000-b7727000 rw-p 00021000 08:41 1047048    /lib/i386-linux-gnu/ld-2.21.so
bf800000-bf801000 rwxp 00000000 00:00 0 
bf833000-bf854000 rw-p 00000000 00:00 0          [stack]

VM Arguments:
jvm_args: -Xmx1024M -Dfile.encoding=UTF-8 -Duser.country=RU -Duser.language=ru -Duser.variant 
java_command: com.android.dx.command.Main --dex --num-threads=4 --output /home/penpen/AndroidStudioProjects/ProfView/app/build/intermediates/pre-dexed/debug/classes_619fadc18ddf7469a4f6a32422887d47772500e3.jar /home/penpen/AndroidStudioProjects/ProfView/app/build/intermediates/transforms/CLASSES_and_RESOURCES/EXTERNAL_LIBRARIES/extractJars/debug/classes.jar-246642374
java_class_path (initial): /home/penpen/Android/Sdk/build-tools/23.0.0-preview/lib/dx.jar
Launcher Type: SUN_STANDARD

Environment Variables:
PATH=/usr/local/bin:/usr/bin:/bin:/usr/local/games:/usr/games
LD_LIBRARY_PATH=/home/penpen/Programs/android-studio/bin:
SHELL=/bin/bash
DISPLAY=:0

Signal Handlers:
SIGSEGV: [libjvm.so+0x8cdc10], sa_mask[0]=11111111011111111101111111111110, sa_flags=SA_RESTART|SA_SIGINFO
SIGBUS: [libjvm.so+0x8cdc10], sa_mask[0]=11111111011111111101111111111110, sa_flags=SA_RESTART|SA_SIGINFO
SIGFPE: [libjvm.so+0x74dbb0], sa_mask[0]=11111111011111111101111111111110, sa_flags=SA_RESTART|SA_SIGINFO
SIGPIPE: [libjvm.so+0x74dbb0], sa_mask[0]=11111111011111111101111111111110, sa_flags=SA_RESTART|SA_SIGINFO
SIGXFSZ: [libjvm.so+0x74dbb0], sa_mask[0]=11111111011111111101111111111110, sa_flags=SA_RESTART|SA_SIGINFO
SIGILL: [libjvm.so+0x74dbb0], sa_mask[0]=11111111011111111101111111111110, sa_flags=SA_RESTART|SA_SIGINFO
SIGUSR1: SIG_DFL, sa_mask[0]=00000000000000000000000000000000, sa_flags=none
SIGUSR2: [libjvm.so+0x74f230], sa_mask[0]=00100000000000000000000000000000, sa_flags=SA_RESTART|SA_SIGINFO
SIGHUP: [libjvm.so+0x7506e0], sa_mask[0]=11111111011111111101111111111110, sa_flags=SA_RESTART|SA_SIGINFO
SIGINT: [libjvm.so+0x7506e0], sa_mask[0]=11111111011111111101111111111110, sa_flags=SA_RESTART|SA_SIGINFO
SIGTERM: [libjvm.so+0x7506e0], sa_mask[0]=11111111011111111101111111111110, sa_flags=SA_RESTART|SA_SIGINFO
SIGQUIT: [libjvm.so+0x7506e0], sa_mask[0]=11111111011111111101111111111110, sa_flags=SA_RESTART|SA_SIGINFO


---------------  S Y S T E M  ---------------

OS:PRETTY_NAME="Debian GNU/Linux 8 (jessie)"
NAME="Debian GNU/Linux"
VERSION_ID="8"
VERSION="8 (jessie)"
ID=debian
HOME_URL="http://www.debian.org/"
SUPPORT_URL="http://www.debian.org/support/"
BUG_REPORT_URL="https://bugs.debian.org/"

uname:Linux 3.16.0-4-686-pae #1 SMP Debian 3.16.7-ckt11-1+deb8u6 (2015-11-09) i686
libc:glibc 2.21 NPTL 2.21 
rlimit: STACK 8192k, CORE 0k, NPROC 45905, NOFILE 65536, AS infinity
load average:14,62 4,84 2,29

/proc/meminfo:
MemTotal:        5890812 kB
MemFree:         2953720 kB
MemAvailable:    2909928 kB
Buffers:            4204 kB
Cached:           317304 kB
SwapCached:            0 kB
Active:          2532464 kB
Inactive:         301108 kB
Active(anon):    2516044 kB
Inactive(anon):   203132 kB
Active(file):      16420 kB
Inactive(file):    97976 kB
Unevictable:           0 kB
Mlocked:               0 kB
HighTotal:       5047752 kB
HighFree:        2482796 kB
LowTotal:         843060 kB
LowFree:          470924 kB
SwapTotal:             0 kB
SwapFree:              0 kB
Dirty:              3416 kB
Writeback:           164 kB
AnonPages:       2512476 kB
Mapped:           123352 kB
Shmem:            206700 kB
Slab:              63788 kB
SReclaimable:      29292 kB
SUnreclaim:        34496 kB
KernelStack:        5816 kB
PageTables:        17856 kB
NFS_Unstable:          0 kB
Bounce:                0 kB
WritebackTmp:          0 kB
CommitLimit:     2945404 kB
Committed_AS:    6565764 kB
VmallocTotal:     122880 kB
VmallocUsed:       16852 kB
VmallocChunk:     102460 kB
HardwareCorrupted:     0 kB
AnonHugePages:         0 kB
HugePages_Total:       0
HugePages_Free:        0
HugePages_Rsvd:        0
HugePages_Surp:        0
Hugepagesize:       2048 kB
DirectMap4k:       10232 kB
DirectMap2M:      897024 kB


CPU:total 4 (2 cores per cpu, 2 threads per core) family 6 model 37 stepping 2, cmov, cx8, fxsr, mmx, sse, sse2, sse3, ssse3, sse4.1, sse4.2, popcnt, ht, tsc, tscinvbit

/proc/cpuinfo:
processor	: 0
vendor_id	: GenuineIntel
cpu family	: 6
model		: 37
model name	: Intel(R) Core(TM) i3 CPU         540  @ 3.07GHz
stepping	: 2
microcode	: 0x9
cpu MHz		: 3067.000
cache size	: 4096 KB
physical id	: 0
siblings	: 4
core id		: 0
cpu cores	: 2
apicid		: 0
initial apicid	: 0
fdiv_bug	: no
f00f_bug	: no
coma_bug	: no
fpu		: yes
fpu_exception	: yes
cpuid level	: 11
wp		: yes
flags		: fpu vme de pse tsc msr pae mce cx8 apic sep mtrr pge mca cmov pat pse36 clflush dts acpi mmx fxsr sse sse2 ss ht tm pbe nx rdtscp lm constant_tsc arch_perfmon pebs bts xtopology nonstop_tsc aperfmperf pni dtes64 monitor ds_cpl vmx est tm2 ssse3 cx16 xtpr pdcm sse4_1 sse4_2 popcnt lahf_lm arat dtherm tpr_shadow vnmi flexpriority ept vpid
bogomips	: 6157.98
clflush size	: 64
cache_alignment	: 64
address sizes	: 36 bits physical, 48 bits virtual
power management:

processor	: 1
vendor_id	: GenuineIntel
cpu family	: 6
model		: 37
model name	: Intel(R) Core(TM) i3 CPU         540  @ 3.07GHz
stepping	: 2
microcode	: 0x9
cpu MHz		: 1200.000
cache size	: 4096 KB
physical id	: 0
siblings	: 4
core id		: 2
cpu cores	: 2
apicid		: 4
initial apicid	: 4
fdiv_bug	: no
f00f_bug	: no
coma_bug	: no
fpu		: yes
fpu_exception	: yes
cpuid level	: 11
wp		: yes
flags		: fpu vme de pse tsc msr pae mce cx8 apic sep mtrr pge mca cmov pat pse36 clflush dts acpi mmx fxsr sse sse2 ss ht tm pbe nx rdtscp lm constant_tsc arch_perfmon pebs bts xtopology nonstop_tsc aperfmperf pni dtes64 monitor ds_cpl vmx est tm2 ssse3 cx16 xtpr pdcm sse4_1 sse4_2 popcnt lahf_lm arat dtherm tpr_shadow vnmi flexpriority ept vpid
bogomips	: 6157.98
clflush size	: 64
cache_alignment	: 64
address sizes	: 36 bits physical, 48 bits virtual
power management:

processor	: 2
vendor_id	: GenuineIntel
cpu family	: 6
model		: 37
model name	: Intel(R) Core(TM) i3 CPU         540  @ 3.07GHz
stepping	: 2
microcode	: 0x9
cpu MHz		: 3067.000
cache size	: 4096 KB
physical id	: 0
siblings	: 4
core id		: 0
cpu cores	: 2
apicid		: 1
initial apicid	: 1
fdiv_bug	: no
f00f_bug	: no
coma_bug	: no
fpu		: yes
fpu_exception	: yes
cpuid level	: 11
wp		: yes
flags		: fpu vme de pse tsc msr pae mce cx8 apic sep mtrr pge mca cmov pat pse36 clflush dts acpi mmx fxsr sse sse2 ss ht tm pbe nx rdtscp lm constant_tsc arch_perfmon pebs bts xtopology nonstop_tsc aperfmperf pni dtes64 monitor ds_cpl vmx est tm2 ssse3 cx16 xtpr pdcm sse4_1 sse4_2 popcnt lahf_lm arat dtherm tpr_shadow vnmi flexpriority ept vpid
bogomips	: 6157.98
clflush size	: 64
cache_alignment	: 64
address sizes	: 36 bits physical, 48 bits virtual
power management:

processor	: 3
vendor_id	: GenuineIntel
cpu family	: 6
model		: 37
model name	: Intel(R) Core(TM) i3 CPU         540  @ 3.07GHz
stepping	: 2
microcode	: 0x9
cpu MHz		: 3067.000
cache size	: 4096 KB
physical id	: 0
siblings	: 4
core id		: 2
cpu cores	: 2
apicid		: 5
initial apicid	: 5
fdiv_bug	: no
f00f_bug	: no
coma_bug	: no
fpu		: yes
fpu_exception	: yes
cpuid level	: 11
wp		: yes
flags		: fpu vme de pse tsc msr pae mce cx8 apic sep mtrr pge mca cmov pat pse36 clflush dts acpi mmx fxsr sse sse2 ss ht tm pbe nx rdtscp lm constant_tsc arch_perfmon pebs bts xtopology nonstop_tsc aperfmperf pni dtes64 monitor ds_cpl vmx est tm2 ssse3 cx16 xtpr pdcm sse4_1 sse4_2 popcnt lahf_lm arat dtherm tpr_shadow vnmi flexpriority ept vpid
bogomips	: 6157.98
clflush size	: 64
cache_alignment	: 64
address sizes	: 36 bits physical, 48 bits virtual
power management:



Memory: 4k page, physical 5890812k(2953720k free), swap 0k(0k free)

vm_info: Java HotSpot(TM) Server VM (25.66-b17) for linux-x86 JRE (1.8.0_66-b17), built on Oct  6 2015 18:06:03 by "java_re" with gcc 4.3.0 20080428 (Red Hat 4.3.0-8)

time: Wed Nov 25 03:12:59 2015
elapsed time: 24 seconds (0d 0h 0m 24s)

