#
# There is insufficient memory for the Java Runtime Environment to continue.
# Native memory allocation (mmap) failed to map 62914560 bytes for committing reserved memory.
# Possible reasons:
#   The system is out of physical RAM or swap space
#   In 32 bit mode, the process size limit was hit
# Possible solutions:
#   Reduce memory load on the system
#   Increase physical memory or swap space
#   Check if swap backing store is full
#   Use 64 bit Java on a 64 bit OS
#   Decrease Java heap size (-Xmx/-Xms)
#   Decrease number of Java threads
#   Decrease Java thread stack sizes (-Xss)
#   Set larger code cache with -XX:ReservedCodeCacheSize=
# This output file may be truncated or incomplete.
#
#  Out of Memory Error (os_linux.cpp:2627), pid=18041, tid=1673055040
#
# JRE version: Java(TM) SE Runtime Environment (8.0_60-b27) (build 1.8.0_60-b27)
# Java VM: Java HotSpot(TM) Server VM (25.60-b23 mixed mode linux-x86 )
# Failed to write core dump. Core dumps have been disabled. To enable core dumping, try "ulimit -c unlimited" before starting Java again
#

---------------  T H R E A D  ---------------

Current thread (0x63a80800):  VMThread [stack: 0x63b0c000,0x63b8d000] [id=18051]

Stack: [0x63b0c000,0x63b8d000],  sp=0x63b8b7b0,  free space=509k
Native frames: (J=compiled Java code, j=interpreted, Vv=VM code, C=native code)
V  [libjvm.so+0x8cd06f]  VMError::report_and_die()+0x16f
V  [libjvm.so+0x38bea5]  report_vm_out_of_memory(char const*, int, unsigned int, VMErrorType, char const*)+0x55
V  [libjvm.so+0x750e26]  os::Linux::commit_memory_impl(char*, unsigned int, bool)+0xe6
V  [libjvm.so+0x7512f8]  os::pd_commit_memory(char*, unsigned int, unsigned int, bool)+0x28
V  [libjvm.so+0x74b21c]  os::commit_memory(char*, unsigned int, unsigned int, bool)+0x2c
V  [libjvm.so+0x7b5818]  PSVirtualSpace::expand_by(unsigned int)+0x48
V  [libjvm.so+0x7b691a]  PSYoungGen::resize_generation(unsigned int, unsigned int)+0xda
V  [libjvm.so+0x7b5c49]  PSYoungGen::resize(unsigned int, unsigned int)+0x19
V  [libjvm.so+0x7b3575]  PSScavenge::invoke_no_policy()+0xd15
V  [libjvm.so+0x7b3d38]  PSScavenge::invoke()+0x28
V  [libjvm.so+0x77280a]  ParallelScavengeHeap::failed_mem_allocate(unsigned int)+0x5a
V  [libjvm.so+0x8ceb3a]  VM_ParallelGCFailedAllocation::doit()+0x7a
V  [libjvm.so+0x8d8147]  VM_Operation::evaluate()+0x47
V  [libjvm.so+0x8d6223]  VMThread::evaluate_operation(VM_Operation*)+0xb3
V  [libjvm.so+0x8d65c0]  VMThread::loop()+0x1b0
V  [libjvm.so+0x8d6a25]  VMThread::run()+0x85
V  [libjvm.so+0x753469]  java_start(Thread*)+0x119
C  [libpthread.so.0+0x617f]  start_thread+0xcf

VM_Operation (0xb6699a74): ParallelGCFailedAllocation, mode: safepoint, requested by thread 0xb6507c00


---------------  P R O C E S S  ---------------

Java Threads: ( => current thread )
  0x63aab800 JavaThread "Service Thread" daemon [_thread_blocked, id=18058, stack(0x6346c000,0x634bd000)]
  0x63aa8800 JavaThread "C1 CompilerThread2" daemon [_thread_blocked, id=18057, stack(0x634bd000,0x6353e000)]
  0x63aa7000 JavaThread "C2 CompilerThread1" daemon [_thread_blocked, id=18056, stack(0x6353e000,0x635bf000)]
  0x63aa5000 JavaThread "C2 CompilerThread0" daemon [_thread_blocked, id=18055, stack(0x635bf000,0x63640000)]
  0x63aa3800 JavaThread "Signal Dispatcher" daemon [_thread_blocked, id=18054, stack(0x63640000,0x63691000)]
  0x63a85400 JavaThread "Finalizer" daemon [_thread_blocked, id=18053, stack(0x6672e000,0x6677f000)]
  0x63a83c00 JavaThread "Reference Handler" daemon [_thread_blocked, id=18052, stack(0xa7003000,0xa7054000)]
  0xb6507c00 JavaThread "main" [_thread_blocked, id=18046, stack(0xb664a000,0xb669b000)]

Other Threads:
=>0x63a80800 VMThread [stack: 0x63b0c000,0x63b8d000] [id=18051]
  0x63aae800 WatcherThread [stack: 0x633eb000,0x6346c000] [id=18059]

VM state:at safepoint (normal execution)

VM Mutex/Monitor currently owned by a thread:  ([mutex/lock_event])
[0xb6505460] Threads_lock - owner thread: 0x63a80800
[0xb6505870] Heap_lock - owner thread: 0xb6507c00

Heap:
 PSYoungGen      total 35840K, used 2532K [0x91ac0000, 0x94040000, 0xa7000000)
  eden space 33280K, 0% used [0x91ac0000,0x91ac0000,0x93b40000)
  from space 2560K, 98% used [0x93b40000,0x93db9330,0x93dc0000)
  to   space 2560K, 0% used [0x93dc0000,0x93dc0000,0x94040000)
 ParOldGen       total 49408K, used 11704K [0x67000000, 0x6a040000, 0x91ac0000)
  object space 49408K, 23% used [0x67000000,0x67b6e370,0x6a040000)
 Metaspace       used 4966K, capacity 5004K, committed 5016K, reserved 5424K

Card table byte_map: [0x66dff000,0x67000000] byte_map_base: 0x66ac7000

Marking Bits: (ParMarkBitMap*) 0xb70e6380
 Begin Bits: [0x64600000, 0x65600000)
 End Bits:   [0x65600000, 0x66600000)

Polling page: 0xb76fc000

CodeCache: size=245760Kb used=4009Kb max_used=4023Kb free=241750Kb
 bounds [0xa74ad000, 0xa78a5000, 0xb64ad000]
 total_blobs=1862 nmethods=1686 adapters=90
 compilation: enabled

Compilation events (10 events):
Event: 3,155 Thread 0x63aa5000 nmethod 1705 0xa789d748 code [0xa789da60, 0xa789f6b8]
Event: 3,155 Thread 0x63aa5000 1740       4       com.android.dx.io.instructions.InstructionCodec$10::decode (50 bytes)
Event: 3,157 Thread 0x63aa7000 nmethod 1721 0xa7893948 code [0xa7893a60, 0xa7893c30]
Event: 3,158 Thread 0x63aa7000 1741       4       com.android.dx.io.instructions.InstructionCodec$10::encode (30 bytes)
Event: 3,159 Thread 0x63aa5000 nmethod 1740 0xa7893448 code [0xa7893560, 0xa7893750]
Event: 3,159 Thread 0x63aa5000 1742       4       com.android.dx.io.instructions.InstructionCodec$4::decode (41 bytes)
Event: 3,161 Thread 0x63aa5000 nmethod 1742 0xa788dec8 code [0xa788dfc0, 0xa788e0f0]
Event: 3,161 Thread 0x63aa5000 1743       4       com.android.dx.io.instructions.InstructionCodec$4::encode (25 bytes)
Event: 3,162 Thread 0x63aa7000 nmethod 1741 0xa789b988 code [0xa789baa0, 0xa789bc50]
Event: 3,163 Thread 0x63aa7000 1723       4       com.android.dx.io.instructions.InstructionCodec$2::encode (11 bytes)

GC Heap History (10 events):
Event: 1,157 GC heap after
Heap after GC invocations=1 (full 0):
 PSYoungGen      total 19200K, used 2558K [0x91ac0000, 0x93000000, 0xa7000000)
  eden space 16640K, 0% used [0x91ac0000,0x91ac0000,0x92b00000)
  from space 2560K, 99% used [0x92b00000,0x92d7fb38,0x92d80000)
  to   space 2560K, 0% used [0x92d80000,0x92d80000,0x93000000)
 ParOldGen       total 43776K, used 2070K [0x67000000, 0x69ac0000, 0x91ac0000)
  object space 43776K, 4% used [0x67000000,0x67205b28,0x69ac0000)
 Metaspace       used 3621K, capacity 3646K, committed 3736K, reserved 4400K
}
Event: 2,524 GC heap before
{Heap before GC invocations=2 (full 0):
 PSYoungGen      total 19200K, used 19198K [0x91ac0000, 0x93000000, 0xa7000000)
  eden space 16640K, 100% used [0x91ac0000,0x92b00000,0x92b00000)
  from space 2560K, 99% used [0x92b00000,0x92d7fb38,0x92d80000)
  to   space 2560K, 0% used [0x92d80000,0x92d80000,0x93000000)
 ParOldGen       total 43776K, used 2070K [0x67000000, 0x69ac0000, 0x91ac0000)
  object space 43776K, 4% used [0x67000000,0x67205b28,0x69ac0000)
 Metaspace       used 4909K, capacity 4940K, committed 5016K, reserved 5424K
Event: 2,536 GC heap after
Heap after GC invocations=2 (full 0):
 PSYoungGen      total 19200K, used 2554K [0x91ac0000, 0x93000000, 0xa7000000)
  eden space 16640K, 0% used [0x91ac0000,0x91ac0000,0x92b00000)
  from space 2560K, 99% used [0x92d80000,0x92ffe858,0x93000000)
  to   space 2560K, 0% used [0x92b00000,0x92b00000,0x92d80000)
 ParOldGen       total 43776K, used 6064K [0x67000000, 0x69ac0000, 0x91ac0000)
  object space 43776K, 13% used [0x67000000,0x675ec388,0x69ac0000)
 Metaspace       used 4909K, capacity 4940K, committed 5016K, reserved 5424K
}
Event: 2,749 GC heap before
{Heap before GC invocations=3 (full 0):
 PSYoungGen      total 19200K, used 19194K [0x91ac0000, 0x93000000, 0xa7000000)
  eden space 16640K, 100% used [0x91ac0000,0x92b00000,0x92b00000)
  from space 2560K, 99% used [0x92d80000,0x92ffe858,0x93000000)
  to   space 2560K, 0% used [0x92b00000,0x92b00000,0x92d80000)
 ParOldGen       total 43776K, used 6064K [0x67000000, 0x69ac0000, 0x91ac0000)
  object space 43776K, 13% used [0x67000000,0x675ec388,0x69ac0000)
 Metaspace       used 4952K, capacity 5004K, committed 5016K, reserved 5424K
Event: 2,766 GC heap after
Heap after GC invocations=3 (full 0):
 PSYoungGen      total 19200K, used 2552K [0x91ac0000, 0x94040000, 0xa7000000)
  eden space 16640K, 0% used [0x91ac0000,0x91ac0000,0x92b00000)
  from space 2560K, 99% used [0x92b00000,0x92d7e188,0x92d80000)
  to   space 2560K, 0% used [0x93dc0000,0x93dc0000,0x94040000)
 ParOldGen       total 43776K, used 12787K [0x67000000, 0x69ac0000, 0x91ac0000)
  object space 43776K, 29% used [0x67000000,0x67c7cd40,0x69ac0000)
 Metaspace       used 4952K, capacity 5004K, committed 5016K, reserved 5424K
}
Event: 2,895 GC heap before
{Heap before GC invocations=4 (full 0):
 PSYoungGen      total 19200K, used 19192K [0x91ac0000, 0x94040000, 0xa7000000)
  eden space 16640K, 100% used [0x91ac0000,0x92b00000,0x92b00000)
  from space 2560K, 99% used [0x92b00000,0x92d7e188,0x92d80000)
  to   space 2560K, 0% used [0x93dc0000,0x93dc0000,0x94040000)
 ParOldGen       total 43776K, used 12787K [0x67000000, 0x69ac0000, 0x91ac0000)
  object space 43776K, 29% used [0x67000000,0x67c7cd40,0x69ac0000)
 Metaspace       used 4957K, capacity 5004K, committed 5016K, reserved 5424K
Event: 2,933 GC heap after
Heap after GC invocations=4 (full 0):
 PSYoungGen      total 35840K, used 2552K [0x91ac0000, 0x94040000, 0xa7000000)
  eden space 33280K, 0% used [0x91ac0000,0x91ac0000,0x93b40000)
  from space 2560K, 99% used [0x93dc0000,0x9403e188,0x94040000)
  to   space 2560K, 0% used [0x93b40000,0x93b40000,0x93dc0000)
 ParOldGen       total 43776K, used 30183K [0x67000000, 0x69ac0000, 0x91ac0000)
  object space 43776K, 68% used [0x67000000,0x68d79d30,0x69ac0000)
 Metaspace       used 4957K, capacity 5004K, committed 5016K, reserved 5424K
}
Event: 2,933 GC heap before
{Heap before GC invocations=5 (full 1):
 PSYoungGen      total 35840K, used 2552K [0x91ac0000, 0x94040000, 0xa7000000)
  eden space 33280K, 0% used [0x91ac0000,0x91ac0000,0x93b40000)
  from space 2560K, 99% used [0x93dc0000,0x9403e188,0x94040000)
  to   space 2560K, 0% used [0x93b40000,0x93b40000,0x93dc0000)
 ParOldGen       total 43776K, used 30183K [0x67000000, 0x69ac0000, 0x91ac0000)
  object space 43776K, 68% used [0x67000000,0x68d79d30,0x69ac0000)
 Metaspace       used 4957K, capacity 5004K, committed 5016K, reserved 5424K
Event: 2,965 GC heap after
Heap after GC invocations=5 (full 1):
 PSYoungGen      total 35840K, used 0K [0x91ac0000, 0x94040000, 0xa7000000)
  eden space 33280K, 0% used [0x91ac0000,0x91ac0000,0x93b40000)
  from space 2560K, 0% used [0x93dc0000,0x93dc0000,0x94040000)
  to   space 2560K, 0% used [0x93b40000,0x93b40000,0x93dc0000)
 ParOldGen       total 49408K, used 11700K [0x67000000, 0x6a040000, 0x91ac0000)
  object space 49408K, 23% used [0x67000000,0x67b6d370,0x6a040000)
 Metaspace       used 4957K, capacity 5004K, committed 5016K, reserved 5424K
}
Event: 3,163 GC heap before
{Heap before GC invocations=6 (full 1):
 PSYoungGen      total 35840K, used 33280K [0x91ac0000, 0x94040000, 0xa7000000)
  eden space 33280K, 100% used [0x91ac0000,0x93b40000,0x93b40000)
  from space 2560K, 0% used [0x93dc0000,0x93dc0000,0x94040000)
  to   space 2560K, 0% used [0x93b40000,0x93b40000,0x93dc0000)
 ParOldGen       total 49408K, used 11700K [0x67000000, 0x6a040000, 0x91ac0000)
  object space 49408K, 23% used [0x67000000,0x67b6d370,0x6a040000)
 Metaspace       used 4966K, capacity 5004K, committed 5016K, reserved 5424K

Deoptimization events (10 events):
Event: 2,130 Thread 0xb6507c00 Uncommon trap: reason=class_check action=maybe_recompile pc=0xa76af9b0 method=java.util.HashMap.putVal(ILjava/lang/Object;Ljava/lang/Object;ZZ)Ljava/lang/Object; @ 56
Event: 2,257 Thread 0xb6507c00 Uncommon trap: reason=unstable_if action=reinterpret pc=0xa772e370 method=java.util.HashMap.putVal(ILjava/lang/Object;Ljava/lang/Object;ZZ)Ljava/lang/Object; @ 162
Event: 2,257 Thread 0xb6507c00 Uncommon trap: reason=unstable_if action=reinterpret pc=0xa7723094 method=java.util.HashMap.putVal(ILjava/lang/Object;Ljava/lang/Object;ZZ)Ljava/lang/Object; @ 162
Event: 2,266 Thread 0xb6507c00 Uncommon trap: reason=predicate action=maybe_recompile pc=0xa7757764 method=com.android.dex.Leb128.writeUnsignedLeb128(Lcom/android/dex/util/ByteOutput;I)V @ 9
Event: 2,350 Thread 0xb6507c00 Uncommon trap: reason=unstable_if action=reinterpret pc=0xa7786ae8 method=sun.misc.URLClassPath.getLoader(I)Lsun/misc/URLClassPath$Loader; @ 36
Event: 2,351 Thread 0xb6507c00 Uncommon trap: reason=unstable_if action=reinterpret pc=0xa778587c method=sun.misc.URLClassPath.getLoader(I)Lsun/misc/URLClassPath$Loader; @ 36
Event: 2,351 Thread 0xb6507c00 Uncommon trap: reason=unstable_if action=reinterpret pc=0xa75d29ec method=sun.misc.MetaIndex.mayContain(Ljava/lang/String;)Z @ 13
Event: 2,428 Thread 0xb6507c00 Uncommon trap: reason=unstable_if action=reinterpret pc=0xa775ebcc method=com.android.dex.Mutf8.decode(Lcom/android/dex/util/ByteInput;[C)Ljava/lang/String; @ 37
Event: 2,444 Thread 0xb6507c00 Uncommon trap: reason=predicate action=maybe_recompile pc=0xa779ab20 method=com.android.dex.Leb128.readUnsignedLeb128(Lcom/android/dex/util/ByteInput;)I @ 41
Event: 2,626 Thread 0xb6507c00 Uncommon trap: reason=unstable_if action=reinterpret pc=0xa76cebd0 method=java.util.HashMap.getNode(ILjava/lang/Object;)Ljava/util/HashMap$Node; @ 84

Internal exceptions (6 events):
Event: 0,264 Thread 0xb6507c00 Exception <a 'java/lang/NoSuchMethodError': Method sun.misc.Unsafe.defineClass(Ljava/lang/String;[BII)Ljava/lang/Class; name or signature does not match> (0x91ad0428) thrown at [/HUDSON3/workspace/8-2-build-linux-i586/jdk8u60/4407/hotspot/src/share/vm/pri
Event: 0,264 Thread 0xb6507c00 Exception <a 'java/lang/NoSuchMethodError': Method sun.misc.Unsafe.prefetchRead(Ljava/lang/Object;J)V name or signature does not match> (0x91ad06f8) thrown at [/HUDSON3/workspace/8-2-build-linux-i586/jdk8u60/4407/hotspot/src/share/vm/prims/jni.cpp, line 3
Event: 2,351 Thread 0xb6507c00 Exception <a 'java/security/PrivilegedActionException'> (0x9272f4d8) thrown at [/HUDSON3/workspace/8-2-build-linux-i586/jdk8u60/4407/hotspot/src/share/vm/prims/jvm.cpp, line 1386]
Event: 2,351 Thread 0xb6507c00 Exception <a 'java/security/PrivilegedActionException'> (0x9272f8b8) thrown at [/HUDSON3/workspace/8-2-build-linux-i586/jdk8u60/4407/hotspot/src/share/vm/prims/jvm.cpp, line 1386]
Event: 2,351 Thread 0xb6507c00 Exception <a 'java/security/PrivilegedActionException'> (0x92731e58) thrown at [/HUDSON3/workspace/8-2-build-linux-i586/jdk8u60/4407/hotspot/src/share/vm/prims/jvm.cpp, line 1386]
Event: 2,351 Thread 0xb6507c00 Exception <a 'java/security/PrivilegedActionException'> (0x92732238) thrown at [/HUDSON3/workspace/8-2-build-linux-i586/jdk8u60/4407/hotspot/src/share/vm/prims/jvm.cpp, line 1386]

Events (10 events):
Event: 3,020 Thread 0xb6507c00 DEOPT UNPACKING pc=0xa74e9590 sp=0xb66999e8 mode 0
Event: 3,022 Thread 0xb6507c00 DEOPT PACKING pc=0xa77d246b sp=0xb6699b50
Event: 3,022 Thread 0xb6507c00 DEOPT UNPACKING pc=0xa74e9590 sp=0xb66999e8 mode 0
Event: 3,024 Thread 0xb6507c00 DEOPT PACKING pc=0xa77d246b sp=0xb6699b50
Event: 3,024 Thread 0xb6507c00 DEOPT UNPACKING pc=0xa74e9590 sp=0xb66999e8 mode 0
Event: 3,027 Thread 0xb6507c00 DEOPT PACKING pc=0xa77d246b sp=0xb6699b50
Event: 3,027 Thread 0xb6507c00 DEOPT UNPACKING pc=0xa74e9590 sp=0xb66999e8 mode 0
Event: 3,029 Thread 0xb6507c00 DEOPT PACKING pc=0xa77d246b sp=0xb6699b50
Event: 3,029 Thread 0xb6507c00 DEOPT UNPACKING pc=0xa74e9590 sp=0xb66999e8 mode 0
Event: 3,163 Executing VM operation: ParallelGCFailedAllocation


Dynamic libraries:
08048000-08049000 r-xp 00000000 08:01 458999     /usr/lib/jvm/java-8-oracle/bin/java
08049000-0804a000 rw-p 00000000 08:01 458999     /usr/lib/jvm/java-8-oracle/bin/java
090f6000-09146000 rw-p 00000000 00:00 0          [heap]
62800000-628ee000 rw-p 00000000 00:00 0 
628ee000-62900000 ---p 00000000 00:00 0 
62900000-6298c000 rw-p 00000000 00:00 0 
6298c000-62a00000 ---p 00000000 00:00 0 
62a00000-62af3000 rw-p 00000000 00:00 0 
62af3000-62b00000 ---p 00000000 00:00 0 
62c00000-62cad000 rw-p 00000000 00:00 0 
62cad000-62d00000 ---p 00000000 00:00 0 
62d00000-62da0000 rw-p 00000000 00:00 0 
62da0000-62e00000 ---p 00000000 00:00 0 
62e00000-62f00000 rw-p 00000000 00:00 0 
62f00000-62ffd000 rw-p 00000000 00:00 0 
62ffd000-63000000 ---p 00000000 00:00 0 
63000000-63100000 rw-p 00000000 00:00 0 
6310d000-63110000 ---p 00000000 00:00 0 
63110000-6315e000 rw-p 00000000 00:00 0 
6315e000-63161000 ---p 00000000 00:00 0 
63161000-631af000 rw-p 00000000 00:00 0 
631af000-631b2000 ---p 00000000 00:00 0 
631b2000-63200000 rw-p 00000000 00:00 0 
63200000-63298000 rw-p 00000000 00:00 0 
63298000-63300000 ---p 00000000 00:00 0 
63349000-6334c000 ---p 00000000 00:00 0 
6334c000-6339a000 rw-p 00000000 00:00 0 
6339a000-6339d000 ---p 00000000 00:00 0 
6339d000-633eb000 rw-p 00000000 00:00 0 
633eb000-633ec000 ---p 00000000 00:00 0 
633ec000-6346c000 rw-p 00000000 00:00 0 
6346c000-6346f000 ---p 00000000 00:00 0 
6346f000-634bd000 rw-p 00000000 00:00 0 
634bd000-634c0000 ---p 00000000 00:00 0 
634c0000-6353e000 rw-p 00000000 00:00 0 
6353e000-63541000 ---p 00000000 00:00 0 
63541000-635bf000 rw-p 00000000 00:00 0 
635bf000-635c2000 ---p 00000000 00:00 0 
635c2000-63640000 rw-p 00000000 00:00 0 
63640000-63643000 ---p 00000000 00:00 0 
63643000-63691000 rw-p 00000000 00:00 0 
63691000-636d0000 r--p 00000000 08:01 406351     /usr/lib/locale/zu_ZA.utf8/LC_CTYPE
636d0000-63800000 r--p 00000000 08:01 785816     /usr/lib/locale/ru_UA.utf8/LC_COLLATE
63800000-638fb000 rw-p 00000000 00:00 0 
638fb000-63900000 ---p 00000000 00:00 0 
63900000-63921000 rw-p 00000000 00:00 0 
63921000-63a00000 ---p 00000000 00:00 0 
63a00000-63aff000 rw-p 00000000 00:00 0 
63aff000-63b00000 ---p 00000000 00:00 0 
63b0c000-63b0d000 ---p 00000000 00:00 0 
63b0d000-63bdc000 rw-p 00000000 00:00 0 
63bdc000-63db4000 r--s 03d17000 08:01 459145     /usr/lib/jvm/java-8-oracle/jre/lib/rt.jar
63db4000-641fa000 rw-p 00000000 00:00 0 
641fa000-64200000 ---p 00000000 00:00 0 
64200000-66600000 rw-p 00000000 00:00 0 
66600000-666fd000 rw-p 00000000 00:00 0 
666fd000-66700000 ---p 00000000 00:00 0 
6672e000-66731000 ---p 00000000 00:00 0 
66731000-6677f000 rw-p 00000000 00:00 0 
6677f000-66780000 ---p 00000000 00:00 0 
66780000-66800000 rw-p 00000000 00:00 0 
66800000-668f9000 rw-p 00000000 00:00 0 
668f9000-66900000 ---p 00000000 00:00 0 
66900000-66921000 rw-p 00000000 00:00 0 
66921000-66a00000 ---p 00000000 00:00 0 
66a08000-66a24000 r--s 00393000 08:01 459123     /usr/lib/jvm/java-8-oracle/jre/lib/ext/cldrdata.jar
66a24000-66a7f000 rw-p 00000000 00:00 0 
66a7f000-66a80000 ---p 00000000 00:00 0 
66a80000-66b00000 rw-p 00000000 00:00 0 
66b00000-66b21000 rw-p 00000000 00:00 0 
66b21000-66c00000 ---p 00000000 00:00 0 
66c0f000-66c19000 r--s 00116000 08:01 459125     /usr/lib/jvm/java-8-oracle/jre/lib/ext/localedata.jar
66c19000-66c28000 r--s 000df000 08:01 1248971    /home/penpen/Android/Sdk/build-tools/23.0.0-preview/lib/dx.jar
66c28000-66c29000 ---p 00000000 00:00 0 
66c29000-66cc2000 rw-p 00000000 00:00 0 
66cc2000-66dff000 ---p 00000000 00:00 0 
66dff000-66e18000 rw-p 00000000 00:00 0 
66e18000-66f54000 ---p 00000000 00:00 0 
66f54000-66f68000 rw-p 00000000 00:00 0 
66f68000-66fff000 ---p 00000000 00:00 0 
66fff000-6a040000 rw-p 00000000 00:00 0 
6a040000-91ac0000 ---p 00000000 00:00 0 
91ac0000-94040000 rw-p 00000000 00:00 0 
979be000-97c11000 rw-p 00000000 00:00 0 
97c11000-97c40000 r--p 00000000 08:01 401695     /usr/share/locale/ru/LC_MESSAGES/libc.mo
97c40000-a7000000 ---p 00000000 00:00 0 
a7003000-a7006000 ---p 00000000 00:00 0 
a7006000-a706c000 rw-p 00000000 00:00 0 
a706c000-a706d000 ---p 00000000 00:00 0 
a706d000-a70fd000 rw-p 00000000 00:00 0 
a70fd000-a74ad000 ---p 00000000 00:00 0 
a74ad000-a78a5000 rwxp 00000000 00:00 0 
a78a5000-b64ad000 ---p 00000000 00:00 0 
b64ad000-b64c6000 r-xp 00000000 08:01 459405     /usr/lib/jvm/java-8-oracle/jre/lib/i386/libzip.so
b64c6000-b64c7000 rw-p 00019000 08:01 459405     /usr/lib/jvm/java-8-oracle/jre/lib/i386/libzip.so
b64c7000-b64d3000 r-xp 00000000 08:01 1047256    /lib/i386-linux-gnu/i686/cmov/libnss_files-2.21.so
b64d3000-b64d4000 r--p 0000b000 08:01 1047256    /lib/i386-linux-gnu/i686/cmov/libnss_files-2.21.so
b64d4000-b64d5000 rw-p 0000c000 08:01 1047256    /lib/i386-linux-gnu/i686/cmov/libnss_files-2.21.so
b64d5000-b64e0000 r-xp 00000000 08:01 1047260    /lib/i386-linux-gnu/i686/cmov/libnss_nis-2.21.so
b64e0000-b64e1000 r--p 0000a000 08:01 1047260    /lib/i386-linux-gnu/i686/cmov/libnss_nis-2.21.so
b64e1000-b64e2000 rw-p 0000b000 08:01 1047260    /lib/i386-linux-gnu/i686/cmov/libnss_nis-2.21.so
b64e6000-b64ea000 r--s 00095000 08:01 459259     /usr/lib/jvm/java-8-oracle/jre/lib/jsse.jar
b64ea000-b64eb000 r--p 00000000 08:01 785834     /usr/lib/locale/ru_RU.utf8/LC_MONETARY
b64eb000-b64ec000 r--p 00000000 08:01 785812     /usr/lib/locale/ru_UA.utf8/LC_MESSAGES/SYS_LC_MESSAGES
b64ec000-b64ed000 r--p 00000000 08:01 406350     /usr/lib/locale/zu_ZA.utf8/LC_PAPER
b64ed000-b64ee000 r--p 00000000 08:01 407190     /usr/lib/locale/yo_NG/LC_NAME
b64ee000-b64ef000 r--p 00000000 08:01 785831     /usr/lib/locale/ru_RU.utf8/LC_ADDRESS
b64ef000-b64f0000 r--p 00000000 08:01 408012     /usr/lib/locale/tt_RU@iqtelif/LC_TELEPHONE
b64f0000-b64f1000 r--p 00000000 08:01 406349     /usr/lib/locale/zu_ZA.utf8/LC_MEASUREMENT
b64f1000-b64f8000 r--s 00000000 08:01 404720     /usr/lib/i386-linux-gnu/gconv/gconv-modules.cache
b64f8000-b6500000 rw-s 00000000 08:01 2507770    /tmp/hsperfdata_penpen/18041
b6500000-b65fc000 rw-p 00000000 00:00 0 
b65fc000-b6600000 ---p 00000000 00:00 0 
b6601000-b6618000 r-xp 00000000 08:01 1047247    /lib/i386-linux-gnu/i686/cmov/libnsl-2.21.so
b6618000-b6619000 r--p 00016000 08:01 1047247    /lib/i386-linux-gnu/i686/cmov/libnsl-2.21.so
b6619000-b661a000 rw-p 00017000 08:01 1047247    /lib/i386-linux-gnu/i686/cmov/libnsl-2.21.so
b661a000-b661c000 rw-p 00000000 00:00 0 
b661c000-b6640000 r-xp 00000000 08:01 459377     /usr/lib/jvm/java-8-oracle/jre/lib/i386/libjava.so
b6640000-b6641000 rw-p 00023000 08:01 459377     /usr/lib/jvm/java-8-oracle/jre/lib/i386/libjava.so
b6641000-b6648000 r-xp 00000000 08:01 1047268    /lib/i386-linux-gnu/i686/cmov/librt-2.21.so
b6648000-b6649000 r--p 00006000 08:01 1047268    /lib/i386-linux-gnu/i686/cmov/librt-2.21.so
b6649000-b664a000 rw-p 00007000 08:01 1047268    /lib/i386-linux-gnu/i686/cmov/librt-2.21.so
b664a000-b664d000 ---p 00000000 00:00 0 
b664d000-b669b000 rw-p 00000000 00:00 0 
b669b000-b66e6000 r-xp 00000000 08:01 1047240    /lib/i386-linux-gnu/i686/cmov/libm-2.21.so
b66e6000-b66e7000 r--p 0004a000 08:01 1047240    /lib/i386-linux-gnu/i686/cmov/libm-2.21.so
b66e7000-b66e8000 rw-p 0004b000 08:01 1047240    /lib/i386-linux-gnu/i686/cmov/libm-2.21.so
b66e8000-b7068000 r-xp 00000000 08:01 459347     /usr/lib/jvm/java-8-oracle/jre/lib/i386/server/libjvm.so
b7068000-b70d5000 rw-p 00980000 08:01 459347     /usr/lib/jvm/java-8-oracle/jre/lib/i386/server/libjvm.so
b70d5000-b74fb000 rw-p 00000000 00:00 0 
b74fb000-b76ac000 r-xp 00000000 08:01 1047228    /lib/i386-linux-gnu/i686/cmov/libc-2.21.so
b76ac000-b76af000 r--p 001b0000 08:01 1047228    /lib/i386-linux-gnu/i686/cmov/libc-2.21.so
b76af000-b76b1000 rw-p 001b3000 08:01 1047228    /lib/i386-linux-gnu/i686/cmov/libc-2.21.so
b76b1000-b76b3000 rw-p 00000000 00:00 0 
b76b3000-b76b6000 r-xp 00000000 08:01 1047237    /lib/i386-linux-gnu/i686/cmov/libdl-2.21.so
b76b6000-b76b7000 r--p 00002000 08:01 1047237    /lib/i386-linux-gnu/i686/cmov/libdl-2.21.so
b76b7000-b76b8000 rw-p 00003000 08:01 1047237    /lib/i386-linux-gnu/i686/cmov/libdl-2.21.so
b76b8000-b76cc000 r-xp 00000000 08:01 460622     /usr/lib/jvm/java-8-oracle/lib/i386/jli/libjli.so
b76cc000-b76cd000 rw-p 00014000 08:01 460622     /usr/lib/jvm/java-8-oracle/lib/i386/jli/libjli.so
b76cd000-b76ce000 rw-p 00000000 00:00 0 
b76ce000-b76e7000 r-xp 00000000 08:01 1047219    /lib/i386-linux-gnu/i686/cmov/libpthread-2.21.so
b76e7000-b76e8000 r--p 00018000 08:01 1047219    /lib/i386-linux-gnu/i686/cmov/libpthread-2.21.so
b76e8000-b76e9000 rw-p 00019000 08:01 1047219    /lib/i386-linux-gnu/i686/cmov/libpthread-2.21.so
b76e9000-b76eb000 rw-p 00000000 00:00 0 
b76ee000-b76ef000 r--p 00000000 08:01 407972     /usr/lib/locale/uk_UA.utf8/LC_NUMERIC
b76ef000-b76f0000 r--p 00000000 08:01 785833     /usr/lib/locale/ru_RU.utf8/LC_TIME
b76f0000-b76f1000 r--p 00000000 08:01 785830     /usr/lib/locale/ru_RU.utf8/LC_IDENTIFICATION
b76f1000-b76f9000 r-xp 00000000 08:01 1047250    /lib/i386-linux-gnu/i686/cmov/libnss_compat-2.21.so
b76f9000-b76fa000 r--p 00007000 08:01 1047250    /lib/i386-linux-gnu/i686/cmov/libnss_compat-2.21.so
b76fa000-b76fb000 rw-p 00008000 08:01 1047250    /lib/i386-linux-gnu/i686/cmov/libnss_compat-2.21.so
b76fb000-b76fc000 rw-p 00000000 00:00 0 
b76fc000-b76fd000 ---p 00000000 00:00 0 
b76fd000-b7708000 r-xp 00000000 08:01 459397     /usr/lib/jvm/java-8-oracle/jre/lib/i386/libverify.so
b7708000-b7709000 rw-p 0000b000 08:01 459397     /usr/lib/jvm/java-8-oracle/jre/lib/i386/libverify.so
b7709000-b770b000 rw-p 00000000 00:00 0 
b770b000-b770c000 r-xp 00000000 00:00 0          [vdso]
b770c000-b772d000 r-xp 00000000 08:01 1047048    /lib/i386-linux-gnu/ld-2.21.so
b772d000-b772e000 r--p 00020000 08:01 1047048    /lib/i386-linux-gnu/ld-2.21.so
b772e000-b772f000 rw-p 00021000 08:01 1047048    /lib/i386-linux-gnu/ld-2.21.so
bfc11000-bfc12000 rwxp 00000000 00:00 0 
bfc44000-bfc65000 rw-p 00000000 00:00 0          [stack]

VM Arguments:
jvm_args: -Xmx1024M -Dfile.encoding=UTF-8 -Duser.country=RU -Duser.language=ru -Duser.variant 
java_command: com.android.dx.command.Main --dex --num-threads=4 --output /home/penpen/AndroidStudioProjects/ProfView/app/build/intermediates/dex/debug /home/penpen/AndroidStudioProjects/ProfView/app/build/intermediates/classes/debug /home/penpen/AndroidStudioProjects/ProfView/app/build/intermediates/pre-dexed/debug/support-annotations-23.0.1-7490bc9f7930b8690f99280eb8ca3b19c80ff154.jar /home/penpen/AndroidStudioProjects/ProfView/app/build/intermediates/pre-dexed/debug/classes-cbb93783849042ff154a54f2a2bb747543645933.jar /home/penpen/AndroidStudioProjects/ProfView/app/build/intermediates/pre-dexed/debug/volley-0c9a622bbccdeb0a4b94543e8a27c3b37a781d1a.jar /home/penpen/AndroidStudioProjects/ProfView/app/build/intermediates/pre-dexed/debug/internal_impl-23.0.1-9f6a68b645c79a068a6d601ce88a17e385e0c51c.jar /home/penpen/AndroidStudioProjects/ProfView/app/build/intermediates/pre-dexed/debug/classes-b159a6d71b7c5d61ad8b29b9b30dc206f976f772.jar /home/penpen/AndroidStudioProjects/ProfView/app/build/intermediates/pre-dexed/debug/classes-269f409a2a0203e7053ab084f0ce46e79fe73020.jar
java_class_path (initial): /home/penpen/Android/Sdk/build-tools/23.0.0-preview/lib/dx.jar
Launcher Type: SUN_STANDARD

Environment Variables:
PATH=/usr/local/bin:/usr/bin:/bin:/usr/local/games:/usr/games
LD_LIBRARY_PATH=/home/penpen/Programs/android-studio/bin:
SHELL=/bin/bash
DISPLAY=:0

Signal Handlers:
SIGSEGV: [libjvm.so+0x8cdb80], sa_mask[0]=11111111011111111101111111111110, sa_flags=SA_RESTART|SA_SIGINFO
SIGBUS: [libjvm.so+0x8cdb80], sa_mask[0]=11111111011111111101111111111110, sa_flags=SA_RESTART|SA_SIGINFO
SIGFPE: [libjvm.so+0x74db00], sa_mask[0]=11111111011111111101111111111110, sa_flags=SA_RESTART|SA_SIGINFO
SIGPIPE: [libjvm.so+0x74db00], sa_mask[0]=11111111011111111101111111111110, sa_flags=SA_RESTART|SA_SIGINFO
SIGXFSZ: [libjvm.so+0x74db00], sa_mask[0]=11111111011111111101111111111110, sa_flags=SA_RESTART|SA_SIGINFO
SIGILL: [libjvm.so+0x74db00], sa_mask[0]=11111111011111111101111111111110, sa_flags=SA_RESTART|SA_SIGINFO
SIGUSR1: SIG_DFL, sa_mask[0]=00000000000000000000000000000000, sa_flags=none
SIGUSR2: [libjvm.so+0x74f180], sa_mask[0]=00100000000000000000000000000000, sa_flags=SA_RESTART|SA_SIGINFO
SIGHUP: [libjvm.so+0x750630], sa_mask[0]=11111111011111111101111111111110, sa_flags=SA_RESTART|SA_SIGINFO
SIGINT: [libjvm.so+0x750630], sa_mask[0]=11111111011111111101111111111110, sa_flags=SA_RESTART|SA_SIGINFO
SIGTERM: [libjvm.so+0x750630], sa_mask[0]=11111111011111111101111111111110, sa_flags=SA_RESTART|SA_SIGINFO
SIGQUIT: [libjvm.so+0x750630], sa_mask[0]=11111111011111111101111111111110, sa_flags=SA_RESTART|SA_SIGINFO


---------------  S Y S T E M  ---------------

OS:PRETTY_NAME="Debian GNU/Linux 7 (wheezy)"
NAME="Debian GNU/Linux"
VERSION_ID="7"
VERSION="7 (wheezy)"
ID=debian
ANSI_COLOR="1;31"
HOME_URL="http://www.debian.org/"
SUPPORT_URL="http://www.debian.org/support/"
BUG_REPORT_URL="http://bugs.debian.org/"

uname:Linux 3.2.0-4-686-pae #1 SMP Debian 3.2.68-1+deb7u4 i686
libc:glibc 2.21 NPTL 2.21 
rlimit: STACK 8192k, CORE 0k, NPROC 45958, NOFILE 4096, AS infinity
load average:5,23 4,70 4,96

/proc/meminfo:
MemTotal:        5893112 kB
MemFree:          218852 kB
Buffers:           18252 kB
Cached:           519716 kB
SwapCached:            0 kB
Active:          5127152 kB
Inactive:         387320 kB
Active(anon):    5063488 kB
Inactive(anon):   326432 kB
Active(file):      63664 kB
Inactive(file):    60888 kB
Unevictable:          48 kB
Mlocked:              48 kB
HighTotal:       5043656 kB
HighFree:           1644 kB
LowTotal:         849456 kB
LowFree:          217208 kB
SwapTotal:             0 kB
SwapFree:              0 kB
Dirty:                56 kB
Writeback:             0 kB
AnonPages:       4976716 kB
Mapped:           236836 kB
Shmem:            413096 kB
Slab:             107664 kB
SReclaimable:      68152 kB
SUnreclaim:        39512 kB
KernelStack:        6768 kB
PageTables:        34224 kB
NFS_Unstable:          0 kB
Bounce:                0 kB
WritebackTmp:          0 kB
CommitLimit:     2946556 kB
Committed_AS:   12808332 kB
VmallocTotal:     122880 kB
VmallocUsed:       16564 kB
VmallocChunk:      98852 kB
HardwareCorrupted:     0 kB
AnonHugePages:         0 kB
HugePages_Total:       0
HugePages_Free:        0
HugePages_Rsvd:        0
HugePages_Surp:        0
Hugepagesize:       2048 kB
DirectMap4k:       10232 kB
DirectMap2M:      901120 kB


CPU:total 4 (2 cores per cpu, 2 threads per core) family 6 model 37 stepping 2, cmov, cx8, fxsr, mmx, sse, sse2, sse3, ssse3, sse4.1, sse4.2, popcnt, ht, tsc, tscinvbit

/proc/cpuinfo:
processor	: 0
vendor_id	: GenuineIntel
cpu family	: 6
model		: 37
model name	: Intel(R) Core(TM) i3 CPU         540  @ 3.07GHz
stepping	: 2
microcode	: 0x9
cpu MHz		: 3067.000
cache size	: 4096 KB
physical id	: 0
siblings	: 4
core id		: 0
cpu cores	: 2
apicid		: 0
initial apicid	: 0
fdiv_bug	: no
hlt_bug		: no
f00f_bug	: no
coma_bug	: no
fpu		: yes
fpu_exception	: yes
cpuid level	: 11
wp		: yes
flags		: fpu vme de pse tsc msr pae mce cx8 apic sep mtrr pge mca cmov pat pse36 clflush dts acpi mmx fxsr sse sse2 ss ht tm pbe nx rdtscp lm constant_tsc arch_perfmon pebs bts xtopology nonstop_tsc aperfmperf pni dtes64 monitor ds_cpl vmx est tm2 ssse3 cx16 xtpr pdcm sse4_1 sse4_2 popcnt lahf_lm arat dtherm tpr_shadow vnmi flexpriority ept vpid
bogomips	: 6157.53
clflush size	: 64
cache_alignment	: 64
address sizes	: 36 bits physical, 48 bits virtual
power management:

processor	: 1
vendor_id	: GenuineIntel
cpu family	: 6
model		: 37
model name	: Intel(R) Core(TM) i3 CPU         540  @ 3.07GHz
stepping	: 2
microcode	: 0x9
cpu MHz		: 3067.000
cache size	: 4096 KB
physical id	: 0
siblings	: 4
core id		: 2
cpu cores	: 2
apicid		: 4
initial apicid	: 4
fdiv_bug	: no
hlt_bug		: no
f00f_bug	: no
coma_bug	: no
fpu		: yes
fpu_exception	: yes
cpuid level	: 11
wp		: yes
flags		: fpu vme de pse tsc msr pae mce cx8 apic sep mtrr pge mca cmov pat pse36 clflush dts acpi mmx fxsr sse sse2 ss ht tm pbe nx rdtscp lm constant_tsc arch_perfmon pebs bts xtopology nonstop_tsc aperfmperf pni dtes64 monitor ds_cpl vmx est tm2 ssse3 cx16 xtpr pdcm sse4_1 sse4_2 popcnt lahf_lm arat dtherm tpr_shadow vnmi flexpriority ept vpid
bogomips	: 6157.44
clflush size	: 64
cache_alignment	: 64
address sizes	: 36 bits physical, 48 bits virtual
power management:

processor	: 2
vendor_id	: GenuineIntel
cpu family	: 6
model		: 37
model name	: Intel(R) Core(TM) i3 CPU         540  @ 3.07GHz
stepping	: 2
microcode	: 0x9
cpu MHz		: 3067.000
cache size	: 4096 KB
physical id	: 0
siblings	: 4
core id		: 0
cpu cores	: 2
apicid		: 1
initial apicid	: 1
fdiv_bug	: no
hlt_bug		: no
f00f_bug	: no
coma_bug	: no
fpu		: yes
fpu_exception	: yes
cpuid level	: 11
wp		: yes
flags		: fpu vme de pse tsc msr pae mce cx8 apic sep mtrr pge mca cmov pat pse36 clflush dts acpi mmx fxsr sse sse2 ss ht tm pbe nx rdtscp lm constant_tsc arch_perfmon pebs bts xtopology nonstop_tsc aperfmperf pni dtes64 monitor ds_cpl vmx est tm2 ssse3 cx16 xtpr pdcm sse4_1 sse4_2 popcnt lahf_lm arat dtherm tpr_shadow vnmi flexpriority ept vpid
bogomips	: 6157.41
clflush size	: 64
cache_alignment	: 64
address sizes	: 36 bits physical, 48 bits virtual
power management:

processor	: 3
vendor_id	: GenuineIntel
cpu family	: 6
model		: 37
model name	: Intel(R) Core(TM) i3 CPU         540  @ 3.07GHz
stepping	: 2
microcode	: 0x9
cpu MHz		: 3067.000
cache size	: 4096 KB
physical id	: 0
siblings	: 4
core id		: 2
cpu cores	: 2
apicid		: 5
initial apicid	: 5
fdiv_bug	: no
hlt_bug		: no
f00f_bug	: no
coma_bug	: no
fpu		: yes
fpu_exception	: yes
cpuid level	: 11
wp		: yes
flags		: fpu vme de pse tsc msr pae mce cx8 apic sep mtrr pge mca cmov pat pse36 clflush dts acpi mmx fxsr sse sse2 ss ht tm pbe nx rdtscp lm constant_tsc arch_perfmon pebs bts xtopology nonstop_tsc aperfmperf pni dtes64 monitor ds_cpl vmx est tm2 ssse3 cx16 xtpr pdcm sse4_1 sse4_2 popcnt lahf_lm arat dtherm tpr_shadow vnmi flexpriority ept vpid
bogomips	: 6157.42
clflush size	: 64
cache_alignment	: 64
address sizes	: 36 bits physical, 48 bits virtual
power management:



Memory: 4k page, physical 5893112k(218852k free), swap 0k(0k free)

vm_info: Java HotSpot(TM) Server VM (25.60-b23) for linux-x86 JRE (1.8.0_60-b27), built on Aug  4 2015 10:44:54 by "java_re" with gcc 4.3.0 20080428 (Red Hat 4.3.0-8)

time: Tue Oct 13 02:18:59 2015
elapsed time: 3 seconds (0d 0h 0m 3s)

